<?xml version="1.0" encoding="UTF-8"?>
<robot generator="Robot 6.1.1 (Python 3.11.4 on win32)" generated="20230823 12:21:34.084" rpa="false" schemaversion="4">
<suite id="s1" name="TestCases" source="C:\Users\Praveen\PycharmProjects\pythonProject6\TestCases">
<suite id="s1-s1" name="Sample5" source="C:\Users\Praveen\PycharmProjects\pythonProject6\TestCases\sample5.robot">
<test id="s1-s1-t1" name="TC1" line="6">
<kw name="Open Browser" library="SeleniumLibrary">
<arg>https://testautomationpractice.blogspot.com/</arg>
<arg>chrome</arg>
<doc>Opens a new browser instance to the optional ``url``.</doc>
<msg timestamp="20230823 12:21:34.591" level="INFO">Opening browser 'chrome' to base url 'https://testautomationpractice.blogspot.com/'.</msg>
<status status="PASS" starttime="20230823 12:21:34.589" endtime="20230823 12:21:47.495"/>
</kw>
<kw name="Maximize Browser Window" library="SeleniumLibrary">
<doc>Maximizes current browser window.</doc>
<status status="PASS" starttime="20230823 12:21:47.496" endtime="20230823 12:21:47.673"/>
</kw>
<kw name="Log To Console" library="BuiltIn">
<arg>chromebrowser launched and navigated successfully</arg>
<doc>Logs the given message to the console.</doc>
<status status="PASS" starttime="20230823 12:21:47.674" endtime="20230823 12:21:47.674"/>
</kw>
<doc>launching browser</doc>
<tag>sanity</tag>
<status status="PASS" starttime="20230823 12:21:34.588" endtime="20230823 12:21:47.675"/>
</test>
<test id="s1-s1-t2" name="TC2" line="12">
<kw name="Input Text" library="SeleniumLibrary">
<arg>//input[@id='name']</arg>
<arg>veenu</arg>
<doc>Types the given ``text`` into the text field identified by ``locator``.</doc>
<msg timestamp="20230823 12:21:47.678" level="INFO">Typing text 'veenu' into text field '//input[@id='name']'.</msg>
<status status="PASS" starttime="20230823 12:21:47.677" endtime="20230823 12:21:47.987"/>
</kw>
<kw name="Capture Element Screenshot" library="SeleniumLibrary">
<arg>//input[@id='name']</arg>
<arg>C:/Users/Praveen/PycharmProjects/pythonProject6/screenshots/name.png</arg>
<doc>Captures a screenshot from the element identified by ``locator`` and embeds it into log file.</doc>
<msg timestamp="20230823 12:21:48.412" level="INFO" html="true">&lt;/td&gt;&lt;/tr&gt;&lt;tr&gt;&lt;td colspan="3"&gt;&lt;a href="../../../screenshots/name.png"&gt;&lt;img src="../../../screenshots/name.png" width="400px"&gt;&lt;/a&gt;</msg>
<status status="PASS" starttime="20230823 12:21:47.988" endtime="20230823 12:21:48.412"/>
</kw>
<kw name="Clear Element Text" library="SeleniumLibrary">
<arg>//input[@id='name']</arg>
<doc>Clears the value of the text-input-element identified by ``locator``.</doc>
<status status="PASS" starttime="20230823 12:21:48.412" endtime="20230823 12:21:48.600"/>
</kw>
<kw name="Input Text" library="SeleniumLibrary">
<arg>//input[@id='name']</arg>
<arg>veenu</arg>
<doc>Types the given ``text`` into the text field identified by ``locator``.</doc>
<msg timestamp="20230823 12:21:48.602" level="INFO">Typing text 'veenu' into text field '//input[@id='name']'.</msg>
<status status="PASS" starttime="20230823 12:21:48.601" endtime="20230823 12:21:48.787"/>
</kw>
<kw name="Input Text" library="SeleniumLibrary">
<arg>//input[@id='email']</arg>
<arg>veenu@gmail.com</arg>
<doc>Types the given ``text`` into the text field identified by ``locator``.</doc>
<msg timestamp="20230823 12:21:48.789" level="INFO">Typing text 'veenu@gmail.com' into text field '//input[@id='email']'.</msg>
<status status="PASS" starttime="20230823 12:21:48.788" endtime="20230823 12:21:49.320"/>
</kw>
<kw name="Select Radio Button" library="SeleniumLibrary">
<arg>gender</arg>
<arg>male</arg>
<doc>Sets the radio button group ``group_name`` to ``value``.</doc>
<msg timestamp="20230823 12:21:49.322" level="INFO">Selecting 'male' from radio button 'gender'.</msg>
<status status="PASS" starttime="20230823 12:21:49.321" endtime="20230823 12:21:49.484"/>
</kw>
<kw name="Select Checkbox" library="SeleniumLibrary">
<arg>id:sunday</arg>
<doc>Selects the checkbox identified by ``locator``.</doc>
<msg timestamp="20230823 12:21:49.486" level="INFO">Selecting checkbox 'id:sunday'.</msg>
<status status="PASS" starttime="20230823 12:21:49.485" endtime="20230823 12:21:49.715"/>
</kw>
<kw name="Select Checkbox" library="SeleniumLibrary">
<arg>id:wednesday</arg>
<doc>Selects the checkbox identified by ``locator``.</doc>
<msg timestamp="20230823 12:21:49.716" level="INFO">Selecting checkbox 'id:wednesday'.</msg>
<status status="PASS" starttime="20230823 12:21:49.715" endtime="20230823 12:21:49.834"/>
</kw>
<kw name="Scroll Element Into View" library="SeleniumLibrary">
<arg>//label[contains(text(),'Country:')]</arg>
<doc>Scrolls the element identified by ``locator`` into view.</doc>
<status status="PASS" starttime="20230823 12:21:49.835" endtime="20230823 12:21:50.156"/>
</kw>
<kw name="Select From List By Label" library="SeleniumLibrary">
<arg>//select[@id='country']</arg>
<arg>India</arg>
<doc>Selects options from selection list ``locator`` by ``labels``.</doc>
<msg timestamp="20230823 12:21:50.161" level="INFO">Selecting options from selection list '//select[@id='country']' by label India.</msg>
<status status="PASS" starttime="20230823 12:21:50.157" endtime="20230823 12:21:50.345"/>
</kw>
<kw name="Set Selenium Implicit Wait" library="SeleniumLibrary">
<arg>1second</arg>
<doc>Sets the implicit wait value used by Selenium.</doc>
<status status="PASS" starttime="20230823 12:21:50.345" endtime="20230823 12:21:50.348"/>
</kw>
<kw name="Get Selenium Implicit Wait" library="SeleniumLibrary">
<var>${getseltimout}</var>
<doc>Gets the implicit wait value used by Selenium.</doc>
<msg timestamp="20230823 12:21:50.349" level="INFO">${getseltimout} = 1 second</msg>
<status status="PASS" starttime="20230823 12:21:50.348" endtime="20230823 12:21:50.349"/>
</kw>
<kw name="Log To Console" library="BuiltIn">
<arg>default Selenium timeout :${getseltimout}</arg>
<doc>Logs the given message to the console.</doc>
<status status="PASS" starttime="20230823 12:21:50.350" endtime="20230823 12:21:50.351"/>
</kw>
<kw name="Set Selenium Timeout" library="SeleniumLibrary">
<arg>3seconds</arg>
<doc>Sets the timeout that is used by various keywords.</doc>
<status status="PASS" starttime="20230823 12:21:50.351" endtime="20230823 12:21:50.354"/>
</kw>
<kw name="Get Selenium Timeout" library="SeleniumLibrary">
<var>${getseltimout}</var>
<doc>Gets the timeout that is used by various keywords.</doc>
<msg timestamp="20230823 12:21:50.355" level="INFO">${getseltimout} = 3 seconds</msg>
<status status="PASS" starttime="20230823 12:21:50.354" endtime="20230823 12:21:50.355"/>
</kw>
<kw name="Get Selenium Speed" library="SeleniumLibrary">
<var>${getselspeed}</var>
<doc>Gets the delay that is waited after each Selenium command.</doc>
<msg timestamp="20230823 12:21:50.355" level="INFO">${getselspeed} = 0 seconds</msg>
<status status="PASS" starttime="20230823 12:21:50.355" endtime="20230823 12:21:50.355"/>
</kw>
<kw name="Log To Console" library="BuiltIn">
<arg>New Selenium timeout :</arg>
<arg>${getseltimout}</arg>
<doc>Logs the given message to the console.</doc>
<status status="PASS" starttime="20230823 12:21:50.356" endtime="20230823 12:21:50.356"/>
</kw>
<kw name="Log To Console" library="BuiltIn">
<arg>current selenium speed :</arg>
<arg>${getselspeed}</arg>
<doc>Logs the given message to the console.</doc>
<status status="PASS" starttime="20230823 12:21:50.357" endtime="20230823 12:21:50.358"/>
</kw>
<doc>Working on web elements</doc>
<tag>sanity</tag>
<status status="PASS" starttime="20230823 12:21:47.676" endtime="20230823 12:21:50.358"/>
</test>
<test id="s1-s1-t3" name="TC3" line="36">
<kw name="Get Element Count" library="SeleniumLibrary">
<var>${linkscount}</var>
<arg>xpath://a</arg>
<doc>Returns the number of elements matching ``locator``.</doc>
<msg timestamp="20230823 12:21:50.416" level="INFO">${linkscount} = 13</msg>
<status status="PASS" starttime="20230823 12:21:50.360" endtime="20230823 12:21:50.416"/>
</kw>
<kw name="Convert To Integer" library="BuiltIn">
<arg>${linkscount}</arg>
<doc>Converts the given item to an integer number.</doc>
<status status="PASS" starttime="20230823 12:21:50.416" endtime="20230823 12:21:50.417"/>
</kw>
<kw name="Log To Console" library="BuiltIn">
<arg>total links on page :${linkscount}</arg>
<doc>Logs the given message to the console.</doc>
<status status="PASS" starttime="20230823 12:21:50.417" endtime="20230823 12:21:50.418"/>
</kw>
<kw name="Create List" library="BuiltIn">
<var>@{allpagelinks}</var>
<doc>Returns a list containing given items.</doc>
<msg timestamp="20230823 12:21:50.419" level="INFO">@{allpagelinks} = [ ]</msg>
<status status="PASS" starttime="20230823 12:21:50.418" endtime="20230823 12:21:50.419"/>
</kw>
<for flavor="IN RANGE">
<var>${i}</var>
<value>1</value>
<value>${linkscount}+1</value>
<iter>
<var name="${i}">1</var>
<kw name="Get Text" library="SeleniumLibrary">
<var>${linkscount}</var>
<arg>xpath:(//a)[${i}]</arg>
<doc>Returns the text value of the element identified by ``locator``.</doc>
<msg timestamp="20230823 12:21:50.567" level="INFO">${linkscount} = </msg>
<status status="PASS" starttime="20230823 12:21:50.421" endtime="20230823 12:21:50.568"/>
</kw>
<kw name="Log To Console" library="BuiltIn">
<arg>${linkscount}</arg>
<doc>Logs the given message to the console.</doc>
<status status="PASS" starttime="20230823 12:21:50.568" endtime="20230823 12:21:50.569"/>
</kw>
<status status="PASS" starttime="20230823 12:21:50.420" endtime="20230823 12:21:50.569"/>
</iter>
<iter>
<var name="${i}">2</var>
<kw name="Get Text" library="SeleniumLibrary">
<var>${linkscount}</var>
<arg>xpath:(//a)[${i}]</arg>
<doc>Returns the text value of the element identified by ``locator``.</doc>
<msg timestamp="20230823 12:21:50.654" level="INFO">${linkscount} = open cart</msg>
<status status="PASS" starttime="20230823 12:21:50.570" endtime="20230823 12:21:50.654"/>
</kw>
<kw name="Log To Console" library="BuiltIn">
<arg>${linkscount}</arg>
<doc>Logs the given message to the console.</doc>
<status status="PASS" starttime="20230823 12:21:50.654" endtime="20230823 12:21:50.655"/>
</kw>
<status status="PASS" starttime="20230823 12:21:50.569" endtime="20230823 12:21:50.655"/>
</iter>
<iter>
<var name="${i}">3</var>
<kw name="Get Text" library="SeleniumLibrary">
<var>${linkscount}</var>
<arg>xpath:(//a)[${i}]</arg>
<doc>Returns the text value of the element identified by ``locator``.</doc>
<msg timestamp="20230823 12:21:50.699" level="INFO">${linkscount} = orange HRM</msg>
<status status="PASS" starttime="20230823 12:21:50.656" endtime="20230823 12:21:50.699"/>
</kw>
<kw name="Log To Console" library="BuiltIn">
<arg>${linkscount}</arg>
<doc>Logs the given message to the console.</doc>
<status status="PASS" starttime="20230823 12:21:50.700" endtime="20230823 12:21:50.700"/>
</kw>
<status status="PASS" starttime="20230823 12:21:50.656" endtime="20230823 12:21:50.701"/>
</iter>
<iter>
<var name="${i}">4</var>
<kw name="Get Text" library="SeleniumLibrary">
<var>${linkscount}</var>
<arg>xpath:(//a)[${i}]</arg>
<doc>Returns the text value of the element identified by ``locator``.</doc>
<msg timestamp="20230823 12:21:50.733" level="INFO">${linkscount} = Home</msg>
<status status="PASS" starttime="20230823 12:21:50.701" endtime="20230823 12:21:50.733"/>
</kw>
<kw name="Log To Console" library="BuiltIn">
<arg>${linkscount}</arg>
<doc>Logs the given message to the console.</doc>
<status status="PASS" starttime="20230823 12:21:50.733" endtime="20230823 12:21:50.734"/>
</kw>
<status status="PASS" starttime="20230823 12:21:50.701" endtime="20230823 12:21:50.734"/>
</iter>
<iter>
<var name="${i}">5</var>
<kw name="Get Text" library="SeleniumLibrary">
<var>${linkscount}</var>
<arg>xpath:(//a)[${i}]</arg>
<doc>Returns the text value of the element identified by ``locator``.</doc>
<msg timestamp="20230823 12:21:50.769" level="INFO">${linkscount} = Posts (Atom)</msg>
<status status="PASS" starttime="20230823 12:21:50.735" endtime="20230823 12:21:50.769"/>
</kw>
<kw name="Log To Console" library="BuiltIn">
<arg>${linkscount}</arg>
<doc>Logs the given message to the console.</doc>
<status status="PASS" starttime="20230823 12:21:50.770" endtime="20230823 12:21:50.770"/>
</kw>
<status status="PASS" starttime="20230823 12:21:50.734" endtime="20230823 12:21:50.771"/>
</iter>
<iter>
<var name="${i}">6</var>
<kw name="Get Text" library="SeleniumLibrary">
<var>${linkscount}</var>
<arg>xpath:(//a)[${i}]</arg>
<doc>Returns the text value of the element identified by ``locator``.</doc>
<msg timestamp="20230823 12:21:50.817" level="INFO">${linkscount} = 1</msg>
<status status="PASS" starttime="20230823 12:21:50.771" endtime="20230823 12:21:50.817"/>
</kw>
<kw name="Log To Console" library="BuiltIn">
<arg>${linkscount}</arg>
<doc>Logs the given message to the console.</doc>
<status status="PASS" starttime="20230823 12:21:50.817" endtime="20230823 12:21:50.818"/>
</kw>
<status status="PASS" starttime="20230823 12:21:50.771" endtime="20230823 12:21:50.818"/>
</iter>
<iter>
<var name="${i}">7</var>
<kw name="Get Text" library="SeleniumLibrary">
<var>${linkscount}</var>
<arg>xpath:(//a)[${i}]</arg>
<doc>Returns the text value of the element identified by ``locator``.</doc>
<msg timestamp="20230823 12:21:50.887" level="INFO">${linkscount} = 2</msg>
<status status="PASS" starttime="20230823 12:21:50.819" endtime="20230823 12:21:50.887"/>
</kw>
<kw name="Log To Console" library="BuiltIn">
<arg>${linkscount}</arg>
<doc>Logs the given message to the console.</doc>
<status status="PASS" starttime="20230823 12:21:50.887" endtime="20230823 12:21:50.888"/>
</kw>
<status status="PASS" starttime="20230823 12:21:50.819" endtime="20230823 12:21:50.888"/>
</iter>
<iter>
<var name="${i}">8</var>
<kw name="Get Text" library="SeleniumLibrary">
<var>${linkscount}</var>
<arg>xpath:(//a)[${i}]</arg>
<doc>Returns the text value of the element identified by ``locator``.</doc>
<msg timestamp="20230823 12:21:50.923" level="INFO">${linkscount} = 3</msg>
<status status="PASS" starttime="20230823 12:21:50.889" endtime="20230823 12:21:50.923"/>
</kw>
<kw name="Log To Console" library="BuiltIn">
<arg>${linkscount}</arg>
<doc>Logs the given message to the console.</doc>
<status status="PASS" starttime="20230823 12:21:50.924" endtime="20230823 12:21:50.924"/>
</kw>
<status status="PASS" starttime="20230823 12:21:50.889" endtime="20230823 12:21:50.925"/>
</iter>
<iter>
<var name="${i}">9</var>
<kw name="Get Text" library="SeleniumLibrary">
<var>${linkscount}</var>
<arg>xpath:(//a)[${i}]</arg>
<doc>Returns the text value of the element identified by ``locator``.</doc>
<msg timestamp="20230823 12:21:51.083" level="INFO">${linkscount} = 4</msg>
<status status="PASS" starttime="20230823 12:21:50.925" endtime="20230823 12:21:51.083"/>
</kw>
<kw name="Log To Console" library="BuiltIn">
<arg>${linkscount}</arg>
<doc>Logs the given message to the console.</doc>
<status status="PASS" starttime="20230823 12:21:51.083" endtime="20230823 12:21:51.084"/>
</kw>
<status status="PASS" starttime="20230823 12:21:50.925" endtime="20230823 12:21:51.084"/>
</iter>
<iter>
<var name="${i}">10</var>
<kw name="Get Text" library="SeleniumLibrary">
<var>${linkscount}</var>
<arg>xpath:(//a)[${i}]</arg>
<doc>Returns the text value of the element identified by ``locator``.</doc>
<msg timestamp="20230823 12:21:51.168" level="INFO">${linkscount} = </msg>
<status status="PASS" starttime="20230823 12:21:51.085" endtime="20230823 12:21:51.168"/>
</kw>
<kw name="Log To Console" library="BuiltIn">
<arg>${linkscount}</arg>
<doc>Logs the given message to the console.</doc>
<status status="PASS" starttime="20230823 12:21:51.169" endtime="20230823 12:21:51.170"/>
</kw>
<status status="PASS" starttime="20230823 12:21:51.084" endtime="20230823 12:21:51.170"/>
</iter>
<iter>
<var name="${i}">11</var>
<kw name="Get Text" library="SeleniumLibrary">
<var>${linkscount}</var>
<arg>xpath:(//a)[${i}]</arg>
<doc>Returns the text value of the element identified by ``locator``.</doc>
<msg timestamp="20230823 12:21:51.205" level="INFO">${linkscount} = </msg>
<status status="PASS" starttime="20230823 12:21:51.171" endtime="20230823 12:21:51.205"/>
</kw>
<kw name="Log To Console" library="BuiltIn">
<arg>${linkscount}</arg>
<doc>Logs the given message to the console.</doc>
<status status="PASS" starttime="20230823 12:21:51.205" endtime="20230823 12:21:51.206"/>
</kw>
<status status="PASS" starttime="20230823 12:21:51.171" endtime="20230823 12:21:51.206"/>
</iter>
<iter>
<var name="${i}">12</var>
<kw name="Get Text" library="SeleniumLibrary">
<var>${linkscount}</var>
<arg>xpath:(//a)[${i}]</arg>
<doc>Returns the text value of the element identified by ``locator``.</doc>
<msg timestamp="20230823 12:21:51.240" level="INFO">${linkscount} = mariusFM77</msg>
<status status="PASS" starttime="20230823 12:21:51.207" endtime="20230823 12:21:51.240"/>
</kw>
<kw name="Log To Console" library="BuiltIn">
<arg>${linkscount}</arg>
<doc>Logs the given message to the console.</doc>
<status status="PASS" starttime="20230823 12:21:51.240" endtime="20230823 12:21:51.241"/>
</kw>
<status status="PASS" starttime="20230823 12:21:51.206" endtime="20230823 12:21:51.241"/>
</iter>
<iter>
<var name="${i}">13</var>
<kw name="Get Text" library="SeleniumLibrary">
<var>${linkscount}</var>
<arg>xpath:(//a)[${i}]</arg>
<doc>Returns the text value of the element identified by ``locator``.</doc>
<msg timestamp="20230823 12:21:51.272" level="INFO">${linkscount} = Blogger</msg>
<status status="PASS" starttime="20230823 12:21:51.242" endtime="20230823 12:21:51.272"/>
</kw>
<kw name="Log To Console" library="BuiltIn">
<arg>${linkscount}</arg>
<doc>Logs the given message to the console.</doc>
<status status="PASS" starttime="20230823 12:21:51.273" endtime="20230823 12:21:51.274"/>
</kw>
<status status="PASS" starttime="20230823 12:21:51.241" endtime="20230823 12:21:51.274"/>
</iter>
<status status="PASS" starttime="20230823 12:21:50.419" endtime="20230823 12:21:51.274"/>
</for>
<doc>getting list count and names</doc>
<tag>regression</tag>
<status status="PASS" starttime="20230823 12:21:50.359" endtime="20230823 12:21:51.274"/>
</test>
<test id="s1-s1-t4" name="TC4" line="48">
<kw name="Get Element Count" library="SeleniumLibrary">
<var>${textscount}</var>
<arg>xpath://input[@type="text"]</arg>
<doc>Returns the number of elements matching ``locator``.</doc>
<msg timestamp="20230823 12:21:51.296" level="INFO">${textscount} = 7</msg>
<status status="PASS" starttime="20230823 12:21:51.276" endtime="20230823 12:21:51.296"/>
</kw>
<kw name="Log To Console" library="BuiltIn">
<arg>total textboxes on page :${textscount}</arg>
<doc>Logs the given message to the console.</doc>
<status status="PASS" starttime="20230823 12:21:51.296" endtime="20230823 12:21:51.297"/>
</kw>
<for flavor="IN RANGE">
<var>${i}</var>
<value>1</value>
<value>${textscount}</value>
<iter>
<var name="${i}">1</var>
<kw name="Get Text" library="SeleniumLibrary">
<var>${textnames}</var>
<arg>xpath:(//input)[${i}]</arg>
<doc>Returns the text value of the element identified by ``locator``.</doc>
<msg timestamp="20230823 12:21:51.330" level="INFO">${textnames} = </msg>
<status status="PASS" starttime="20230823 12:21:51.299" endtime="20230823 12:21:51.330"/>
</kw>
<kw name="Log To Console" library="BuiltIn">
<arg>${textnames}</arg>
<doc>Logs the given message to the console.</doc>
<status status="PASS" starttime="20230823 12:21:51.330" endtime="20230823 12:21:51.331"/>
</kw>
<status status="PASS" starttime="20230823 12:21:51.298" endtime="20230823 12:21:51.331"/>
</iter>
<iter>
<var name="${i}">2</var>
<kw name="Get Text" library="SeleniumLibrary">
<var>${textnames}</var>
<arg>xpath:(//input)[${i}]</arg>
<doc>Returns the text value of the element identified by ``locator``.</doc>
<msg timestamp="20230823 12:21:51.375" level="INFO">${textnames} = </msg>
<status status="PASS" starttime="20230823 12:21:51.332" endtime="20230823 12:21:51.375"/>
</kw>
<kw name="Log To Console" library="BuiltIn">
<arg>${textnames}</arg>
<doc>Logs the given message to the console.</doc>
<status status="PASS" starttime="20230823 12:21:51.375" endtime="20230823 12:21:51.376"/>
</kw>
<status status="PASS" starttime="20230823 12:21:51.332" endtime="20230823 12:21:51.376"/>
</iter>
<iter>
<var name="${i}">3</var>
<kw name="Get Text" library="SeleniumLibrary">
<var>${textnames}</var>
<arg>xpath:(//input)[${i}]</arg>
<doc>Returns the text value of the element identified by ``locator``.</doc>
<msg timestamp="20230823 12:21:51.417" level="INFO">${textnames} = </msg>
<status status="PASS" starttime="20230823 12:21:51.377" endtime="20230823 12:21:51.418"/>
</kw>
<kw name="Log To Console" library="BuiltIn">
<arg>${textnames}</arg>
<doc>Logs the given message to the console.</doc>
<status status="PASS" starttime="20230823 12:21:51.418" endtime="20230823 12:21:51.418"/>
</kw>
<status status="PASS" starttime="20230823 12:21:51.377" endtime="20230823 12:21:51.419"/>
</iter>
<iter>
<var name="${i}">4</var>
<kw name="Get Text" library="SeleniumLibrary">
<var>${textnames}</var>
<arg>xpath:(//input)[${i}]</arg>
<doc>Returns the text value of the element identified by ``locator``.</doc>
<msg timestamp="20230823 12:21:51.452" level="INFO">${textnames} = </msg>
<status status="PASS" starttime="20230823 12:21:51.419" endtime="20230823 12:21:51.452"/>
</kw>
<kw name="Log To Console" library="BuiltIn">
<arg>${textnames}</arg>
<doc>Logs the given message to the console.</doc>
<status status="PASS" starttime="20230823 12:21:51.453" endtime="20230823 12:21:51.453"/>
</kw>
<status status="PASS" starttime="20230823 12:21:51.419" endtime="20230823 12:21:51.453"/>
</iter>
<iter>
<var name="${i}">5</var>
<kw name="Get Text" library="SeleniumLibrary">
<var>${textnames}</var>
<arg>xpath:(//input)[${i}]</arg>
<doc>Returns the text value of the element identified by ``locator``.</doc>
<msg timestamp="20230823 12:21:51.484" level="INFO">${textnames} = </msg>
<status status="PASS" starttime="20230823 12:21:51.454" endtime="20230823 12:21:51.484"/>
</kw>
<kw name="Log To Console" library="BuiltIn">
<arg>${textnames}</arg>
<doc>Logs the given message to the console.</doc>
<status status="PASS" starttime="20230823 12:21:51.485" endtime="20230823 12:21:51.485"/>
</kw>
<status status="PASS" starttime="20230823 12:21:51.454" endtime="20230823 12:21:51.485"/>
</iter>
<iter>
<var name="${i}">6</var>
<kw name="Get Text" library="SeleniumLibrary">
<var>${textnames}</var>
<arg>xpath:(//input)[${i}]</arg>
<doc>Returns the text value of the element identified by ``locator``.</doc>
<msg timestamp="20230823 12:21:51.517" level="INFO">${textnames} = </msg>
<status status="PASS" starttime="20230823 12:21:51.486" endtime="20230823 12:21:51.517"/>
</kw>
<kw name="Log To Console" library="BuiltIn">
<arg>${textnames}</arg>
<doc>Logs the given message to the console.</doc>
<status status="PASS" starttime="20230823 12:21:51.518" endtime="20230823 12:21:51.518"/>
</kw>
<status status="PASS" starttime="20230823 12:21:51.486" endtime="20230823 12:21:51.519"/>
</iter>
<status status="PASS" starttime="20230823 12:21:51.297" endtime="20230823 12:21:51.519"/>
</for>
<kw name="Capture Page Screenshot" library="SeleniumLibrary">
<arg>C:/Users/Praveen/PycharmProjects/pythonProject6/screenshots/ssht1.png</arg>
<doc>Takes a screenshot of the current page and embeds it into a log file.</doc>
<msg timestamp="20230823 12:21:51.660" level="INFO" html="true">&lt;/td&gt;&lt;/tr&gt;&lt;tr&gt;&lt;td colspan="3"&gt;&lt;a href="../../../screenshots/ssht1.png"&gt;&lt;img src="../../../screenshots/ssht1.png" width="800px"&gt;&lt;/a&gt;</msg>
<status status="PASS" starttime="20230823 12:21:51.519" endtime="20230823 12:21:51.660"/>
</kw>
<doc>getting textbox count and names</doc>
<tag>unit</tag>
<status status="PASS" starttime="20230823 12:21:51.275" endtime="20230823 12:21:51.660"/>
</test>
<status status="PASS" starttime="20230823 12:21:34.149" endtime="20230823 12:21:51.662"/>
</suite>
<status status="PASS" starttime="20230823 12:21:34.102" endtime="20230823 12:21:51.665"/>
</suite>
<statistics>
<total>
<stat pass="4" fail="0" skip="0">All Tests</stat>
</total>
<tag>
<stat pass="1" fail="0" skip="0">regression</stat>
<stat pass="2" fail="0" skip="0">sanity</stat>
<stat pass="1" fail="0" skip="0">unit</stat>
</tag>
<suite>
<stat pass="4" fail="0" skip="0" id="s1" name="TestCases">TestCases</stat>
<stat pass="4" fail="0" skip="0" id="s1-s1" name="Sample5">TestCases.Sample5</stat>
</suite>
</statistics>
<errors>
</errors>
</robot>
