<?xml version="1.0" encoding="UTF-8"?>
<robot generator="Robot 6.1.1 (Python 3.11.4 on win32)" generated="20230823 15:06:03.994" rpa="false" schemaversion="4">
<suite id="s1" name="Sample1" source="C:\Users\Praveen\PycharmProjects\pythonProject6\TestCases\sample1.robot">
<test id="s1-t1" name="TC1" line="8">
<kw name="Open Browser" library="SeleniumLibrary">
<arg>https://testautomationpractice.blogspot.com/</arg>
<arg>chrome</arg>
<doc>Opens a new browser instance to the optional ``url``.</doc>
<msg timestamp="20230823 15:06:05.209" level="INFO">Opening browser 'chrome' to base url 'https://testautomationpractice.blogspot.com/'.</msg>
<status status="PASS" starttime="20230823 15:06:05.208" endtime="20230823 15:06:14.467"/>
</kw>
<kw name="Maximize Browser Window" library="SeleniumLibrary">
<doc>Maximizes current browser window.</doc>
<status status="PASS" starttime="20230823 15:06:14.470" endtime="20230823 15:06:14.603"/>
</kw>
<kw name="Log To Console" library="BuiltIn">
<arg>chromebrowser launched and navigated successfully</arg>
<doc>Logs the given message to the console.</doc>
<status status="PASS" starttime="20230823 15:06:14.604" endtime="20230823 15:06:14.606"/>
</kw>
<doc>launching browser</doc>
<tag>sanity</tag>
<status status="PASS" starttime="20230823 15:06:05.206" endtime="20230823 15:06:14.607"/>
</test>
<test id="s1-t2" name="TC2" line="14">
<kw name="Input Text" library="SeleniumLibrary">
<arg>//input[@id='name']</arg>
<arg>veenu</arg>
<doc>Types the given ``text`` into the text field identified by ``locator``.</doc>
<msg timestamp="20230823 15:06:14.624" level="INFO">Typing text 'veenu' into text field '//input[@id='name']'.</msg>
<status status="PASS" starttime="20230823 15:06:14.622" endtime="20230823 15:06:14.772"/>
</kw>
<kw name="Capture Element Screenshot" library="SeleniumLibrary">
<arg>//input[@id='name']</arg>
<arg>C:/Users/Praveen/PycharmProjects/pythonProject6/screenshots/name.png</arg>
<doc>Captures a screenshot from the element identified by ``locator`` and embeds it into log file.</doc>
<msg timestamp="20230823 15:06:14.886" level="INFO" html="true">&lt;/td&gt;&lt;/tr&gt;&lt;tr&gt;&lt;td colspan="3"&gt;&lt;a href="../../screenshots/name.png"&gt;&lt;img src="../../screenshots/name.png" width="400px"&gt;&lt;/a&gt;</msg>
<status status="PASS" starttime="20230823 15:06:14.774" endtime="20230823 15:06:14.886"/>
</kw>
<kw name="Clear Element Text" library="SeleniumLibrary">
<arg>//input[@id='name']</arg>
<doc>Clears the value of the text-input-element identified by ``locator``.</doc>
<status status="PASS" starttime="20230823 15:06:14.887" endtime="20230823 15:06:14.933"/>
</kw>
<kw name="Input Text" library="SeleniumLibrary">
<arg>//input[@id='name']</arg>
<arg>veenu</arg>
<doc>Types the given ``text`` into the text field identified by ``locator``.</doc>
<msg timestamp="20230823 15:06:14.935" level="INFO">Typing text 'veenu' into text field '//input[@id='name']'.</msg>
<status status="PASS" starttime="20230823 15:06:14.934" endtime="20230823 15:06:15.030"/>
</kw>
<kw name="Input Text" library="SeleniumLibrary">
<arg>//input[@id='email']</arg>
<arg>veenu@gmail.com</arg>
<doc>Types the given ``text`` into the text field identified by ``locator``.</doc>
<msg timestamp="20230823 15:06:15.034" level="INFO">Typing text 'veenu@gmail.com' into text field '//input[@id='email']'.</msg>
<status status="PASS" starttime="20230823 15:06:15.033" endtime="20230823 15:06:15.144"/>
</kw>
<kw name="Select Radio Button" library="SeleniumLibrary">
<arg>gender</arg>
<arg>male</arg>
<doc>Sets the radio button group ``group_name`` to ``value``.</doc>
<msg timestamp="20230823 15:06:15.147" level="INFO">Selecting 'male' from radio button 'gender'.</msg>
<status status="PASS" starttime="20230823 15:06:15.146" endtime="20230823 15:06:15.229"/>
</kw>
<kw name="Select Checkbox" library="SeleniumLibrary">
<arg>id:sunday</arg>
<doc>Selects the checkbox identified by ``locator``.</doc>
<msg timestamp="20230823 15:06:15.233" level="INFO">Selecting checkbox 'id:sunday'.</msg>
<status status="PASS" starttime="20230823 15:06:15.231" endtime="20230823 15:06:15.315"/>
</kw>
<kw name="Select Checkbox" library="SeleniumLibrary">
<arg>id:wednesday</arg>
<doc>Selects the checkbox identified by ``locator``.</doc>
<msg timestamp="20230823 15:06:15.318" level="INFO">Selecting checkbox 'id:wednesday'.</msg>
<status status="PASS" starttime="20230823 15:06:15.317" endtime="20230823 15:06:15.395"/>
</kw>
<kw name="Scroll Element Into View" library="SeleniumLibrary">
<arg>//label[contains(text(),'Country:')]</arg>
<doc>Scrolls the element identified by ``locator`` into view.</doc>
<status status="PASS" starttime="20230823 15:06:15.396" endtime="20230823 15:06:15.688"/>
</kw>
<kw name="Select From List By Label" library="SeleniumLibrary">
<arg>//select[@id='country']</arg>
<arg>India</arg>
<doc>Selects options from selection list ``locator`` by ``labels``.</doc>
<msg timestamp="20230823 15:06:15.692" level="INFO">Selecting options from selection list '//select[@id='country']' by label India.</msg>
<status status="PASS" starttime="20230823 15:06:15.690" endtime="20230823 15:06:15.799"/>
</kw>
<kw name="Set Selenium Implicit Wait" library="SeleniumLibrary">
<arg>1second</arg>
<doc>Sets the implicit wait value used by Selenium.</doc>
<status status="PASS" starttime="20230823 15:06:15.800" endtime="20230823 15:06:15.802"/>
</kw>
<kw name="Get Selenium Implicit Wait" library="SeleniumLibrary">
<var>${getseltimout}</var>
<doc>Gets the implicit wait value used by Selenium.</doc>
<msg timestamp="20230823 15:06:15.804" level="INFO">${getseltimout} = 1 second</msg>
<status status="PASS" starttime="20230823 15:06:15.804" endtime="20230823 15:06:15.804"/>
</kw>
<kw name="Log To Console" library="BuiltIn">
<arg>default Selenium timeout :${getseltimout}</arg>
<doc>Logs the given message to the console.</doc>
<status status="PASS" starttime="20230823 15:06:15.807" endtime="20230823 15:06:15.808"/>
</kw>
<kw name="Set Selenium Timeout" library="SeleniumLibrary">
<arg>3seconds</arg>
<doc>Sets the timeout that is used by various keywords.</doc>
<status status="PASS" starttime="20230823 15:06:15.809" endtime="20230823 15:06:15.811"/>
</kw>
<kw name="Get Selenium Timeout" library="SeleniumLibrary">
<var>${getseltimout}</var>
<doc>Gets the timeout that is used by various keywords.</doc>
<msg timestamp="20230823 15:06:15.812" level="INFO">${getseltimout} = 3 seconds</msg>
<status status="PASS" starttime="20230823 15:06:15.812" endtime="20230823 15:06:15.813"/>
</kw>
<kw name="Get Selenium Speed" library="SeleniumLibrary">
<var>${getselspeed}</var>
<doc>Gets the delay that is waited after each Selenium command.</doc>
<msg timestamp="20230823 15:06:15.815" level="INFO">${getselspeed} = 0 seconds</msg>
<status status="PASS" starttime="20230823 15:06:15.815" endtime="20230823 15:06:15.815"/>
</kw>
<kw name="Log To Console" library="BuiltIn">
<arg>New Selenium timeout :</arg>
<arg>${getseltimout}</arg>
<doc>Logs the given message to the console.</doc>
<status status="PASS" starttime="20230823 15:06:15.818" endtime="20230823 15:06:15.820"/>
</kw>
<kw name="Log To Console" library="BuiltIn">
<arg>current selenium speed :</arg>
<arg>${getselspeed}</arg>
<doc>Logs the given message to the console.</doc>
<status status="PASS" starttime="20230823 15:06:15.821" endtime="20230823 15:06:15.822"/>
</kw>
<doc>Working on web elements</doc>
<tag>sanity</tag>
<status status="PASS" starttime="20230823 15:06:14.618" endtime="20230823 15:06:15.823"/>
</test>
<test id="s1-t3" name="TC3" line="38">
<kw name="Get Element Count" library="SeleniumLibrary">
<var>${linkscount}</var>
<arg>xpath://a</arg>
<doc>Returns the number of elements matching ``locator``.</doc>
<msg timestamp="20230823 15:06:15.851" level="INFO">${linkscount} = 13</msg>
<status status="PASS" starttime="20230823 15:06:15.832" endtime="20230823 15:06:15.851"/>
</kw>
<kw name="Convert To Integer" library="BuiltIn">
<arg>${linkscount}</arg>
<doc>Converts the given item to an integer number.</doc>
<status status="PASS" starttime="20230823 15:06:15.854" endtime="20230823 15:06:15.854"/>
</kw>
<kw name="Log To Console" library="BuiltIn">
<arg>total links on page :${linkscount}</arg>
<doc>Logs the given message to the console.</doc>
<status status="PASS" starttime="20230823 15:06:15.855" endtime="20230823 15:06:15.856"/>
</kw>
<kw name="Create List" library="BuiltIn">
<var>@{allpagelinks}</var>
<doc>Returns a list containing given items.</doc>
<msg timestamp="20230823 15:06:15.857" level="INFO">@{allpagelinks} = [ ]</msg>
<status status="PASS" starttime="20230823 15:06:15.856" endtime="20230823 15:06:15.857"/>
</kw>
<for flavor="IN RANGE">
<var>${i}</var>
<value>1</value>
<value>${linkscount}+1</value>
<iter>
<var name="${i}">1</var>
<kw name="Get Text" library="SeleniumLibrary">
<var>${linkscount}</var>
<arg>xpath:(//a)[${i}]</arg>
<doc>Returns the text value of the element identified by ``locator``.</doc>
<msg timestamp="20230823 15:06:15.897" level="INFO">${linkscount} = </msg>
<status status="PASS" starttime="20230823 15:06:15.860" endtime="20230823 15:06:15.897"/>
</kw>
<kw name="Log To Console" library="BuiltIn">
<arg>${linkscount}</arg>
<doc>Logs the given message to the console.</doc>
<status status="PASS" starttime="20230823 15:06:15.899" endtime="20230823 15:06:15.900"/>
</kw>
<status status="PASS" starttime="20230823 15:06:15.859" endtime="20230823 15:06:15.900"/>
</iter>
<iter>
<var name="${i}">2</var>
<kw name="Get Text" library="SeleniumLibrary">
<var>${linkscount}</var>
<arg>xpath:(//a)[${i}]</arg>
<doc>Returns the text value of the element identified by ``locator``.</doc>
<msg timestamp="20230823 15:06:15.926" level="INFO">${linkscount} = open cart</msg>
<status status="PASS" starttime="20230823 15:06:15.901" endtime="20230823 15:06:15.926"/>
</kw>
<kw name="Log To Console" library="BuiltIn">
<arg>${linkscount}</arg>
<doc>Logs the given message to the console.</doc>
<status status="PASS" starttime="20230823 15:06:15.928" endtime="20230823 15:06:15.929"/>
</kw>
<status status="PASS" starttime="20230823 15:06:15.901" endtime="20230823 15:06:15.929"/>
</iter>
<iter>
<var name="${i}">3</var>
<kw name="Get Text" library="SeleniumLibrary">
<var>${linkscount}</var>
<arg>xpath:(//a)[${i}]</arg>
<doc>Returns the text value of the element identified by ``locator``.</doc>
<msg timestamp="20230823 15:06:15.954" level="INFO">${linkscount} = orange HRM</msg>
<status status="PASS" starttime="20230823 15:06:15.929" endtime="20230823 15:06:15.954"/>
</kw>
<kw name="Log To Console" library="BuiltIn">
<arg>${linkscount}</arg>
<doc>Logs the given message to the console.</doc>
<status status="PASS" starttime="20230823 15:06:15.955" endtime="20230823 15:06:15.956"/>
</kw>
<status status="PASS" starttime="20230823 15:06:15.929" endtime="20230823 15:06:15.956"/>
</iter>
<iter>
<var name="${i}">4</var>
<kw name="Get Text" library="SeleniumLibrary">
<var>${linkscount}</var>
<arg>xpath:(//a)[${i}]</arg>
<doc>Returns the text value of the element identified by ``locator``.</doc>
<msg timestamp="20230823 15:06:15.979" level="INFO">${linkscount} = Home</msg>
<status status="PASS" starttime="20230823 15:06:15.957" endtime="20230823 15:06:15.979"/>
</kw>
<kw name="Log To Console" library="BuiltIn">
<arg>${linkscount}</arg>
<doc>Logs the given message to the console.</doc>
<status status="PASS" starttime="20230823 15:06:15.980" endtime="20230823 15:06:15.981"/>
</kw>
<status status="PASS" starttime="20230823 15:06:15.956" endtime="20230823 15:06:15.981"/>
</iter>
<iter>
<var name="${i}">5</var>
<kw name="Get Text" library="SeleniumLibrary">
<var>${linkscount}</var>
<arg>xpath:(//a)[${i}]</arg>
<doc>Returns the text value of the element identified by ``locator``.</doc>
<msg timestamp="20230823 15:06:16.002" level="INFO">${linkscount} = Posts (Atom)</msg>
<status status="PASS" starttime="20230823 15:06:15.982" endtime="20230823 15:06:16.002"/>
</kw>
<kw name="Log To Console" library="BuiltIn">
<arg>${linkscount}</arg>
<doc>Logs the given message to the console.</doc>
<status status="PASS" starttime="20230823 15:06:16.003" endtime="20230823 15:06:16.004"/>
</kw>
<status status="PASS" starttime="20230823 15:06:15.982" endtime="20230823 15:06:16.004"/>
</iter>
<iter>
<var name="${i}">6</var>
<kw name="Get Text" library="SeleniumLibrary">
<var>${linkscount}</var>
<arg>xpath:(//a)[${i}]</arg>
<doc>Returns the text value of the element identified by ``locator``.</doc>
<msg timestamp="20230823 15:06:16.031" level="INFO">${linkscount} = 1</msg>
<status status="PASS" starttime="20230823 15:06:16.004" endtime="20230823 15:06:16.031"/>
</kw>
<kw name="Log To Console" library="BuiltIn">
<arg>${linkscount}</arg>
<doc>Logs the given message to the console.</doc>
<status status="PASS" starttime="20230823 15:06:16.032" endtime="20230823 15:06:16.032"/>
</kw>
<status status="PASS" starttime="20230823 15:06:16.004" endtime="20230823 15:06:16.033"/>
</iter>
<iter>
<var name="${i}">7</var>
<kw name="Get Text" library="SeleniumLibrary">
<var>${linkscount}</var>
<arg>xpath:(//a)[${i}]</arg>
<doc>Returns the text value of the element identified by ``locator``.</doc>
<msg timestamp="20230823 15:06:16.052" level="INFO">${linkscount} = 2</msg>
<status status="PASS" starttime="20230823 15:06:16.033" endtime="20230823 15:06:16.052"/>
</kw>
<kw name="Log To Console" library="BuiltIn">
<arg>${linkscount}</arg>
<doc>Logs the given message to the console.</doc>
<status status="PASS" starttime="20230823 15:06:16.053" endtime="20230823 15:06:16.054"/>
</kw>
<status status="PASS" starttime="20230823 15:06:16.033" endtime="20230823 15:06:16.054"/>
</iter>
<iter>
<var name="${i}">8</var>
<kw name="Get Text" library="SeleniumLibrary">
<var>${linkscount}</var>
<arg>xpath:(//a)[${i}]</arg>
<doc>Returns the text value of the element identified by ``locator``.</doc>
<msg timestamp="20230823 15:06:16.075" level="INFO">${linkscount} = 3</msg>
<status status="PASS" starttime="20230823 15:06:16.055" endtime="20230823 15:06:16.075"/>
</kw>
<kw name="Log To Console" library="BuiltIn">
<arg>${linkscount}</arg>
<doc>Logs the given message to the console.</doc>
<status status="PASS" starttime="20230823 15:06:16.076" endtime="20230823 15:06:16.077"/>
</kw>
<status status="PASS" starttime="20230823 15:06:16.054" endtime="20230823 15:06:16.077"/>
</iter>
<iter>
<var name="${i}">9</var>
<kw name="Get Text" library="SeleniumLibrary">
<var>${linkscount}</var>
<arg>xpath:(//a)[${i}]</arg>
<doc>Returns the text value of the element identified by ``locator``.</doc>
<msg timestamp="20230823 15:06:16.097" level="INFO">${linkscount} = 4</msg>
<status status="PASS" starttime="20230823 15:06:16.078" endtime="20230823 15:06:16.097"/>
</kw>
<kw name="Log To Console" library="BuiltIn">
<arg>${linkscount}</arg>
<doc>Logs the given message to the console.</doc>
<status status="PASS" starttime="20230823 15:06:16.098" endtime="20230823 15:06:16.098"/>
</kw>
<status status="PASS" starttime="20230823 15:06:16.077" endtime="20230823 15:06:16.099"/>
</iter>
<iter>
<var name="${i}">10</var>
<kw name="Get Text" library="SeleniumLibrary">
<var>${linkscount}</var>
<arg>xpath:(//a)[${i}]</arg>
<doc>Returns the text value of the element identified by ``locator``.</doc>
<msg timestamp="20230823 15:06:16.119" level="INFO">${linkscount} = </msg>
<status status="PASS" starttime="20230823 15:06:16.099" endtime="20230823 15:06:16.119"/>
</kw>
<kw name="Log To Console" library="BuiltIn">
<arg>${linkscount}</arg>
<doc>Logs the given message to the console.</doc>
<status status="PASS" starttime="20230823 15:06:16.120" endtime="20230823 15:06:16.121"/>
</kw>
<status status="PASS" starttime="20230823 15:06:16.099" endtime="20230823 15:06:16.121"/>
</iter>
<iter>
<var name="${i}">11</var>
<kw name="Get Text" library="SeleniumLibrary">
<var>${linkscount}</var>
<arg>xpath:(//a)[${i}]</arg>
<doc>Returns the text value of the element identified by ``locator``.</doc>
<msg timestamp="20230823 15:06:16.140" level="INFO">${linkscount} = </msg>
<status status="PASS" starttime="20230823 15:06:16.121" endtime="20230823 15:06:16.140"/>
</kw>
<kw name="Log To Console" library="BuiltIn">
<arg>${linkscount}</arg>
<doc>Logs the given message to the console.</doc>
<status status="PASS" starttime="20230823 15:06:16.141" endtime="20230823 15:06:16.142"/>
</kw>
<status status="PASS" starttime="20230823 15:06:16.121" endtime="20230823 15:06:16.142"/>
</iter>
<iter>
<var name="${i}">12</var>
<kw name="Get Text" library="SeleniumLibrary">
<var>${linkscount}</var>
<arg>xpath:(//a)[${i}]</arg>
<doc>Returns the text value of the element identified by ``locator``.</doc>
<msg timestamp="20230823 15:06:16.162" level="INFO">${linkscount} = mariusFM77</msg>
<status status="PASS" starttime="20230823 15:06:16.142" endtime="20230823 15:06:16.162"/>
</kw>
<kw name="Log To Console" library="BuiltIn">
<arg>${linkscount}</arg>
<doc>Logs the given message to the console.</doc>
<status status="PASS" starttime="20230823 15:06:16.163" endtime="20230823 15:06:16.164"/>
</kw>
<status status="PASS" starttime="20230823 15:06:16.142" endtime="20230823 15:06:16.164"/>
</iter>
<iter>
<var name="${i}">13</var>
<kw name="Get Text" library="SeleniumLibrary">
<var>${linkscount}</var>
<arg>xpath:(//a)[${i}]</arg>
<doc>Returns the text value of the element identified by ``locator``.</doc>
<msg timestamp="20230823 15:06:16.184" level="INFO">${linkscount} = Blogger</msg>
<status status="PASS" starttime="20230823 15:06:16.165" endtime="20230823 15:06:16.184"/>
</kw>
<kw name="Log To Console" library="BuiltIn">
<arg>${linkscount}</arg>
<doc>Logs the given message to the console.</doc>
<status status="PASS" starttime="20230823 15:06:16.185" endtime="20230823 15:06:16.186"/>
</kw>
<status status="PASS" starttime="20230823 15:06:16.164" endtime="20230823 15:06:16.186"/>
</iter>
<status status="PASS" starttime="20230823 15:06:15.859" endtime="20230823 15:06:16.186"/>
</for>
<doc>getting list count and names</doc>
<tag>regression</tag>
<status status="PASS" starttime="20230823 15:06:15.830" endtime="20230823 15:06:16.187"/>
</test>
<test id="s1-t4" name="TC4" line="50">
<kw name="Get Element Count" library="SeleniumLibrary">
<var>${textscount}</var>
<arg>xpath://input[@type="text"]</arg>
<doc>Returns the number of elements matching ``locator``.</doc>
<msg timestamp="20230823 15:06:16.205" level="INFO">${textscount} = 7</msg>
<status status="PASS" starttime="20230823 15:06:16.193" endtime="20230823 15:06:16.205"/>
</kw>
<kw name="Log To Console" library="BuiltIn">
<arg>total textboxes on page :${textscount}</arg>
<doc>Logs the given message to the console.</doc>
<status status="PASS" starttime="20230823 15:06:16.207" endtime="20230823 15:06:16.207"/>
</kw>
<for flavor="IN RANGE">
<var>${i}</var>
<value>1</value>
<value>${textscount}</value>
<iter>
<var name="${i}">1</var>
<kw name="Get Text" library="SeleniumLibrary">
<var>${textnames}</var>
<arg>xpath:(//input)[${i}]</arg>
<doc>Returns the text value of the element identified by ``locator``.</doc>
<msg timestamp="20230823 15:06:16.228" level="INFO">${textnames} = </msg>
<status status="PASS" starttime="20230823 15:06:16.208" endtime="20230823 15:06:16.228"/>
</kw>
<kw name="Log To Console" library="BuiltIn">
<arg>${textnames}</arg>
<doc>Logs the given message to the console.</doc>
<status status="PASS" starttime="20230823 15:06:16.229" endtime="20230823 15:06:16.230"/>
</kw>
<status status="PASS" starttime="20230823 15:06:16.208" endtime="20230823 15:06:16.230"/>
</iter>
<iter>
<var name="${i}">2</var>
<kw name="Get Text" library="SeleniumLibrary">
<var>${textnames}</var>
<arg>xpath:(//input)[${i}]</arg>
<doc>Returns the text value of the element identified by ``locator``.</doc>
<msg timestamp="20230823 15:06:16.250" level="INFO">${textnames} = </msg>
<status status="PASS" starttime="20230823 15:06:16.231" endtime="20230823 15:06:16.250"/>
</kw>
<kw name="Log To Console" library="BuiltIn">
<arg>${textnames}</arg>
<doc>Logs the given message to the console.</doc>
<status status="PASS" starttime="20230823 15:06:16.251" endtime="20230823 15:06:16.252"/>
</kw>
<status status="PASS" starttime="20230823 15:06:16.230" endtime="20230823 15:06:16.252"/>
</iter>
<iter>
<var name="${i}">3</var>
<kw name="Get Text" library="SeleniumLibrary">
<var>${textnames}</var>
<arg>xpath:(//input)[${i}]</arg>
<doc>Returns the text value of the element identified by ``locator``.</doc>
<msg timestamp="20230823 15:06:16.273" level="INFO">${textnames} = </msg>
<status status="PASS" starttime="20230823 15:06:16.253" endtime="20230823 15:06:16.273"/>
</kw>
<kw name="Log To Console" library="BuiltIn">
<arg>${textnames}</arg>
<doc>Logs the given message to the console.</doc>
<status status="PASS" starttime="20230823 15:06:16.274" endtime="20230823 15:06:16.275"/>
</kw>
<status status="PASS" starttime="20230823 15:06:16.252" endtime="20230823 15:06:16.275"/>
</iter>
<iter>
<var name="${i}">4</var>
<kw name="Get Text" library="SeleniumLibrary">
<var>${textnames}</var>
<arg>xpath:(//input)[${i}]</arg>
<doc>Returns the text value of the element identified by ``locator``.</doc>
<msg timestamp="20230823 15:06:16.296" level="INFO">${textnames} = </msg>
<status status="PASS" starttime="20230823 15:06:16.276" endtime="20230823 15:06:16.296"/>
</kw>
<kw name="Log To Console" library="BuiltIn">
<arg>${textnames}</arg>
<doc>Logs the given message to the console.</doc>
<status status="PASS" starttime="20230823 15:06:16.297" endtime="20230823 15:06:16.297"/>
</kw>
<status status="PASS" starttime="20230823 15:06:16.275" endtime="20230823 15:06:16.297"/>
</iter>
<iter>
<var name="${i}">5</var>
<kw name="Get Text" library="SeleniumLibrary">
<var>${textnames}</var>
<arg>xpath:(//input)[${i}]</arg>
<doc>Returns the text value of the element identified by ``locator``.</doc>
<msg timestamp="20230823 15:06:16.347" level="INFO">${textnames} = </msg>
<status status="PASS" starttime="20230823 15:06:16.298" endtime="20230823 15:06:16.347"/>
</kw>
<kw name="Log To Console" library="BuiltIn">
<arg>${textnames}</arg>
<doc>Logs the given message to the console.</doc>
<status status="PASS" starttime="20230823 15:06:16.348" endtime="20230823 15:06:16.349"/>
</kw>
<status status="PASS" starttime="20230823 15:06:16.298" endtime="20230823 15:06:16.349"/>
</iter>
<iter>
<var name="${i}">6</var>
<kw name="Get Text" library="SeleniumLibrary">
<var>${textnames}</var>
<arg>xpath:(//input)[${i}]</arg>
<doc>Returns the text value of the element identified by ``locator``.</doc>
<msg timestamp="20230823 15:06:16.369" level="INFO">${textnames} = </msg>
<status status="PASS" starttime="20230823 15:06:16.350" endtime="20230823 15:06:16.370"/>
</kw>
<kw name="Log To Console" library="BuiltIn">
<arg>${textnames}</arg>
<doc>Logs the given message to the console.</doc>
<status status="PASS" starttime="20230823 15:06:16.371" endtime="20230823 15:06:16.371"/>
</kw>
<status status="PASS" starttime="20230823 15:06:16.349" endtime="20230823 15:06:16.372"/>
</iter>
<status status="PASS" starttime="20230823 15:06:16.208" endtime="20230823 15:06:16.372"/>
</for>
<kw name="Capture Page Screenshot" library="SeleniumLibrary">
<arg>C:/Users/Praveen/PycharmProjects/pythonProject6/screenshots/ssht1.png</arg>
<doc>Takes a screenshot of the current page and embeds it into a log file.</doc>
<msg timestamp="20230823 15:06:16.463" level="INFO" html="true">&lt;/td&gt;&lt;/tr&gt;&lt;tr&gt;&lt;td colspan="3"&gt;&lt;a href="../../screenshots/ssht1.png"&gt;&lt;img src="../../screenshots/ssht1.png" width="800px"&gt;&lt;/a&gt;</msg>
<status status="PASS" starttime="20230823 15:06:16.373" endtime="20230823 15:06:16.463"/>
</kw>
<kw name="open excel document">
<arg>C:\Users\Praveen\Desktop\Book1.xlsx</arg>
<msg timestamp="20230823 15:06:16.470" level="FAIL">No keyword with name 'open excel document' found. Did you try using keyword 'ExcelLibrary.Open Excel' and forgot to use enough whitespace between keyword and arguments?</msg>
<status status="FAIL" starttime="20230823 15:06:16.469" endtime="20230823 15:06:16.470"/>
</kw>
<doc>getting textbox count and names</doc>
<tag>unit</tag>
<status status="FAIL" starttime="20230823 15:06:16.191" endtime="20230823 15:06:16.471">No keyword with name 'open excel document' found. Did you try using keyword 'ExcelLibrary.Open Excel' and forgot to use enough whitespace between keyword and arguments?</status>
</test>
<status status="FAIL" starttime="20230823 15:06:04.077" endtime="20230823 15:06:16.476"/>
</suite>
<statistics>
<total>
<stat pass="3" fail="1" skip="0">All Tests</stat>
</total>
<tag>
<stat pass="1" fail="0" skip="0">regression</stat>
<stat pass="2" fail="0" skip="0">sanity</stat>
<stat pass="0" fail="1" skip="0">unit</stat>
</tag>
<suite>
<stat pass="3" fail="1" skip="0" id="s1" name="Sample1">Sample1</stat>
</suite>
</statistics>
<errors>
<msg timestamp="20230823 15:06:05.199" level="ERROR">[ DataDriver ] Error in robot file:
  File "C:\Users\Praveen\PycharmProjects\pythonProject6\TestCases\sample1.robot", line 0</msg>
<msg timestamp="20230823 15:06:05.201" level="ERROR">In source file:
  File "./Testdata/testdata.xlsx", line 0</msg>
<msg timestamp="20230823 15:06:05.205" level="ERROR">Calling method '_start_suite' of listener 'DataDriver' failed: ImportError: Pandas requires version '3.0.7' or newer of 'openpyxl' (version '2.5.1' currently installed).</msg>
</errors>
</robot>
