<?xml version="1.0" encoding="UTF-8"?>
<robot generator="Robot 6.1.1 (Python 3.11.4 on win32)" generated="20230823 12:06:20.834" rpa="false" schemaversion="4">
<suite id="s1" name="TestCases" source="C:\Users\Praveen\PycharmProjects\pythonProject6\TestCases">
<suite id="s1-s1" name="Sample1" source="C:\Users\Praveen\PycharmProjects\pythonProject6\TestCases\sample1.robot">
<test id="s1-s1-t1" name="TC1" line="6">
<kw name="Open Browser" library="SeleniumLibrary">
<arg>https://testautomationpractice.blogspot.com/</arg>
<arg>chrome</arg>
<doc>Opens a new browser instance to the optional ``url``.</doc>
<msg timestamp="20230823 12:06:21.331" level="INFO">Opening browser 'chrome' to base url 'https://testautomationpractice.blogspot.com/'.</msg>
<msg timestamp="20230823 12:06:22.795" level="WARN">The chromedriver version (115.0.5790.102) detected in PATH at C:\Users\Praveen\AppData\Local\Programs\Python\Python311\Scripts\chromedriver.exe might not be compatible with the detected chrome version (116.0.5845.97); currently, chromedriver 116.0.5845.96 is recommended for chrome 116.*, so it is advised to delete the driver in PATH and retry</msg>
<status status="PASS" starttime="20230823 12:06:21.329" endtime="20230823 12:06:36.774"/>
</kw>
<kw name="Maximize Browser Window" library="SeleniumLibrary">
<doc>Maximizes current browser window.</doc>
<status status="PASS" starttime="20230823 12:06:36.774" endtime="20230823 12:06:36.924"/>
</kw>
<kw name="Log To Console" library="BuiltIn">
<arg>chromebrowser launched and navigated successfully</arg>
<doc>Logs the given message to the console.</doc>
<status status="PASS" starttime="20230823 12:06:36.924" endtime="20230823 12:06:36.925"/>
</kw>
<doc>launching browser</doc>
<tag>sanity</tag>
<status status="PASS" starttime="20230823 12:06:21.328" endtime="20230823 12:06:36.925"/>
</test>
<test id="s1-s1-t2" name="TC2" line="12">
<kw name="Input Text" library="SeleniumLibrary">
<arg>//input[@id='name']</arg>
<arg>veenu</arg>
<doc>Types the given ``text`` into the text field identified by ``locator``.</doc>
<msg timestamp="20230823 12:06:36.930" level="INFO">Typing text 'veenu' into text field '//input[@id='name']'.</msg>
<status status="PASS" starttime="20230823 12:06:36.927" endtime="20230823 12:06:37.244"/>
</kw>
<kw name="Capture Element Screenshot" library="SeleniumLibrary">
<arg>//input[@id='name']</arg>
<arg>C:/Users/Praveen/PycharmProjects/pythonProject6/screenshots/name.png</arg>
<doc>Captures a screenshot from the element identified by ``locator`` and embeds it into log file.</doc>
<msg timestamp="20230823 12:06:37.500" level="INFO" html="true">&lt;/td&gt;&lt;/tr&gt;&lt;tr&gt;&lt;td colspan="3"&gt;&lt;a href="../../screenshots/name.png"&gt;&lt;img src="../../screenshots/name.png" width="400px"&gt;&lt;/a&gt;</msg>
<status status="PASS" starttime="20230823 12:06:37.245" endtime="20230823 12:06:37.500"/>
</kw>
<kw name="Clear Element Text" library="SeleniumLibrary">
<arg>//input[@id='name']</arg>
<doc>Clears the value of the text-input-element identified by ``locator``.</doc>
<status status="PASS" starttime="20230823 12:06:37.501" endtime="20230823 12:06:37.588"/>
</kw>
<kw name="Input Text" library="SeleniumLibrary">
<arg>//input[@id='name']</arg>
<arg>veenu</arg>
<doc>Types the given ``text`` into the text field identified by ``locator``.</doc>
<msg timestamp="20230823 12:06:37.589" level="INFO">Typing text 'veenu' into text field '//input[@id='name']'.</msg>
<status status="PASS" starttime="20230823 12:06:37.588" endtime="20230823 12:06:37.786"/>
</kw>
<kw name="Input Text" library="SeleniumLibrary">
<arg>//input[@id='email']</arg>
<arg>veenu@gmail.com</arg>
<doc>Types the given ``text`` into the text field identified by ``locator``.</doc>
<msg timestamp="20230823 12:06:37.788" level="INFO">Typing text 'veenu@gmail.com' into text field '//input[@id='email']'.</msg>
<status status="PASS" starttime="20230823 12:06:37.786" endtime="20230823 12:06:38.097"/>
</kw>
<kw name="Select Radio Button" library="SeleniumLibrary">
<arg>gender</arg>
<arg>male</arg>
<doc>Sets the radio button group ``group_name`` to ``value``.</doc>
<msg timestamp="20230823 12:06:38.098" level="INFO">Selecting 'male' from radio button 'gender'.</msg>
<status status="PASS" starttime="20230823 12:06:38.097" endtime="20230823 12:06:38.266"/>
</kw>
<kw name="Select Checkbox" library="SeleniumLibrary">
<arg>id:sunday</arg>
<doc>Selects the checkbox identified by ``locator``.</doc>
<msg timestamp="20230823 12:06:38.269" level="INFO">Selecting checkbox 'id:sunday'.</msg>
<status status="PASS" starttime="20230823 12:06:38.267" endtime="20230823 12:06:38.476"/>
</kw>
<kw name="Select Checkbox" library="SeleniumLibrary">
<arg>id:wednesday</arg>
<doc>Selects the checkbox identified by ``locator``.</doc>
<msg timestamp="20230823 12:06:38.477" level="INFO">Selecting checkbox 'id:wednesday'.</msg>
<status status="PASS" starttime="20230823 12:06:38.476" endtime="20230823 12:06:38.618"/>
</kw>
<kw name="Scroll Element Into View" library="SeleniumLibrary">
<arg>//label[contains(text(),'Country:')]</arg>
<doc>Scrolls the element identified by ``locator`` into view.</doc>
<status status="PASS" starttime="20230823 12:06:38.620" endtime="20230823 12:06:38.942"/>
</kw>
<kw name="Select From List By Label" library="SeleniumLibrary">
<arg>//select[@id='country']</arg>
<arg>India</arg>
<doc>Selects options from selection list ``locator`` by ``labels``.</doc>
<msg timestamp="20230823 12:06:38.944" level="INFO">Selecting options from selection list '//select[@id='country']' by label India.</msg>
<status status="PASS" starttime="20230823 12:06:38.943" endtime="20230823 12:06:39.096"/>
</kw>
<kw name="Set Selenium Implicit Wait" library="SeleniumLibrary">
<arg>1second</arg>
<doc>Sets the implicit wait value used by Selenium.</doc>
<status status="PASS" starttime="20230823 12:06:39.096" endtime="20230823 12:06:39.104"/>
</kw>
<kw name="Get Selenium Implicit Wait" library="SeleniumLibrary">
<var>${getseltimout}</var>
<doc>Gets the implicit wait value used by Selenium.</doc>
<msg timestamp="20230823 12:06:39.105" level="INFO">${getseltimout} = 1 second</msg>
<status status="PASS" starttime="20230823 12:06:39.105" endtime="20230823 12:06:39.105"/>
</kw>
<kw name="Log To Console" library="BuiltIn">
<arg>default Selenium timeout :${getseltimout}</arg>
<doc>Logs the given message to the console.</doc>
<status status="PASS" starttime="20230823 12:06:39.106" endtime="20230823 12:06:39.107"/>
</kw>
<kw name="Set Selenium Timeout" library="SeleniumLibrary">
<arg>3seconds</arg>
<doc>Sets the timeout that is used by various keywords.</doc>
<status status="PASS" starttime="20230823 12:06:39.107" endtime="20230823 12:06:39.112"/>
</kw>
<kw name="Get Selenium Timeout" library="SeleniumLibrary">
<var>${getseltimout}</var>
<doc>Gets the timeout that is used by various keywords.</doc>
<msg timestamp="20230823 12:06:39.113" level="INFO">${getseltimout} = 3 seconds</msg>
<status status="PASS" starttime="20230823 12:06:39.112" endtime="20230823 12:06:39.113"/>
</kw>
<kw name="Get Selenium Speed" library="SeleniumLibrary">
<var>${getselspeed}</var>
<doc>Gets the delay that is waited after each Selenium command.</doc>
<msg timestamp="20230823 12:06:39.114" level="INFO">${getselspeed} = 0 seconds</msg>
<status status="PASS" starttime="20230823 12:06:39.113" endtime="20230823 12:06:39.114"/>
</kw>
<kw name="Log To Console" library="BuiltIn">
<arg>New Selenium timeout :</arg>
<arg>${getseltimout}</arg>
<doc>Logs the given message to the console.</doc>
<status status="PASS" starttime="20230823 12:06:39.114" endtime="20230823 12:06:39.115"/>
</kw>
<kw name="Log To Console" library="BuiltIn">
<arg>current selenium speed :</arg>
<arg>${getselspeed}</arg>
<doc>Logs the given message to the console.</doc>
<status status="PASS" starttime="20230823 12:06:39.115" endtime="20230823 12:06:39.116"/>
</kw>
<doc>Working on web elements</doc>
<tag>sanity</tag>
<status status="PASS" starttime="20230823 12:06:36.926" endtime="20230823 12:06:39.117"/>
</test>
<test id="s1-s1-t3" name="TC3" line="36">
<kw name="Get Element Count" library="SeleniumLibrary">
<var>${linkscount}</var>
<arg>xpath://a</arg>
<doc>Returns the number of elements matching ``locator``.</doc>
<msg timestamp="20230823 12:06:39.146" level="INFO">${linkscount} = 13</msg>
<status status="PASS" starttime="20230823 12:06:39.119" endtime="20230823 12:06:39.146"/>
</kw>
<kw name="Convert To Integer" library="BuiltIn">
<arg>${linkscount}</arg>
<doc>Converts the given item to an integer number.</doc>
<status status="PASS" starttime="20230823 12:06:39.147" endtime="20230823 12:06:39.148"/>
</kw>
<kw name="Log To Console" library="BuiltIn">
<arg>total links on page :${linkscount}</arg>
<doc>Logs the given message to the console.</doc>
<status status="PASS" starttime="20230823 12:06:39.148" endtime="20230823 12:06:39.149"/>
</kw>
<kw name="Create List" library="BuiltIn">
<var>@{allpagelinks}</var>
<doc>Returns a list containing given items.</doc>
<msg timestamp="20230823 12:06:39.150" level="INFO">@{allpagelinks} = [ ]</msg>
<status status="PASS" starttime="20230823 12:06:39.149" endtime="20230823 12:06:39.150"/>
</kw>
<for flavor="IN RANGE">
<var>${i}</var>
<value>1</value>
<value>${linkscount}+1</value>
<iter>
<var name="${i}">1</var>
<kw name="Get Text" library="SeleniumLibrary">
<var>${linkscount}</var>
<arg>xpath:(//a)[${i}]</arg>
<doc>Returns the text value of the element identified by ``locator``.</doc>
<msg timestamp="20230823 12:06:39.210" level="INFO">${linkscount} = </msg>
<status status="PASS" starttime="20230823 12:06:39.152" endtime="20230823 12:06:39.210"/>
</kw>
<kw name="Log To Console" library="BuiltIn">
<arg>${linkscount}</arg>
<doc>Logs the given message to the console.</doc>
<status status="PASS" starttime="20230823 12:06:39.211" endtime="20230823 12:06:39.212"/>
</kw>
<status status="PASS" starttime="20230823 12:06:39.151" endtime="20230823 12:06:39.212"/>
</iter>
<iter>
<var name="${i}">2</var>
<kw name="Get Text" library="SeleniumLibrary">
<var>${linkscount}</var>
<arg>xpath:(//a)[${i}]</arg>
<doc>Returns the text value of the element identified by ``locator``.</doc>
<msg timestamp="20230823 12:06:39.249" level="INFO">${linkscount} = open cart</msg>
<status status="PASS" starttime="20230823 12:06:39.213" endtime="20230823 12:06:39.249"/>
</kw>
<kw name="Log To Console" library="BuiltIn">
<arg>${linkscount}</arg>
<doc>Logs the given message to the console.</doc>
<status status="PASS" starttime="20230823 12:06:39.249" endtime="20230823 12:06:39.250"/>
</kw>
<status status="PASS" starttime="20230823 12:06:39.212" endtime="20230823 12:06:39.250"/>
</iter>
<iter>
<var name="${i}">3</var>
<kw name="Get Text" library="SeleniumLibrary">
<var>${linkscount}</var>
<arg>xpath:(//a)[${i}]</arg>
<doc>Returns the text value of the element identified by ``locator``.</doc>
<msg timestamp="20230823 12:06:39.286" level="INFO">${linkscount} = orange HRM</msg>
<status status="PASS" starttime="20230823 12:06:39.251" endtime="20230823 12:06:39.287"/>
</kw>
<kw name="Log To Console" library="BuiltIn">
<arg>${linkscount}</arg>
<doc>Logs the given message to the console.</doc>
<status status="PASS" starttime="20230823 12:06:39.287" endtime="20230823 12:06:39.288"/>
</kw>
<status status="PASS" starttime="20230823 12:06:39.251" endtime="20230823 12:06:39.288"/>
</iter>
<iter>
<var name="${i}">4</var>
<kw name="Get Text" library="SeleniumLibrary">
<var>${linkscount}</var>
<arg>xpath:(//a)[${i}]</arg>
<doc>Returns the text value of the element identified by ``locator``.</doc>
<msg timestamp="20230823 12:06:39.324" level="INFO">${linkscount} = Home</msg>
<status status="PASS" starttime="20230823 12:06:39.289" endtime="20230823 12:06:39.324"/>
</kw>
<kw name="Log To Console" library="BuiltIn">
<arg>${linkscount}</arg>
<doc>Logs the given message to the console.</doc>
<status status="PASS" starttime="20230823 12:06:39.325" endtime="20230823 12:06:39.325"/>
</kw>
<status status="PASS" starttime="20230823 12:06:39.288" endtime="20230823 12:06:39.326"/>
</iter>
<iter>
<var name="${i}">5</var>
<kw name="Get Text" library="SeleniumLibrary">
<var>${linkscount}</var>
<arg>xpath:(//a)[${i}]</arg>
<doc>Returns the text value of the element identified by ``locator``.</doc>
<msg timestamp="20230823 12:06:39.356" level="INFO">${linkscount} = Posts (Atom)</msg>
<status status="PASS" starttime="20230823 12:06:39.326" endtime="20230823 12:06:39.356"/>
</kw>
<kw name="Log To Console" library="BuiltIn">
<arg>${linkscount}</arg>
<doc>Logs the given message to the console.</doc>
<status status="PASS" starttime="20230823 12:06:39.356" endtime="20230823 12:06:39.357"/>
</kw>
<status status="PASS" starttime="20230823 12:06:39.326" endtime="20230823 12:06:39.357"/>
</iter>
<iter>
<var name="${i}">6</var>
<kw name="Get Text" library="SeleniumLibrary">
<var>${linkscount}</var>
<arg>xpath:(//a)[${i}]</arg>
<doc>Returns the text value of the element identified by ``locator``.</doc>
<msg timestamp="20230823 12:06:39.389" level="INFO">${linkscount} = 1</msg>
<status status="PASS" starttime="20230823 12:06:39.358" endtime="20230823 12:06:39.389"/>
</kw>
<kw name="Log To Console" library="BuiltIn">
<arg>${linkscount}</arg>
<doc>Logs the given message to the console.</doc>
<status status="PASS" starttime="20230823 12:06:39.390" endtime="20230823 12:06:39.390"/>
</kw>
<status status="PASS" starttime="20230823 12:06:39.357" endtime="20230823 12:06:39.391"/>
</iter>
<iter>
<var name="${i}">7</var>
<kw name="Get Text" library="SeleniumLibrary">
<var>${linkscount}</var>
<arg>xpath:(//a)[${i}]</arg>
<doc>Returns the text value of the element identified by ``locator``.</doc>
<msg timestamp="20230823 12:06:39.423" level="INFO">${linkscount} = 2</msg>
<status status="PASS" starttime="20230823 12:06:39.392" endtime="20230823 12:06:39.423"/>
</kw>
<kw name="Log To Console" library="BuiltIn">
<arg>${linkscount}</arg>
<doc>Logs the given message to the console.</doc>
<status status="PASS" starttime="20230823 12:06:39.424" endtime="20230823 12:06:39.425"/>
</kw>
<status status="PASS" starttime="20230823 12:06:39.391" endtime="20230823 12:06:39.425"/>
</iter>
<iter>
<var name="${i}">8</var>
<kw name="Get Text" library="SeleniumLibrary">
<var>${linkscount}</var>
<arg>xpath:(//a)[${i}]</arg>
<doc>Returns the text value of the element identified by ``locator``.</doc>
<msg timestamp="20230823 12:06:39.458" level="INFO">${linkscount} = 3</msg>
<status status="PASS" starttime="20230823 12:06:39.426" endtime="20230823 12:06:39.458"/>
</kw>
<kw name="Log To Console" library="BuiltIn">
<arg>${linkscount}</arg>
<doc>Logs the given message to the console.</doc>
<status status="PASS" starttime="20230823 12:06:39.459" endtime="20230823 12:06:39.459"/>
</kw>
<status status="PASS" starttime="20230823 12:06:39.425" endtime="20230823 12:06:39.460"/>
</iter>
<iter>
<var name="${i}">9</var>
<kw name="Get Text" library="SeleniumLibrary">
<var>${linkscount}</var>
<arg>xpath:(//a)[${i}]</arg>
<doc>Returns the text value of the element identified by ``locator``.</doc>
<msg timestamp="20230823 12:06:39.509" level="INFO">${linkscount} = 4</msg>
<status status="PASS" starttime="20230823 12:06:39.460" endtime="20230823 12:06:39.509"/>
</kw>
<kw name="Log To Console" library="BuiltIn">
<arg>${linkscount}</arg>
<doc>Logs the given message to the console.</doc>
<status status="PASS" starttime="20230823 12:06:39.509" endtime="20230823 12:06:39.510"/>
</kw>
<status status="PASS" starttime="20230823 12:06:39.460" endtime="20230823 12:06:39.510"/>
</iter>
<iter>
<var name="${i}">10</var>
<kw name="Get Text" library="SeleniumLibrary">
<var>${linkscount}</var>
<arg>xpath:(//a)[${i}]</arg>
<doc>Returns the text value of the element identified by ``locator``.</doc>
<msg timestamp="20230823 12:06:39.543" level="INFO">${linkscount} = </msg>
<status status="PASS" starttime="20230823 12:06:39.511" endtime="20230823 12:06:39.543"/>
</kw>
<kw name="Log To Console" library="BuiltIn">
<arg>${linkscount}</arg>
<doc>Logs the given message to the console.</doc>
<status status="PASS" starttime="20230823 12:06:39.544" endtime="20230823 12:06:39.545"/>
</kw>
<status status="PASS" starttime="20230823 12:06:39.510" endtime="20230823 12:06:39.545"/>
</iter>
<iter>
<var name="${i}">11</var>
<kw name="Get Text" library="SeleniumLibrary">
<var>${linkscount}</var>
<arg>xpath:(//a)[${i}]</arg>
<doc>Returns the text value of the element identified by ``locator``.</doc>
<msg timestamp="20230823 12:06:39.573" level="INFO">${linkscount} = </msg>
<status status="PASS" starttime="20230823 12:06:39.546" endtime="20230823 12:06:39.573"/>
</kw>
<kw name="Log To Console" library="BuiltIn">
<arg>${linkscount}</arg>
<doc>Logs the given message to the console.</doc>
<status status="PASS" starttime="20230823 12:06:39.574" endtime="20230823 12:06:39.574"/>
</kw>
<status status="PASS" starttime="20230823 12:06:39.545" endtime="20230823 12:06:39.574"/>
</iter>
<iter>
<var name="${i}">12</var>
<kw name="Get Text" library="SeleniumLibrary">
<var>${linkscount}</var>
<arg>xpath:(//a)[${i}]</arg>
<doc>Returns the text value of the element identified by ``locator``.</doc>
<msg timestamp="20230823 12:06:39.612" level="INFO">${linkscount} = mariusFM77</msg>
<status status="PASS" starttime="20230823 12:06:39.575" endtime="20230823 12:06:39.613"/>
</kw>
<kw name="Log To Console" library="BuiltIn">
<arg>${linkscount}</arg>
<doc>Logs the given message to the console.</doc>
<status status="PASS" starttime="20230823 12:06:39.613" endtime="20230823 12:06:39.613"/>
</kw>
<status status="PASS" starttime="20230823 12:06:39.575" endtime="20230823 12:06:39.614"/>
</iter>
<iter>
<var name="${i}">13</var>
<kw name="Get Text" library="SeleniumLibrary">
<var>${linkscount}</var>
<arg>xpath:(//a)[${i}]</arg>
<doc>Returns the text value of the element identified by ``locator``.</doc>
<msg timestamp="20230823 12:06:39.644" level="INFO">${linkscount} = Blogger</msg>
<status status="PASS" starttime="20230823 12:06:39.614" endtime="20230823 12:06:39.644"/>
</kw>
<kw name="Log To Console" library="BuiltIn">
<arg>${linkscount}</arg>
<doc>Logs the given message to the console.</doc>
<status status="PASS" starttime="20230823 12:06:39.644" endtime="20230823 12:06:39.645"/>
</kw>
<status status="PASS" starttime="20230823 12:06:39.614" endtime="20230823 12:06:39.645"/>
</iter>
<status status="PASS" starttime="20230823 12:06:39.150" endtime="20230823 12:06:39.645"/>
</for>
<doc>getting list count and names</doc>
<tag>regression</tag>
<status status="PASS" starttime="20230823 12:06:39.118" endtime="20230823 12:06:39.645"/>
</test>
<test id="s1-s1-t4" name="TC4" line="48">
<kw name="Get Element Count" library="SeleniumLibrary">
<var>${textscount}</var>
<arg>xpath://input[@type="text"]</arg>
<doc>Returns the number of elements matching ``locator``.</doc>
<msg timestamp="20230823 12:06:39.668" level="INFO">${textscount} = 7</msg>
<status status="PASS" starttime="20230823 12:06:39.646" endtime="20230823 12:06:39.668"/>
</kw>
<kw name="Log To Console" library="BuiltIn">
<arg>total textboxes on page :${textscount}</arg>
<doc>Logs the given message to the console.</doc>
<status status="PASS" starttime="20230823 12:06:39.668" endtime="20230823 12:06:39.669"/>
</kw>
<for flavor="IN RANGE">
<var>${i}</var>
<value>1</value>
<value>${textscount}</value>
<iter>
<var name="${i}">1</var>
<kw name="Get Text" library="SeleniumLibrary">
<var>${textnames}</var>
<arg>xpath:(//input)[${i}]</arg>
<doc>Returns the text value of the element identified by ``locator``.</doc>
<msg timestamp="20230823 12:06:39.703" level="INFO">${textnames} = </msg>
<status status="PASS" starttime="20230823 12:06:39.671" endtime="20230823 12:06:39.703"/>
</kw>
<kw name="Log To Console" library="BuiltIn">
<arg>${textnames}</arg>
<doc>Logs the given message to the console.</doc>
<status status="PASS" starttime="20230823 12:06:39.703" endtime="20230823 12:06:39.704"/>
</kw>
<status status="PASS" starttime="20230823 12:06:39.670" endtime="20230823 12:06:39.704"/>
</iter>
<iter>
<var name="${i}">2</var>
<kw name="Get Text" library="SeleniumLibrary">
<var>${textnames}</var>
<arg>xpath:(//input)[${i}]</arg>
<doc>Returns the text value of the element identified by ``locator``.</doc>
<msg timestamp="20230823 12:06:39.743" level="INFO">${textnames} = </msg>
<status status="PASS" starttime="20230823 12:06:39.705" endtime="20230823 12:06:39.743"/>
</kw>
<kw name="Log To Console" library="BuiltIn">
<arg>${textnames}</arg>
<doc>Logs the given message to the console.</doc>
<status status="PASS" starttime="20230823 12:06:39.744" endtime="20230823 12:06:39.744"/>
</kw>
<status status="PASS" starttime="20230823 12:06:39.704" endtime="20230823 12:06:39.745"/>
</iter>
<iter>
<var name="${i}">3</var>
<kw name="Get Text" library="SeleniumLibrary">
<var>${textnames}</var>
<arg>xpath:(//input)[${i}]</arg>
<doc>Returns the text value of the element identified by ``locator``.</doc>
<msg timestamp="20230823 12:06:39.774" level="INFO">${textnames} = </msg>
<status status="PASS" starttime="20230823 12:06:39.745" endtime="20230823 12:06:39.775"/>
</kw>
<kw name="Log To Console" library="BuiltIn">
<arg>${textnames}</arg>
<doc>Logs the given message to the console.</doc>
<status status="PASS" starttime="20230823 12:06:39.775" endtime="20230823 12:06:39.776"/>
</kw>
<status status="PASS" starttime="20230823 12:06:39.745" endtime="20230823 12:06:39.776"/>
</iter>
<iter>
<var name="${i}">4</var>
<kw name="Get Text" library="SeleniumLibrary">
<var>${textnames}</var>
<arg>xpath:(//input)[${i}]</arg>
<doc>Returns the text value of the element identified by ``locator``.</doc>
<msg timestamp="20230823 12:06:39.799" level="INFO">${textnames} = </msg>
<status status="PASS" starttime="20230823 12:06:39.777" endtime="20230823 12:06:39.799"/>
</kw>
<kw name="Log To Console" library="BuiltIn">
<arg>${textnames}</arg>
<doc>Logs the given message to the console.</doc>
<status status="PASS" starttime="20230823 12:06:39.799" endtime="20230823 12:06:39.800"/>
</kw>
<status status="PASS" starttime="20230823 12:06:39.776" endtime="20230823 12:06:39.800"/>
</iter>
<iter>
<var name="${i}">5</var>
<kw name="Get Text" library="SeleniumLibrary">
<var>${textnames}</var>
<arg>xpath:(//input)[${i}]</arg>
<doc>Returns the text value of the element identified by ``locator``.</doc>
<msg timestamp="20230823 12:06:39.824" level="INFO">${textnames} = </msg>
<status status="PASS" starttime="20230823 12:06:39.801" endtime="20230823 12:06:39.824"/>
</kw>
<kw name="Log To Console" library="BuiltIn">
<arg>${textnames}</arg>
<doc>Logs the given message to the console.</doc>
<status status="PASS" starttime="20230823 12:06:39.825" endtime="20230823 12:06:39.825"/>
</kw>
<status status="PASS" starttime="20230823 12:06:39.800" endtime="20230823 12:06:39.825"/>
</iter>
<iter>
<var name="${i}">6</var>
<kw name="Get Text" library="SeleniumLibrary">
<var>${textnames}</var>
<arg>xpath:(//input)[${i}]</arg>
<doc>Returns the text value of the element identified by ``locator``.</doc>
<msg timestamp="20230823 12:06:39.851" level="INFO">${textnames} = </msg>
<status status="PASS" starttime="20230823 12:06:39.826" endtime="20230823 12:06:39.851"/>
</kw>
<kw name="Log To Console" library="BuiltIn">
<arg>${textnames}</arg>
<doc>Logs the given message to the console.</doc>
<status status="PASS" starttime="20230823 12:06:39.851" endtime="20230823 12:06:39.852"/>
</kw>
<status status="PASS" starttime="20230823 12:06:39.826" endtime="20230823 12:06:39.852"/>
</iter>
<status status="PASS" starttime="20230823 12:06:39.669" endtime="20230823 12:06:39.852"/>
</for>
<kw name="Capture Page Screenshot" library="SeleniumLibrary">
<arg>C:/Users/Praveen/PycharmProjects/pythonProject6/screenshots/ssht1.png</arg>
<doc>Takes a screenshot of the current page and embeds it into a log file.</doc>
<msg timestamp="20230823 12:06:39.988" level="INFO" html="true">&lt;/td&gt;&lt;/tr&gt;&lt;tr&gt;&lt;td colspan="3"&gt;&lt;a href="../../screenshots/ssht1.png"&gt;&lt;img src="../../screenshots/ssht1.png" width="800px"&gt;&lt;/a&gt;</msg>
<status status="PASS" starttime="20230823 12:06:39.852" endtime="20230823 12:06:39.988"/>
</kw>
<doc>getting textbox count and names</doc>
<tag>unit</tag>
<status status="PASS" starttime="20230823 12:06:39.646" endtime="20230823 12:06:39.988"/>
</test>
<status status="PASS" starttime="20230823 12:06:20.889" endtime="20230823 12:06:39.990"/>
</suite>
<status status="PASS" starttime="20230823 12:06:20.852" endtime="20230823 12:06:39.992"/>
</suite>
<statistics>
<total>
<stat pass="4" fail="0" skip="0">All Tests</stat>
</total>
<tag>
<stat pass="1" fail="0" skip="0">regression</stat>
<stat pass="2" fail="0" skip="0">sanity</stat>
<stat pass="1" fail="0" skip="0">unit</stat>
</tag>
<suite>
<stat pass="4" fail="0" skip="0" id="s1" name="TestCases">TestCases</stat>
<stat pass="4" fail="0" skip="0" id="s1-s1" name="Sample1">TestCases.Sample1</stat>
</suite>
</statistics>
<errors>
<msg timestamp="20230823 12:06:22.795" level="WARN">The chromedriver version (115.0.5790.102) detected in PATH at C:\Users\Praveen\AppData\Local\Programs\Python\Python311\Scripts\chromedriver.exe might not be compatible with the detected chrome version (116.0.5845.97); currently, chromedriver 116.0.5845.96 is recommended for chrome 116.*, so it is advised to delete the driver in PATH and retry</msg>
</errors>
</robot>
