<?xml version="1.0" encoding="UTF-8"?>
<robot generator="Robot 6.1.1 (Python 3.11.4 on win32)" generated="20230823 12:06:20.740" rpa="false" schemaversion="4">
<suite id="s1" name="TestCases" source="C:\Users\Praveen\PycharmProjects\pythonProject6\TestCases">
<suite id="s1-s1" name="Sample5" source="C:\Users\Praveen\PycharmProjects\pythonProject6\TestCases\sample5.robot">
<test id="s1-s1-t1" name="TC1" line="6">
<kw name="Open Browser" library="SeleniumLibrary">
<arg>https://testautomationpractice.blogspot.com/</arg>
<arg>chrome</arg>
<doc>Opens a new browser instance to the optional ``url``.</doc>
<msg timestamp="20230823 12:06:21.299" level="INFO">Opening browser 'chrome' to base url 'https://testautomationpractice.blogspot.com/'.</msg>
<msg timestamp="20230823 12:06:22.681" level="WARN">The chromedriver version (115.0.5790.102) detected in PATH at C:\Users\Praveen\AppData\Local\Programs\Python\Python311\Scripts\chromedriver.exe might not be compatible with the detected chrome version (116.0.5845.97); currently, chromedriver 116.0.5845.96 is recommended for chrome 116.*, so it is advised to delete the driver in PATH and retry</msg>
<status status="PASS" starttime="20230823 12:06:21.297" endtime="20230823 12:06:34.814"/>
</kw>
<kw name="Maximize Browser Window" library="SeleniumLibrary">
<doc>Maximizes current browser window.</doc>
<status status="PASS" starttime="20230823 12:06:34.815" endtime="20230823 12:06:34.934"/>
</kw>
<kw name="Log To Console" library="BuiltIn">
<arg>chromebrowser launched and navigated successfully</arg>
<doc>Logs the given message to the console.</doc>
<status status="PASS" starttime="20230823 12:06:34.935" endtime="20230823 12:06:34.936"/>
</kw>
<doc>launching browser</doc>
<tag>sanity</tag>
<status status="PASS" starttime="20230823 12:06:21.296" endtime="20230823 12:06:34.937"/>
</test>
<test id="s1-s1-t2" name="TC2" line="12">
<kw name="Input Text" library="SeleniumLibrary">
<arg>//input[@id='name']</arg>
<arg>veenu</arg>
<doc>Types the given ``text`` into the text field identified by ``locator``.</doc>
<msg timestamp="20230823 12:06:34.941" level="INFO">Typing text 'veenu' into text field '//input[@id='name']'.</msg>
<status status="PASS" starttime="20230823 12:06:34.940" endtime="20230823 12:06:35.249"/>
</kw>
<kw name="Capture Element Screenshot" library="SeleniumLibrary">
<arg>//input[@id='name']</arg>
<arg>C:/Users/Praveen/PycharmProjects/pythonProject6/screenshots/name.png</arg>
<doc>Captures a screenshot from the element identified by ``locator`` and embeds it into log file.</doc>
<msg timestamp="20230823 12:06:35.367" level="INFO" html="true">&lt;/td&gt;&lt;/tr&gt;&lt;tr&gt;&lt;td colspan="3"&gt;&lt;a href="../../screenshots/name.png"&gt;&lt;img src="../../screenshots/name.png" width="400px"&gt;&lt;/a&gt;</msg>
<status status="PASS" starttime="20230823 12:06:35.249" endtime="20230823 12:06:35.367"/>
</kw>
<kw name="Clear Element Text" library="SeleniumLibrary">
<arg>//input[@id='name']</arg>
<doc>Clears the value of the text-input-element identified by ``locator``.</doc>
<status status="PASS" starttime="20230823 12:06:35.367" endtime="20230823 12:06:35.453"/>
</kw>
<kw name="Input Text" library="SeleniumLibrary">
<arg>//input[@id='name']</arg>
<arg>veenu</arg>
<doc>Types the given ``text`` into the text field identified by ``locator``.</doc>
<msg timestamp="20230823 12:06:35.455" level="INFO">Typing text 'veenu' into text field '//input[@id='name']'.</msg>
<status status="PASS" starttime="20230823 12:06:35.454" endtime="20230823 12:06:35.672"/>
</kw>
<kw name="Input Text" library="SeleniumLibrary">
<arg>//input[@id='email']</arg>
<arg>veenu@gmail.com</arg>
<doc>Types the given ``text`` into the text field identified by ``locator``.</doc>
<msg timestamp="20230823 12:06:35.674" level="INFO">Typing text 'veenu@gmail.com' into text field '//input[@id='email']'.</msg>
<status status="PASS" starttime="20230823 12:06:35.673" endtime="20230823 12:06:35.918"/>
</kw>
<kw name="Select Radio Button" library="SeleniumLibrary">
<arg>gender</arg>
<arg>male</arg>
<doc>Sets the radio button group ``group_name`` to ``value``.</doc>
<msg timestamp="20230823 12:06:35.919" level="INFO">Selecting 'male' from radio button 'gender'.</msg>
<status status="PASS" starttime="20230823 12:06:35.918" endtime="20230823 12:06:36.046"/>
</kw>
<kw name="Select Checkbox" library="SeleniumLibrary">
<arg>id:sunday</arg>
<doc>Selects the checkbox identified by ``locator``.</doc>
<msg timestamp="20230823 12:06:36.047" level="INFO">Selecting checkbox 'id:sunday'.</msg>
<status status="PASS" starttime="20230823 12:06:36.046" endtime="20230823 12:06:36.202"/>
</kw>
<kw name="Select Checkbox" library="SeleniumLibrary">
<arg>id:wednesday</arg>
<doc>Selects the checkbox identified by ``locator``.</doc>
<msg timestamp="20230823 12:06:36.204" level="INFO">Selecting checkbox 'id:wednesday'.</msg>
<status status="PASS" starttime="20230823 12:06:36.203" endtime="20230823 12:06:36.380"/>
</kw>
<kw name="Scroll Element Into View" library="SeleniumLibrary">
<arg>//label[contains(text(),'Country:')]</arg>
<doc>Scrolls the element identified by ``locator`` into view.</doc>
<status status="PASS" starttime="20230823 12:06:36.381" endtime="20230823 12:06:36.699"/>
</kw>
<kw name="Select From List By Label" library="SeleniumLibrary">
<arg>//select[@id='country']</arg>
<arg>India</arg>
<doc>Selects options from selection list ``locator`` by ``labels``.</doc>
<msg timestamp="20230823 12:06:36.700" level="INFO">Selecting options from selection list '//select[@id='country']' by label India.</msg>
<status status="PASS" starttime="20230823 12:06:36.699" endtime="20230823 12:06:36.874"/>
</kw>
<kw name="Set Selenium Implicit Wait" library="SeleniumLibrary">
<arg>1second</arg>
<doc>Sets the implicit wait value used by Selenium.</doc>
<status status="PASS" starttime="20230823 12:06:36.874" endtime="20230823 12:06:36.876"/>
</kw>
<kw name="Get Selenium Implicit Wait" library="SeleniumLibrary">
<var>${getseltimout}</var>
<doc>Gets the implicit wait value used by Selenium.</doc>
<msg timestamp="20230823 12:06:36.878" level="INFO">${getseltimout} = 1 second</msg>
<status status="PASS" starttime="20230823 12:06:36.877" endtime="20230823 12:06:36.878"/>
</kw>
<kw name="Log To Console" library="BuiltIn">
<arg>default Selenium timeout :${getseltimout}</arg>
<doc>Logs the given message to the console.</doc>
<status status="PASS" starttime="20230823 12:06:36.878" endtime="20230823 12:06:36.881"/>
</kw>
<kw name="Set Selenium Timeout" library="SeleniumLibrary">
<arg>3seconds</arg>
<doc>Sets the timeout that is used by various keywords.</doc>
<status status="PASS" starttime="20230823 12:06:36.882" endtime="20230823 12:06:36.885"/>
</kw>
<kw name="Get Selenium Timeout" library="SeleniumLibrary">
<var>${getseltimout}</var>
<doc>Gets the timeout that is used by various keywords.</doc>
<msg timestamp="20230823 12:06:36.886" level="INFO">${getseltimout} = 3 seconds</msg>
<status status="PASS" starttime="20230823 12:06:36.885" endtime="20230823 12:06:36.886"/>
</kw>
<kw name="Get Selenium Speed" library="SeleniumLibrary">
<var>${getselspeed}</var>
<doc>Gets the delay that is waited after each Selenium command.</doc>
<msg timestamp="20230823 12:06:36.887" level="INFO">${getselspeed} = 0 seconds</msg>
<status status="PASS" starttime="20230823 12:06:36.886" endtime="20230823 12:06:36.887"/>
</kw>
<kw name="Log To Console" library="BuiltIn">
<arg>New Selenium timeout :</arg>
<arg>${getseltimout}</arg>
<doc>Logs the given message to the console.</doc>
<status status="PASS" starttime="20230823 12:06:36.887" endtime="20230823 12:06:36.888"/>
</kw>
<kw name="Log To Console" library="BuiltIn">
<arg>current selenium speed :</arg>
<arg>${getselspeed}</arg>
<doc>Logs the given message to the console.</doc>
<status status="PASS" starttime="20230823 12:06:36.888" endtime="20230823 12:06:36.889"/>
</kw>
<doc>Working on web elements</doc>
<tag>sanity</tag>
<status status="PASS" starttime="20230823 12:06:34.939" endtime="20230823 12:06:36.889"/>
</test>
<test id="s1-s1-t3" name="TC3" line="36">
<kw name="Get Element Count" library="SeleniumLibrary">
<var>${linkscount}</var>
<arg>xpath://a</arg>
<doc>Returns the number of elements matching ``locator``.</doc>
<msg timestamp="20230823 12:06:36.926" level="INFO">${linkscount} = 13</msg>
<status status="PASS" starttime="20230823 12:06:36.891" endtime="20230823 12:06:36.926"/>
</kw>
<kw name="Convert To Integer" library="BuiltIn">
<arg>${linkscount}</arg>
<doc>Converts the given item to an integer number.</doc>
<status status="PASS" starttime="20230823 12:06:36.926" endtime="20230823 12:06:36.927"/>
</kw>
<kw name="Log To Console" library="BuiltIn">
<arg>total links on page :${linkscount}</arg>
<doc>Logs the given message to the console.</doc>
<status status="PASS" starttime="20230823 12:06:36.927" endtime="20230823 12:06:36.928"/>
</kw>
<kw name="Create List" library="BuiltIn">
<var>@{allpagelinks}</var>
<doc>Returns a list containing given items.</doc>
<msg timestamp="20230823 12:06:36.930" level="INFO">@{allpagelinks} = [ ]</msg>
<status status="PASS" starttime="20230823 12:06:36.928" endtime="20230823 12:06:36.930"/>
</kw>
<for flavor="IN RANGE">
<var>${i}</var>
<value>1</value>
<value>${linkscount}+1</value>
<iter>
<var name="${i}">1</var>
<kw name="Get Text" library="SeleniumLibrary">
<var>${linkscount}</var>
<arg>xpath:(//a)[${i}]</arg>
<doc>Returns the text value of the element identified by ``locator``.</doc>
<msg timestamp="20230823 12:06:37.056" level="INFO">${linkscount} = </msg>
<status status="PASS" starttime="20230823 12:06:36.933" endtime="20230823 12:06:37.056"/>
</kw>
<kw name="Log To Console" library="BuiltIn">
<arg>${linkscount}</arg>
<doc>Logs the given message to the console.</doc>
<status status="PASS" starttime="20230823 12:06:37.057" endtime="20230823 12:06:37.057"/>
</kw>
<status status="PASS" starttime="20230823 12:06:36.932" endtime="20230823 12:06:37.058"/>
</iter>
<iter>
<var name="${i}">2</var>
<kw name="Get Text" library="SeleniumLibrary">
<var>${linkscount}</var>
<arg>xpath:(//a)[${i}]</arg>
<doc>Returns the text value of the element identified by ``locator``.</doc>
<msg timestamp="20230823 12:06:37.102" level="INFO">${linkscount} = open cart</msg>
<status status="PASS" starttime="20230823 12:06:37.059" endtime="20230823 12:06:37.102"/>
</kw>
<kw name="Log To Console" library="BuiltIn">
<arg>${linkscount}</arg>
<doc>Logs the given message to the console.</doc>
<status status="PASS" starttime="20230823 12:06:37.103" endtime="20230823 12:06:37.103"/>
</kw>
<status status="PASS" starttime="20230823 12:06:37.058" endtime="20230823 12:06:37.104"/>
</iter>
<iter>
<var name="${i}">3</var>
<kw name="Get Text" library="SeleniumLibrary">
<var>${linkscount}</var>
<arg>xpath:(//a)[${i}]</arg>
<doc>Returns the text value of the element identified by ``locator``.</doc>
<msg timestamp="20230823 12:06:37.144" level="INFO">${linkscount} = orange HRM</msg>
<status status="PASS" starttime="20230823 12:06:37.104" endtime="20230823 12:06:37.144"/>
</kw>
<kw name="Log To Console" library="BuiltIn">
<arg>${linkscount}</arg>
<doc>Logs the given message to the console.</doc>
<status status="PASS" starttime="20230823 12:06:37.144" endtime="20230823 12:06:37.145"/>
</kw>
<status status="PASS" starttime="20230823 12:06:37.104" endtime="20230823 12:06:37.145"/>
</iter>
<iter>
<var name="${i}">4</var>
<kw name="Get Text" library="SeleniumLibrary">
<var>${linkscount}</var>
<arg>xpath:(//a)[${i}]</arg>
<doc>Returns the text value of the element identified by ``locator``.</doc>
<msg timestamp="20230823 12:06:37.225" level="INFO">${linkscount} = Home</msg>
<status status="PASS" starttime="20230823 12:06:37.146" endtime="20230823 12:06:37.225"/>
</kw>
<kw name="Log To Console" library="BuiltIn">
<arg>${linkscount}</arg>
<doc>Logs the given message to the console.</doc>
<status status="PASS" starttime="20230823 12:06:37.225" endtime="20230823 12:06:37.226"/>
</kw>
<status status="PASS" starttime="20230823 12:06:37.146" endtime="20230823 12:06:37.226"/>
</iter>
<iter>
<var name="${i}">5</var>
<kw name="Get Text" library="SeleniumLibrary">
<var>${linkscount}</var>
<arg>xpath:(//a)[${i}]</arg>
<doc>Returns the text value of the element identified by ``locator``.</doc>
<msg timestamp="20230823 12:06:37.272" level="INFO">${linkscount} = Posts (Atom)</msg>
<status status="PASS" starttime="20230823 12:06:37.228" endtime="20230823 12:06:37.272"/>
</kw>
<kw name="Log To Console" library="BuiltIn">
<arg>${linkscount}</arg>
<doc>Logs the given message to the console.</doc>
<status status="PASS" starttime="20230823 12:06:37.273" endtime="20230823 12:06:37.273"/>
</kw>
<status status="PASS" starttime="20230823 12:06:37.227" endtime="20230823 12:06:37.274"/>
</iter>
<iter>
<var name="${i}">6</var>
<kw name="Get Text" library="SeleniumLibrary">
<var>${linkscount}</var>
<arg>xpath:(//a)[${i}]</arg>
<doc>Returns the text value of the element identified by ``locator``.</doc>
<msg timestamp="20230823 12:06:37.319" level="INFO">${linkscount} = 1</msg>
<status status="PASS" starttime="20230823 12:06:37.275" endtime="20230823 12:06:37.319"/>
</kw>
<kw name="Log To Console" library="BuiltIn">
<arg>${linkscount}</arg>
<doc>Logs the given message to the console.</doc>
<status status="PASS" starttime="20230823 12:06:37.319" endtime="20230823 12:06:37.320"/>
</kw>
<status status="PASS" starttime="20230823 12:06:37.274" endtime="20230823 12:06:37.320"/>
</iter>
<iter>
<var name="${i}">7</var>
<kw name="Get Text" library="SeleniumLibrary">
<var>${linkscount}</var>
<arg>xpath:(//a)[${i}]</arg>
<doc>Returns the text value of the element identified by ``locator``.</doc>
<msg timestamp="20230823 12:06:37.371" level="INFO">${linkscount} = 2</msg>
<status status="PASS" starttime="20230823 12:06:37.321" endtime="20230823 12:06:37.371"/>
</kw>
<kw name="Log To Console" library="BuiltIn">
<arg>${linkscount}</arg>
<doc>Logs the given message to the console.</doc>
<status status="PASS" starttime="20230823 12:06:37.372" endtime="20230823 12:06:37.372"/>
</kw>
<status status="PASS" starttime="20230823 12:06:37.320" endtime="20230823 12:06:37.373"/>
</iter>
<iter>
<var name="${i}">8</var>
<kw name="Get Text" library="SeleniumLibrary">
<var>${linkscount}</var>
<arg>xpath:(//a)[${i}]</arg>
<doc>Returns the text value of the element identified by ``locator``.</doc>
<msg timestamp="20230823 12:06:37.445" level="INFO">${linkscount} = 3</msg>
<status status="PASS" starttime="20230823 12:06:37.374" endtime="20230823 12:06:37.445"/>
</kw>
<kw name="Log To Console" library="BuiltIn">
<arg>${linkscount}</arg>
<doc>Logs the given message to the console.</doc>
<status status="PASS" starttime="20230823 12:06:37.446" endtime="20230823 12:06:37.448"/>
</kw>
<status status="PASS" starttime="20230823 12:06:37.374" endtime="20230823 12:06:37.448"/>
</iter>
<iter>
<var name="${i}">9</var>
<kw name="Get Text" library="SeleniumLibrary">
<var>${linkscount}</var>
<arg>xpath:(//a)[${i}]</arg>
<doc>Returns the text value of the element identified by ``locator``.</doc>
<msg timestamp="20230823 12:06:37.532" level="INFO">${linkscount} = 4</msg>
<status status="PASS" starttime="20230823 12:06:37.449" endtime="20230823 12:06:37.532"/>
</kw>
<kw name="Log To Console" library="BuiltIn">
<arg>${linkscount}</arg>
<doc>Logs the given message to the console.</doc>
<status status="PASS" starttime="20230823 12:06:37.533" endtime="20230823 12:06:37.534"/>
</kw>
<status status="PASS" starttime="20230823 12:06:37.448" endtime="20230823 12:06:37.534"/>
</iter>
<iter>
<var name="${i}">10</var>
<kw name="Get Text" library="SeleniumLibrary">
<var>${linkscount}</var>
<arg>xpath:(//a)[${i}]</arg>
<doc>Returns the text value of the element identified by ``locator``.</doc>
<msg timestamp="20230823 12:06:37.573" level="INFO">${linkscount} = </msg>
<status status="PASS" starttime="20230823 12:06:37.535" endtime="20230823 12:06:37.573"/>
</kw>
<kw name="Log To Console" library="BuiltIn">
<arg>${linkscount}</arg>
<doc>Logs the given message to the console.</doc>
<status status="PASS" starttime="20230823 12:06:37.574" endtime="20230823 12:06:37.574"/>
</kw>
<status status="PASS" starttime="20230823 12:06:37.534" endtime="20230823 12:06:37.574"/>
</iter>
<iter>
<var name="${i}">11</var>
<kw name="Get Text" library="SeleniumLibrary">
<var>${linkscount}</var>
<arg>xpath:(//a)[${i}]</arg>
<doc>Returns the text value of the element identified by ``locator``.</doc>
<msg timestamp="20230823 12:06:37.622" level="INFO">${linkscount} = </msg>
<status status="PASS" starttime="20230823 12:06:37.575" endtime="20230823 12:06:37.622"/>
</kw>
<kw name="Log To Console" library="BuiltIn">
<arg>${linkscount}</arg>
<doc>Logs the given message to the console.</doc>
<status status="PASS" starttime="20230823 12:06:37.623" endtime="20230823 12:06:37.624"/>
</kw>
<status status="PASS" starttime="20230823 12:06:37.575" endtime="20230823 12:06:37.624"/>
</iter>
<iter>
<var name="${i}">12</var>
<kw name="Get Text" library="SeleniumLibrary">
<var>${linkscount}</var>
<arg>xpath:(//a)[${i}]</arg>
<doc>Returns the text value of the element identified by ``locator``.</doc>
<msg timestamp="20230823 12:06:37.663" level="INFO">${linkscount} = mariusFM77</msg>
<status status="PASS" starttime="20230823 12:06:37.625" endtime="20230823 12:06:37.663"/>
</kw>
<kw name="Log To Console" library="BuiltIn">
<arg>${linkscount}</arg>
<doc>Logs the given message to the console.</doc>
<status status="PASS" starttime="20230823 12:06:37.664" endtime="20230823 12:06:37.664"/>
</kw>
<status status="PASS" starttime="20230823 12:06:37.624" endtime="20230823 12:06:37.665"/>
</iter>
<iter>
<var name="${i}">13</var>
<kw name="Get Text" library="SeleniumLibrary">
<var>${linkscount}</var>
<arg>xpath:(//a)[${i}]</arg>
<doc>Returns the text value of the element identified by ``locator``.</doc>
<msg timestamp="20230823 12:06:37.702" level="INFO">${linkscount} = Blogger</msg>
<status status="PASS" starttime="20230823 12:06:37.666" endtime="20230823 12:06:37.702"/>
</kw>
<kw name="Log To Console" library="BuiltIn">
<arg>${linkscount}</arg>
<doc>Logs the given message to the console.</doc>
<status status="PASS" starttime="20230823 12:06:37.703" endtime="20230823 12:06:37.703"/>
</kw>
<status status="PASS" starttime="20230823 12:06:37.665" endtime="20230823 12:06:37.704"/>
</iter>
<status status="PASS" starttime="20230823 12:06:36.931" endtime="20230823 12:06:37.704"/>
</for>
<doc>getting list count and names</doc>
<tag>regression</tag>
<status status="PASS" starttime="20230823 12:06:36.890" endtime="20230823 12:06:37.704"/>
</test>
<test id="s1-s1-t4" name="TC4" line="48">
<kw name="Get Element Count" library="SeleniumLibrary">
<var>${textscount}</var>
<arg>xpath://input[@type="text"]</arg>
<doc>Returns the number of elements matching ``locator``.</doc>
<msg timestamp="20230823 12:06:37.737" level="INFO">${textscount} = 7</msg>
<status status="PASS" starttime="20230823 12:06:37.706" endtime="20230823 12:06:37.737"/>
</kw>
<kw name="Log To Console" library="BuiltIn">
<arg>total textboxes on page :${textscount}</arg>
<doc>Logs the given message to the console.</doc>
<status status="PASS" starttime="20230823 12:06:37.738" endtime="20230823 12:06:37.738"/>
</kw>
<for flavor="IN RANGE">
<var>${i}</var>
<value>1</value>
<value>${textscount}</value>
<iter>
<var name="${i}">1</var>
<kw name="Get Text" library="SeleniumLibrary">
<var>${textnames}</var>
<arg>xpath:(//input)[${i}]</arg>
<doc>Returns the text value of the element identified by ``locator``.</doc>
<msg timestamp="20230823 12:06:37.815" level="INFO">${textnames} = </msg>
<status status="PASS" starttime="20230823 12:06:37.740" endtime="20230823 12:06:37.815"/>
</kw>
<kw name="Log To Console" library="BuiltIn">
<arg>${textnames}</arg>
<doc>Logs the given message to the console.</doc>
<status status="PASS" starttime="20230823 12:06:37.815" endtime="20230823 12:06:37.816"/>
</kw>
<status status="PASS" starttime="20230823 12:06:37.739" endtime="20230823 12:06:37.816"/>
</iter>
<iter>
<var name="${i}">2</var>
<kw name="Get Text" library="SeleniumLibrary">
<var>${textnames}</var>
<arg>xpath:(//input)[${i}]</arg>
<doc>Returns the text value of the element identified by ``locator``.</doc>
<msg timestamp="20230823 12:06:37.889" level="INFO">${textnames} = </msg>
<status status="PASS" starttime="20230823 12:06:37.817" endtime="20230823 12:06:37.889"/>
</kw>
<kw name="Log To Console" library="BuiltIn">
<arg>${textnames}</arg>
<doc>Logs the given message to the console.</doc>
<status status="PASS" starttime="20230823 12:06:37.890" endtime="20230823 12:06:37.890"/>
</kw>
<status status="PASS" starttime="20230823 12:06:37.817" endtime="20230823 12:06:37.891"/>
</iter>
<iter>
<var name="${i}">3</var>
<kw name="Get Text" library="SeleniumLibrary">
<var>${textnames}</var>
<arg>xpath:(//input)[${i}]</arg>
<doc>Returns the text value of the element identified by ``locator``.</doc>
<msg timestamp="20230823 12:06:37.990" level="INFO">${textnames} = </msg>
<status status="PASS" starttime="20230823 12:06:37.891" endtime="20230823 12:06:37.990"/>
</kw>
<kw name="Log To Console" library="BuiltIn">
<arg>${textnames}</arg>
<doc>Logs the given message to the console.</doc>
<status status="PASS" starttime="20230823 12:06:37.991" endtime="20230823 12:06:37.992"/>
</kw>
<status status="PASS" starttime="20230823 12:06:37.891" endtime="20230823 12:06:37.992"/>
</iter>
<iter>
<var name="${i}">4</var>
<kw name="Get Text" library="SeleniumLibrary">
<var>${textnames}</var>
<arg>xpath:(//input)[${i}]</arg>
<doc>Returns the text value of the element identified by ``locator``.</doc>
<msg timestamp="20230823 12:06:38.056" level="INFO">${textnames} = </msg>
<status status="PASS" starttime="20230823 12:06:37.993" endtime="20230823 12:06:38.056"/>
</kw>
<kw name="Log To Console" library="BuiltIn">
<arg>${textnames}</arg>
<doc>Logs the given message to the console.</doc>
<status status="PASS" starttime="20230823 12:06:38.056" endtime="20230823 12:06:38.057"/>
</kw>
<status status="PASS" starttime="20230823 12:06:37.992" endtime="20230823 12:06:38.058"/>
</iter>
<iter>
<var name="${i}">5</var>
<kw name="Get Text" library="SeleniumLibrary">
<var>${textnames}</var>
<arg>xpath:(//input)[${i}]</arg>
<doc>Returns the text value of the element identified by ``locator``.</doc>
<msg timestamp="20230823 12:06:38.186" level="INFO">${textnames} = </msg>
<status status="PASS" starttime="20230823 12:06:38.059" endtime="20230823 12:06:38.186"/>
</kw>
<kw name="Log To Console" library="BuiltIn">
<arg>${textnames}</arg>
<doc>Logs the given message to the console.</doc>
<status status="PASS" starttime="20230823 12:06:38.186" endtime="20230823 12:06:38.187"/>
</kw>
<status status="PASS" starttime="20230823 12:06:38.058" endtime="20230823 12:06:38.187"/>
</iter>
<iter>
<var name="${i}">6</var>
<kw name="Get Text" library="SeleniumLibrary">
<var>${textnames}</var>
<arg>xpath:(//input)[${i}]</arg>
<doc>Returns the text value of the element identified by ``locator``.</doc>
<msg timestamp="20230823 12:06:38.257" level="INFO">${textnames} = </msg>
<status status="PASS" starttime="20230823 12:06:38.188" endtime="20230823 12:06:38.257"/>
</kw>
<kw name="Log To Console" library="BuiltIn">
<arg>${textnames}</arg>
<doc>Logs the given message to the console.</doc>
<status status="PASS" starttime="20230823 12:06:38.258" endtime="20230823 12:06:38.259"/>
</kw>
<status status="PASS" starttime="20230823 12:06:38.188" endtime="20230823 12:06:38.259"/>
</iter>
<status status="PASS" starttime="20230823 12:06:37.739" endtime="20230823 12:06:38.259"/>
</for>
<kw name="Capture Page Screenshot" library="SeleniumLibrary">
<arg>C:/Users/Praveen/PycharmProjects/pythonProject6/screenshots/ssht1.png</arg>
<doc>Takes a screenshot of the current page and embeds it into a log file.</doc>
<msg timestamp="20230823 12:06:38.415" level="INFO" html="true">&lt;/td&gt;&lt;/tr&gt;&lt;tr&gt;&lt;td colspan="3"&gt;&lt;a href="../../screenshots/ssht1.png"&gt;&lt;img src="../../screenshots/ssht1.png" width="800px"&gt;&lt;/a&gt;</msg>
<status status="PASS" starttime="20230823 12:06:38.259" endtime="20230823 12:06:38.415"/>
</kw>
<doc>getting textbox count and names</doc>
<tag>unit</tag>
<status status="PASS" starttime="20230823 12:06:37.705" endtime="20230823 12:06:38.416"/>
</test>
<status status="PASS" starttime="20230823 12:06:20.814" endtime="20230823 12:06:38.417"/>
</suite>
<status status="PASS" starttime="20230823 12:06:20.766" endtime="20230823 12:06:38.421"/>
</suite>
<statistics>
<total>
<stat pass="4" fail="0" skip="0">All Tests</stat>
</total>
<tag>
<stat pass="1" fail="0" skip="0">regression</stat>
<stat pass="2" fail="0" skip="0">sanity</stat>
<stat pass="1" fail="0" skip="0">unit</stat>
</tag>
<suite>
<stat pass="4" fail="0" skip="0" id="s1" name="TestCases">TestCases</stat>
<stat pass="4" fail="0" skip="0" id="s1-s1" name="Sample5">TestCases.Sample5</stat>
</suite>
</statistics>
<errors>
<msg timestamp="20230823 12:06:22.681" level="WARN">The chromedriver version (115.0.5790.102) detected in PATH at C:\Users\Praveen\AppData\Local\Programs\Python\Python311\Scripts\chromedriver.exe might not be compatible with the detected chrome version (116.0.5845.97); currently, chromedriver 116.0.5845.96 is recommended for chrome 116.*, so it is advised to delete the driver in PATH and retry</msg>
</errors>
</robot>
