<?xml version="1.0" encoding="UTF-8"?>
<robot generator="Rebot 6.1.1 (Python 3.11.4 on win32)" generated="20230823 12:21:55.069" rpa="false" schemaversion="4">
<suite id="s1" name="TestCases" source="C:\Users\Praveen\PycharmProjects\pythonProject6\TestCases">
<suite id="s1-s1" name="Sample1" source="C:\Users\Praveen\PycharmProjects\pythonProject6\TestCases\sample1.robot">
<test id="s1-s1-t1" name="TC1" line="6">
<kw name="Open Browser" library="SeleniumLibrary">
<arg>https://testautomationpractice.blogspot.com/</arg>
<arg>headlesschrome</arg>
<doc>Opens a new browser instance to the optional ``url``.</doc>
<msg timestamp="20230823 12:21:34.705" level="INFO">Opening browser 'headlesschrome' to base url 'https://testautomationpractice.blogspot.com/'.</msg>
<status status="PASS" starttime="20230823 12:21:34.703" endtime="20230823 12:21:46.304"/>
</kw>
<kw name="Maximize Browser Window" library="SeleniumLibrary">
<doc>Maximizes current browser window.</doc>
<status status="PASS" starttime="20230823 12:21:46.305" endtime="20230823 12:21:46.498"/>
</kw>
<kw name="Log To Console" library="BuiltIn">
<arg>chromebrowser launched and navigated successfully</arg>
<doc>Logs the given message to the console.</doc>
<status status="PASS" starttime="20230823 12:21:46.498" endtime="20230823 12:21:46.499"/>
</kw>
<doc>launching browser</doc>
<tag>sanity</tag>
<status status="PASS" starttime="20230823 12:21:34.696" endtime="20230823 12:21:46.500"/>
</test>
<test id="s1-s1-t2" name="TC2" line="12">
<kw name="Input Text" library="SeleniumLibrary">
<arg>//input[@id='name']</arg>
<arg>veenu</arg>
<doc>Types the given ``text`` into the text field identified by ``locator``.</doc>
<msg timestamp="20230823 12:21:46.504" level="INFO">Typing text 'veenu' into text field '//input[@id='name']'.</msg>
<status status="PASS" starttime="20230823 12:21:46.502" endtime="20230823 12:21:47.397"/>
</kw>
<kw name="Capture Element Screenshot" library="SeleniumLibrary">
<arg>//input[@id='name']</arg>
<arg>C:/Users/Praveen/PycharmProjects/pythonProject6/screenshots/name.png</arg>
<doc>Captures a screenshot from the element identified by ``locator`` and embeds it into log file.</doc>
<msg timestamp="20230823 12:21:47.605" level="INFO" html="true">&lt;/td&gt;&lt;/tr&gt;&lt;tr&gt;&lt;td colspan="3"&gt;&lt;a href="../screenshots/name.png"&gt;&lt;img src="../screenshots/name.png" width="400px"&gt;&lt;/a&gt;</msg>
<status status="PASS" starttime="20230823 12:21:47.397" endtime="20230823 12:21:47.605"/>
</kw>
<kw name="Clear Element Text" library="SeleniumLibrary">
<arg>//input[@id='name']</arg>
<doc>Clears the value of the text-input-element identified by ``locator``.</doc>
<status status="PASS" starttime="20230823 12:21:47.606" endtime="20230823 12:21:47.704"/>
</kw>
<kw name="Input Text" library="SeleniumLibrary">
<arg>//input[@id='name']</arg>
<arg>veenu</arg>
<doc>Types the given ``text`` into the text field identified by ``locator``.</doc>
<msg timestamp="20230823 12:21:47.706" level="INFO">Typing text 'veenu' into text field '//input[@id='name']'.</msg>
<status status="PASS" starttime="20230823 12:21:47.704" endtime="20230823 12:21:48.251"/>
</kw>
<kw name="Input Text" library="SeleniumLibrary">
<arg>//input[@id='email']</arg>
<arg>veenu@gmail.com</arg>
<doc>Types the given ``text`` into the text field identified by ``locator``.</doc>
<msg timestamp="20230823 12:21:48.252" level="INFO">Typing text 'veenu@gmail.com' into text field '//input[@id='email']'.</msg>
<status status="PASS" starttime="20230823 12:21:48.251" endtime="20230823 12:21:48.708"/>
</kw>
<kw name="Select Radio Button" library="SeleniumLibrary">
<arg>gender</arg>
<arg>male</arg>
<doc>Sets the radio button group ``group_name`` to ``value``.</doc>
<msg timestamp="20230823 12:21:48.709" level="INFO">Selecting 'male' from radio button 'gender'.</msg>
<status status="PASS" starttime="20230823 12:21:48.708" endtime="20230823 12:21:48.899"/>
</kw>
<kw name="Select Checkbox" library="SeleniumLibrary">
<arg>id:sunday</arg>
<doc>Selects the checkbox identified by ``locator``.</doc>
<msg timestamp="20230823 12:21:48.902" level="INFO">Selecting checkbox 'id:sunday'.</msg>
<status status="PASS" starttime="20230823 12:21:48.900" endtime="20230823 12:21:49.200"/>
</kw>
<kw name="Select Checkbox" library="SeleniumLibrary">
<arg>id:wednesday</arg>
<doc>Selects the checkbox identified by ``locator``.</doc>
<msg timestamp="20230823 12:21:49.201" level="INFO">Selecting checkbox 'id:wednesday'.</msg>
<status status="PASS" starttime="20230823 12:21:49.200" endtime="20230823 12:21:49.352"/>
</kw>
<kw name="Scroll Element Into View" library="SeleniumLibrary">
<arg>//label[contains(text(),'Country:')]</arg>
<doc>Scrolls the element identified by ``locator`` into view.</doc>
<status status="PASS" starttime="20230823 12:21:49.352" endtime="20230823 12:21:49.651"/>
</kw>
<kw name="Select From List By Label" library="SeleniumLibrary">
<arg>//select[@id='country']</arg>
<arg>India</arg>
<doc>Selects options from selection list ``locator`` by ``labels``.</doc>
<msg timestamp="20230823 12:21:49.652" level="INFO">Selecting options from selection list '//select[@id='country']' by label India.</msg>
<status status="PASS" starttime="20230823 12:21:49.651" endtime="20230823 12:21:49.802"/>
</kw>
<kw name="Set Selenium Implicit Wait" library="SeleniumLibrary">
<arg>1second</arg>
<doc>Sets the implicit wait value used by Selenium.</doc>
<status status="PASS" starttime="20230823 12:21:49.802" endtime="20230823 12:21:49.804"/>
</kw>
<kw name="Get Selenium Implicit Wait" library="SeleniumLibrary">
<var>${getseltimout}</var>
<doc>Gets the implicit wait value used by Selenium.</doc>
<msg timestamp="20230823 12:21:49.807" level="INFO">${getseltimout} = 1 second</msg>
<status status="PASS" starttime="20230823 12:21:49.805" endtime="20230823 12:21:49.807"/>
</kw>
<kw name="Log To Console" library="BuiltIn">
<arg>default Selenium timeout :${getseltimout}</arg>
<doc>Logs the given message to the console.</doc>
<status status="PASS" starttime="20230823 12:21:49.807" endtime="20230823 12:21:49.808"/>
</kw>
<kw name="Set Selenium Timeout" library="SeleniumLibrary">
<arg>3seconds</arg>
<doc>Sets the timeout that is used by various keywords.</doc>
<status status="PASS" starttime="20230823 12:21:49.808" endtime="20230823 12:21:49.810"/>
</kw>
<kw name="Get Selenium Timeout" library="SeleniumLibrary">
<var>${getseltimout}</var>
<doc>Gets the timeout that is used by various keywords.</doc>
<msg timestamp="20230823 12:21:49.811" level="INFO">${getseltimout} = 3 seconds</msg>
<status status="PASS" starttime="20230823 12:21:49.811" endtime="20230823 12:21:49.811"/>
</kw>
<kw name="Get Selenium Speed" library="SeleniumLibrary">
<var>${getselspeed}</var>
<doc>Gets the delay that is waited after each Selenium command.</doc>
<msg timestamp="20230823 12:21:49.812" level="INFO">${getselspeed} = 0 seconds</msg>
<status status="PASS" starttime="20230823 12:21:49.812" endtime="20230823 12:21:49.812"/>
</kw>
<kw name="Log To Console" library="BuiltIn">
<arg>New Selenium timeout :</arg>
<arg>${getseltimout}</arg>
<doc>Logs the given message to the console.</doc>
<status status="PASS" starttime="20230823 12:21:49.813" endtime="20230823 12:21:49.813"/>
</kw>
<kw name="Log To Console" library="BuiltIn">
<arg>current selenium speed :</arg>
<arg>${getselspeed}</arg>
<doc>Logs the given message to the console.</doc>
<status status="PASS" starttime="20230823 12:21:49.814" endtime="20230823 12:21:49.815"/>
</kw>
<doc>Working on web elements</doc>
<tag>sanity</tag>
<status status="PASS" starttime="20230823 12:21:46.502" endtime="20230823 12:21:49.815"/>
</test>
<test id="s1-s1-t3" name="TC3" line="36">
<kw name="Get Element Count" library="SeleniumLibrary">
<var>${linkscount}</var>
<arg>xpath://a</arg>
<doc>Returns the number of elements matching ``locator``.</doc>
<msg timestamp="20230823 12:21:49.846" level="INFO">${linkscount} = 13</msg>
<status status="PASS" starttime="20230823 12:21:49.817" endtime="20230823 12:21:49.846"/>
</kw>
<kw name="Convert To Integer" library="BuiltIn">
<arg>${linkscount}</arg>
<doc>Converts the given item to an integer number.</doc>
<status status="PASS" starttime="20230823 12:21:49.847" endtime="20230823 12:21:49.848"/>
</kw>
<kw name="Log To Console" library="BuiltIn">
<arg>total links on page :${linkscount}</arg>
<doc>Logs the given message to the console.</doc>
<status status="PASS" starttime="20230823 12:21:49.848" endtime="20230823 12:21:49.849"/>
</kw>
<kw name="Create List" library="BuiltIn">
<var>@{allpagelinks}</var>
<doc>Returns a list containing given items.</doc>
<msg timestamp="20230823 12:21:49.850" level="INFO">@{allpagelinks} = [ ]</msg>
<status status="PASS" starttime="20230823 12:21:49.849" endtime="20230823 12:21:49.850"/>
</kw>
<for flavor="IN RANGE">
<var>${i}</var>
<value>1</value>
<value>${linkscount}+1</value>
<iter>
<var name="${i}">1</var>
<kw name="Get Text" library="SeleniumLibrary">
<var>${linkscount}</var>
<arg>xpath:(//a)[${i}]</arg>
<doc>Returns the text value of the element identified by ``locator``.</doc>
<msg timestamp="20230823 12:21:49.917" level="INFO">${linkscount} = </msg>
<status status="PASS" starttime="20230823 12:21:49.851" endtime="20230823 12:21:49.917"/>
</kw>
<kw name="Log To Console" library="BuiltIn">
<arg>${linkscount}</arg>
<doc>Logs the given message to the console.</doc>
<status status="PASS" starttime="20230823 12:21:49.917" endtime="20230823 12:21:49.918"/>
</kw>
<status status="PASS" starttime="20230823 12:21:49.851" endtime="20230823 12:21:49.918"/>
</iter>
<iter>
<var name="${i}">2</var>
<kw name="Get Text" library="SeleniumLibrary">
<var>${linkscount}</var>
<arg>xpath:(//a)[${i}]</arg>
<doc>Returns the text value of the element identified by ``locator``.</doc>
<msg timestamp="20230823 12:21:49.961" level="INFO">${linkscount} = open cart</msg>
<status status="PASS" starttime="20230823 12:21:49.919" endtime="20230823 12:21:49.961"/>
</kw>
<kw name="Log To Console" library="BuiltIn">
<arg>${linkscount}</arg>
<doc>Logs the given message to the console.</doc>
<status status="PASS" starttime="20230823 12:21:49.961" endtime="20230823 12:21:49.962"/>
</kw>
<status status="PASS" starttime="20230823 12:21:49.919" endtime="20230823 12:21:49.962"/>
</iter>
<iter>
<var name="${i}">3</var>
<kw name="Get Text" library="SeleniumLibrary">
<var>${linkscount}</var>
<arg>xpath:(//a)[${i}]</arg>
<doc>Returns the text value of the element identified by ``locator``.</doc>
<msg timestamp="20230823 12:21:50.087" level="INFO">${linkscount} = orange HRM</msg>
<status status="PASS" starttime="20230823 12:21:49.963" endtime="20230823 12:21:50.088"/>
</kw>
<kw name="Log To Console" library="BuiltIn">
<arg>${linkscount}</arg>
<doc>Logs the given message to the console.</doc>
<status status="PASS" starttime="20230823 12:21:50.088" endtime="20230823 12:21:50.089"/>
</kw>
<status status="PASS" starttime="20230823 12:21:49.963" endtime="20230823 12:21:50.089"/>
</iter>
<iter>
<var name="${i}">4</var>
<kw name="Get Text" library="SeleniumLibrary">
<var>${linkscount}</var>
<arg>xpath:(//a)[${i}]</arg>
<doc>Returns the text value of the element identified by ``locator``.</doc>
<msg timestamp="20230823 12:21:50.134" level="INFO">${linkscount} = Home</msg>
<status status="PASS" starttime="20230823 12:21:50.091" endtime="20230823 12:21:50.134"/>
</kw>
<kw name="Log To Console" library="BuiltIn">
<arg>${linkscount}</arg>
<doc>Logs the given message to the console.</doc>
<status status="PASS" starttime="20230823 12:21:50.134" endtime="20230823 12:21:50.135"/>
</kw>
<status status="PASS" starttime="20230823 12:21:50.089" endtime="20230823 12:21:50.135"/>
</iter>
<iter>
<var name="${i}">5</var>
<kw name="Get Text" library="SeleniumLibrary">
<var>${linkscount}</var>
<arg>xpath:(//a)[${i}]</arg>
<doc>Returns the text value of the element identified by ``locator``.</doc>
<msg timestamp="20230823 12:21:50.184" level="INFO">${linkscount} = Posts (Atom)</msg>
<status status="PASS" starttime="20230823 12:21:50.136" endtime="20230823 12:21:50.184"/>
</kw>
<kw name="Log To Console" library="BuiltIn">
<arg>${linkscount}</arg>
<doc>Logs the given message to the console.</doc>
<status status="PASS" starttime="20230823 12:21:50.184" endtime="20230823 12:21:50.185"/>
</kw>
<status status="PASS" starttime="20230823 12:21:50.136" endtime="20230823 12:21:50.185"/>
</iter>
<iter>
<var name="${i}">6</var>
<kw name="Get Text" library="SeleniumLibrary">
<var>${linkscount}</var>
<arg>xpath:(//a)[${i}]</arg>
<doc>Returns the text value of the element identified by ``locator``.</doc>
<msg timestamp="20230823 12:21:50.229" level="INFO">${linkscount} = 1</msg>
<status status="PASS" starttime="20230823 12:21:50.186" endtime="20230823 12:21:50.229"/>
</kw>
<kw name="Log To Console" library="BuiltIn">
<arg>${linkscount}</arg>
<doc>Logs the given message to the console.</doc>
<status status="PASS" starttime="20230823 12:21:50.229" endtime="20230823 12:21:50.230"/>
</kw>
<status status="PASS" starttime="20230823 12:21:50.186" endtime="20230823 12:21:50.230"/>
</iter>
<iter>
<var name="${i}">7</var>
<kw name="Get Text" library="SeleniumLibrary">
<var>${linkscount}</var>
<arg>xpath:(//a)[${i}]</arg>
<doc>Returns the text value of the element identified by ``locator``.</doc>
<msg timestamp="20230823 12:21:50.265" level="INFO">${linkscount} = 2</msg>
<status status="PASS" starttime="20230823 12:21:50.231" endtime="20230823 12:21:50.265"/>
</kw>
<kw name="Log To Console" library="BuiltIn">
<arg>${linkscount}</arg>
<doc>Logs the given message to the console.</doc>
<status status="PASS" starttime="20230823 12:21:50.266" endtime="20230823 12:21:50.266"/>
</kw>
<status status="PASS" starttime="20230823 12:21:50.231" endtime="20230823 12:21:50.267"/>
</iter>
<iter>
<var name="${i}">8</var>
<kw name="Get Text" library="SeleniumLibrary">
<var>${linkscount}</var>
<arg>xpath:(//a)[${i}]</arg>
<doc>Returns the text value of the element identified by ``locator``.</doc>
<msg timestamp="20230823 12:21:50.310" level="INFO">${linkscount} = 3</msg>
<status status="PASS" starttime="20230823 12:21:50.267" endtime="20230823 12:21:50.310"/>
</kw>
<kw name="Log To Console" library="BuiltIn">
<arg>${linkscount}</arg>
<doc>Logs the given message to the console.</doc>
<status status="PASS" starttime="20230823 12:21:50.311" endtime="20230823 12:21:50.312"/>
</kw>
<status status="PASS" starttime="20230823 12:21:50.267" endtime="20230823 12:21:50.312"/>
</iter>
<iter>
<var name="${i}">9</var>
<kw name="Get Text" library="SeleniumLibrary">
<var>${linkscount}</var>
<arg>xpath:(//a)[${i}]</arg>
<doc>Returns the text value of the element identified by ``locator``.</doc>
<msg timestamp="20230823 12:21:50.352" level="INFO">${linkscount} = 4</msg>
<status status="PASS" starttime="20230823 12:21:50.313" endtime="20230823 12:21:50.352"/>
</kw>
<kw name="Log To Console" library="BuiltIn">
<arg>${linkscount}</arg>
<doc>Logs the given message to the console.</doc>
<status status="PASS" starttime="20230823 12:21:50.353" endtime="20230823 12:21:50.353"/>
</kw>
<status status="PASS" starttime="20230823 12:21:50.313" endtime="20230823 12:21:50.354"/>
</iter>
<iter>
<var name="${i}">10</var>
<kw name="Get Text" library="SeleniumLibrary">
<var>${linkscount}</var>
<arg>xpath:(//a)[${i}]</arg>
<doc>Returns the text value of the element identified by ``locator``.</doc>
<msg timestamp="20230823 12:21:50.408" level="INFO">${linkscount} = </msg>
<status status="PASS" starttime="20230823 12:21:50.354" endtime="20230823 12:21:50.408"/>
</kw>
<kw name="Log To Console" library="BuiltIn">
<arg>${linkscount}</arg>
<doc>Logs the given message to the console.</doc>
<status status="PASS" starttime="20230823 12:21:50.409" endtime="20230823 12:21:50.410"/>
</kw>
<status status="PASS" starttime="20230823 12:21:50.354" endtime="20230823 12:21:50.410"/>
</iter>
<iter>
<var name="${i}">11</var>
<kw name="Get Text" library="SeleniumLibrary">
<var>${linkscount}</var>
<arg>xpath:(//a)[${i}]</arg>
<doc>Returns the text value of the element identified by ``locator``.</doc>
<msg timestamp="20230823 12:21:50.623" level="INFO">${linkscount} = </msg>
<status status="PASS" starttime="20230823 12:21:50.411" endtime="20230823 12:21:50.624"/>
</kw>
<kw name="Log To Console" library="BuiltIn">
<arg>${linkscount}</arg>
<doc>Logs the given message to the console.</doc>
<status status="PASS" starttime="20230823 12:21:50.624" endtime="20230823 12:21:50.625"/>
</kw>
<status status="PASS" starttime="20230823 12:21:50.410" endtime="20230823 12:21:50.625"/>
</iter>
<iter>
<var name="${i}">12</var>
<kw name="Get Text" library="SeleniumLibrary">
<var>${linkscount}</var>
<arg>xpath:(//a)[${i}]</arg>
<doc>Returns the text value of the element identified by ``locator``.</doc>
<msg timestamp="20230823 12:21:50.698" level="INFO">${linkscount} = mariusFM77</msg>
<status status="PASS" starttime="20230823 12:21:50.626" endtime="20230823 12:21:50.698"/>
</kw>
<kw name="Log To Console" library="BuiltIn">
<arg>${linkscount}</arg>
<doc>Logs the given message to the console.</doc>
<status status="PASS" starttime="20230823 12:21:50.698" endtime="20230823 12:21:50.699"/>
</kw>
<status status="PASS" starttime="20230823 12:21:50.625" endtime="20230823 12:21:50.699"/>
</iter>
<iter>
<var name="${i}">13</var>
<kw name="Get Text" library="SeleniumLibrary">
<var>${linkscount}</var>
<arg>xpath:(//a)[${i}]</arg>
<doc>Returns the text value of the element identified by ``locator``.</doc>
<msg timestamp="20230823 12:21:50.733" level="INFO">${linkscount} = Blogger</msg>
<status status="PASS" starttime="20230823 12:21:50.700" endtime="20230823 12:21:50.733"/>
</kw>
<kw name="Log To Console" library="BuiltIn">
<arg>${linkscount}</arg>
<doc>Logs the given message to the console.</doc>
<status status="PASS" starttime="20230823 12:21:50.733" endtime="20230823 12:21:50.734"/>
</kw>
<status status="PASS" starttime="20230823 12:21:50.699" endtime="20230823 12:21:50.734"/>
</iter>
<status status="PASS" starttime="20230823 12:21:49.850" endtime="20230823 12:21:50.734"/>
</for>
<doc>getting list count and names</doc>
<tag>regression</tag>
<status status="PASS" starttime="20230823 12:21:49.816" endtime="20230823 12:21:50.734"/>
</test>
<test id="s1-s1-t4" name="TC4" line="48">
<kw name="Get Element Count" library="SeleniumLibrary">
<var>${textscount}</var>
<arg>xpath://input[@type="text"]</arg>
<doc>Returns the number of elements matching ``locator``.</doc>
<msg timestamp="20230823 12:21:50.766" level="INFO">${textscount} = 7</msg>
<status status="PASS" starttime="20230823 12:21:50.736" endtime="20230823 12:21:50.766"/>
</kw>
<kw name="Log To Console" library="BuiltIn">
<arg>total textboxes on page :${textscount}</arg>
<doc>Logs the given message to the console.</doc>
<status status="PASS" starttime="20230823 12:21:50.766" endtime="20230823 12:21:50.767"/>
</kw>
<for flavor="IN RANGE">
<var>${i}</var>
<value>1</value>
<value>${textscount}</value>
<iter>
<var name="${i}">1</var>
<kw name="Get Text" library="SeleniumLibrary">
<var>${textnames}</var>
<arg>xpath:(//input)[${i}]</arg>
<doc>Returns the text value of the element identified by ``locator``.</doc>
<msg timestamp="20230823 12:21:50.840" level="INFO">${textnames} = </msg>
<status status="PASS" starttime="20230823 12:21:50.768" endtime="20230823 12:21:50.841"/>
</kw>
<kw name="Log To Console" library="BuiltIn">
<arg>${textnames}</arg>
<doc>Logs the given message to the console.</doc>
<status status="PASS" starttime="20230823 12:21:50.841" endtime="20230823 12:21:50.842"/>
</kw>
<status status="PASS" starttime="20230823 12:21:50.768" endtime="20230823 12:21:50.842"/>
</iter>
<iter>
<var name="${i}">2</var>
<kw name="Get Text" library="SeleniumLibrary">
<var>${textnames}</var>
<arg>xpath:(//input)[${i}]</arg>
<doc>Returns the text value of the element identified by ``locator``.</doc>
<msg timestamp="20230823 12:21:51.120" level="INFO">${textnames} = </msg>
<status status="PASS" starttime="20230823 12:21:50.843" endtime="20230823 12:21:51.120"/>
</kw>
<kw name="Log To Console" library="BuiltIn">
<arg>${textnames}</arg>
<doc>Logs the given message to the console.</doc>
<status status="PASS" starttime="20230823 12:21:51.121" endtime="20230823 12:21:51.122"/>
</kw>
<status status="PASS" starttime="20230823 12:21:50.842" endtime="20230823 12:21:51.122"/>
</iter>
<iter>
<var name="${i}">3</var>
<kw name="Get Text" library="SeleniumLibrary">
<var>${textnames}</var>
<arg>xpath:(//input)[${i}]</arg>
<doc>Returns the text value of the element identified by ``locator``.</doc>
<msg timestamp="20230823 12:21:51.176" level="INFO">${textnames} = </msg>
<status status="PASS" starttime="20230823 12:21:51.123" endtime="20230823 12:21:51.176"/>
</kw>
<kw name="Log To Console" library="BuiltIn">
<arg>${textnames}</arg>
<doc>Logs the given message to the console.</doc>
<status status="PASS" starttime="20230823 12:21:51.177" endtime="20230823 12:21:51.177"/>
</kw>
<status status="PASS" starttime="20230823 12:21:51.122" endtime="20230823 12:21:51.177"/>
</iter>
<iter>
<var name="${i}">4</var>
<kw name="Get Text" library="SeleniumLibrary">
<var>${textnames}</var>
<arg>xpath:(//input)[${i}]</arg>
<doc>Returns the text value of the element identified by ``locator``.</doc>
<msg timestamp="20230823 12:21:51.214" level="INFO">${textnames} = </msg>
<status status="PASS" starttime="20230823 12:21:51.178" endtime="20230823 12:21:51.214"/>
</kw>
<kw name="Log To Console" library="BuiltIn">
<arg>${textnames}</arg>
<doc>Logs the given message to the console.</doc>
<status status="PASS" starttime="20230823 12:21:51.215" endtime="20230823 12:21:51.215"/>
</kw>
<status status="PASS" starttime="20230823 12:21:51.178" endtime="20230823 12:21:51.216"/>
</iter>
<iter>
<var name="${i}">5</var>
<kw name="Get Text" library="SeleniumLibrary">
<var>${textnames}</var>
<arg>xpath:(//input)[${i}]</arg>
<doc>Returns the text value of the element identified by ``locator``.</doc>
<msg timestamp="20230823 12:21:51.248" level="INFO">${textnames} = </msg>
<status status="PASS" starttime="20230823 12:21:51.216" endtime="20230823 12:21:51.249"/>
</kw>
<kw name="Log To Console" library="BuiltIn">
<arg>${textnames}</arg>
<doc>Logs the given message to the console.</doc>
<status status="PASS" starttime="20230823 12:21:51.249" endtime="20230823 12:21:51.250"/>
</kw>
<status status="PASS" starttime="20230823 12:21:51.216" endtime="20230823 12:21:51.250"/>
</iter>
<iter>
<var name="${i}">6</var>
<kw name="Get Text" library="SeleniumLibrary">
<var>${textnames}</var>
<arg>xpath:(//input)[${i}]</arg>
<doc>Returns the text value of the element identified by ``locator``.</doc>
<msg timestamp="20230823 12:21:51.282" level="INFO">${textnames} = </msg>
<status status="PASS" starttime="20230823 12:21:51.250" endtime="20230823 12:21:51.282"/>
</kw>
<kw name="Log To Console" library="BuiltIn">
<arg>${textnames}</arg>
<doc>Logs the given message to the console.</doc>
<status status="PASS" starttime="20230823 12:21:51.283" endtime="20230823 12:21:51.283"/>
</kw>
<status status="PASS" starttime="20230823 12:21:51.250" endtime="20230823 12:21:51.284"/>
</iter>
<status status="PASS" starttime="20230823 12:21:50.767" endtime="20230823 12:21:51.284"/>
</for>
<kw name="Capture Page Screenshot" library="SeleniumLibrary">
<arg>C:/Users/Praveen/PycharmProjects/pythonProject6/screenshots/ssht1.png</arg>
<doc>Takes a screenshot of the current page and embeds it into a log file.</doc>
<msg timestamp="20230823 12:21:51.381" level="INFO" html="true">&lt;/td&gt;&lt;/tr&gt;&lt;tr&gt;&lt;td colspan="3"&gt;&lt;a href="../screenshots/ssht1.png"&gt;&lt;img src="../screenshots/ssht1.png" width="800px"&gt;&lt;/a&gt;</msg>
<status status="PASS" starttime="20230823 12:21:51.284" endtime="20230823 12:21:51.381"/>
</kw>
<doc>getting textbox count and names</doc>
<tag>unit</tag>
<status status="PASS" starttime="20230823 12:21:50.735" endtime="20230823 12:21:51.381"/>
</test>
<status status="PASS" starttime="20230823 12:21:34.159" endtime="20230823 12:21:51.382"/>
</suite>
<suite id="s1-s2" name="Sample2" source="C:\Users\Praveen\PycharmProjects\pythonProject6\TestCases\sample2.robot">
<test id="s1-s2-t1" name="TC1" line="6">
<kw name="Open Browser" library="SeleniumLibrary">
<arg>https://testautomationpractice.blogspot.com/</arg>
<arg>headlesschrome</arg>
<doc>Opens a new browser instance to the optional ``url``.</doc>
<msg timestamp="20230823 12:21:34.575" level="INFO">Opening browser 'headlesschrome' to base url 'https://testautomationpractice.blogspot.com/'.</msg>
<status status="PASS" starttime="20230823 12:21:34.574" endtime="20230823 12:21:45.223"/>
</kw>
<kw name="Maximize Browser Window" library="SeleniumLibrary">
<doc>Maximizes current browser window.</doc>
<status status="PASS" starttime="20230823 12:21:45.223" endtime="20230823 12:21:45.332"/>
</kw>
<kw name="Log To Console" library="BuiltIn">
<arg>chromebrowser launched and navigated successfully</arg>
<doc>Logs the given message to the console.</doc>
<status status="PASS" starttime="20230823 12:21:45.333" endtime="20230823 12:21:45.334"/>
</kw>
<doc>launching browser</doc>
<tag>sanity</tag>
<status status="PASS" starttime="20230823 12:21:34.572" endtime="20230823 12:21:45.334"/>
</test>
<test id="s1-s2-t2" name="TC2" line="12">
<kw name="Input Text" library="SeleniumLibrary">
<arg>//input[@id='name']</arg>
<arg>veenu</arg>
<doc>Types the given ``text`` into the text field identified by ``locator``.</doc>
<msg timestamp="20230823 12:21:45.348" level="INFO">Typing text 'veenu' into text field '//input[@id='name']'.</msg>
<status status="PASS" starttime="20230823 12:21:45.344" endtime="20230823 12:21:45.609"/>
</kw>
<kw name="Capture Element Screenshot" library="SeleniumLibrary">
<arg>//input[@id='name']</arg>
<arg>C:/Users/Praveen/PycharmProjects/pythonProject6/screenshots/name.png</arg>
<doc>Captures a screenshot from the element identified by ``locator`` and embeds it into log file.</doc>
<msg timestamp="20230823 12:21:45.721" level="INFO" html="true">&lt;/td&gt;&lt;/tr&gt;&lt;tr&gt;&lt;td colspan="3"&gt;&lt;a href="../screenshots/name.png"&gt;&lt;img src="../screenshots/name.png" width="400px"&gt;&lt;/a&gt;</msg>
<status status="PASS" starttime="20230823 12:21:45.609" endtime="20230823 12:21:45.721"/>
</kw>
<kw name="Clear Element Text" library="SeleniumLibrary">
<arg>//input[@id='name']</arg>
<doc>Clears the value of the text-input-element identified by ``locator``.</doc>
<status status="PASS" starttime="20230823 12:21:45.722" endtime="20230823 12:21:45.770"/>
</kw>
<kw name="Input Text" library="SeleniumLibrary">
<arg>//input[@id='name']</arg>
<arg>veenu</arg>
<doc>Types the given ``text`` into the text field identified by ``locator``.</doc>
<msg timestamp="20230823 12:21:45.772" level="INFO">Typing text 'veenu' into text field '//input[@id='name']'.</msg>
<status status="PASS" starttime="20230823 12:21:45.771" endtime="20230823 12:21:45.942"/>
</kw>
<kw name="Input Text" library="SeleniumLibrary">
<arg>//input[@id='email']</arg>
<arg>veenu@gmail.com</arg>
<doc>Types the given ``text`` into the text field identified by ``locator``.</doc>
<msg timestamp="20230823 12:21:45.945" level="INFO">Typing text 'veenu@gmail.com' into text field '//input[@id='email']'.</msg>
<status status="PASS" starttime="20230823 12:21:45.943" endtime="20230823 12:21:46.181"/>
</kw>
<kw name="Select Radio Button" library="SeleniumLibrary">
<arg>gender</arg>
<arg>male</arg>
<doc>Sets the radio button group ``group_name`` to ``value``.</doc>
<msg timestamp="20230823 12:21:46.182" level="INFO">Selecting 'male' from radio button 'gender'.</msg>
<status status="PASS" starttime="20230823 12:21:46.181" endtime="20230823 12:21:46.321"/>
</kw>
<kw name="Select Checkbox" library="SeleniumLibrary">
<arg>id:sunday</arg>
<doc>Selects the checkbox identified by ``locator``.</doc>
<msg timestamp="20230823 12:21:46.323" level="INFO">Selecting checkbox 'id:sunday'.</msg>
<status status="PASS" starttime="20230823 12:21:46.321" endtime="20230823 12:21:47.266"/>
</kw>
<kw name="Select Checkbox" library="SeleniumLibrary">
<arg>id:wednesday</arg>
<doc>Selects the checkbox identified by ``locator``.</doc>
<msg timestamp="20230823 12:21:47.267" level="INFO">Selecting checkbox 'id:wednesday'.</msg>
<status status="PASS" starttime="20230823 12:21:47.266" endtime="20230823 12:21:47.460"/>
</kw>
<kw name="Scroll Element Into View" library="SeleniumLibrary">
<arg>//label[contains(text(),'Country:')]</arg>
<doc>Scrolls the element identified by ``locator`` into view.</doc>
<status status="PASS" starttime="20230823 12:21:47.461" endtime="20230823 12:21:47.769"/>
</kw>
<kw name="Select From List By Label" library="SeleniumLibrary">
<arg>//select[@id='country']</arg>
<arg>India</arg>
<doc>Selects options from selection list ``locator`` by ``labels``.</doc>
<msg timestamp="20230823 12:21:47.771" level="INFO">Selecting options from selection list '//select[@id='country']' by label India.</msg>
<status status="PASS" starttime="20230823 12:21:47.770" endtime="20230823 12:21:48.225"/>
</kw>
<kw name="Set Selenium Implicit Wait" library="SeleniumLibrary">
<arg>1second</arg>
<doc>Sets the implicit wait value used by Selenium.</doc>
<status status="PASS" starttime="20230823 12:21:48.226" endtime="20230823 12:21:48.232"/>
</kw>
<kw name="Get Selenium Implicit Wait" library="SeleniumLibrary">
<var>${getseltimout}</var>
<doc>Gets the implicit wait value used by Selenium.</doc>
<msg timestamp="20230823 12:21:48.233" level="INFO">${getseltimout} = 1 second</msg>
<status status="PASS" starttime="20230823 12:21:48.232" endtime="20230823 12:21:48.233"/>
</kw>
<kw name="Log To Console" library="BuiltIn">
<arg>default Selenium timeout :${getseltimout}</arg>
<doc>Logs the given message to the console.</doc>
<status status="PASS" starttime="20230823 12:21:48.235" endtime="20230823 12:21:48.236"/>
</kw>
<kw name="Set Selenium Timeout" library="SeleniumLibrary">
<arg>3seconds</arg>
<doc>Sets the timeout that is used by various keywords.</doc>
<status status="PASS" starttime="20230823 12:21:48.237" endtime="20230823 12:21:48.247"/>
</kw>
<kw name="Get Selenium Timeout" library="SeleniumLibrary">
<var>${getseltimout}</var>
<doc>Gets the timeout that is used by various keywords.</doc>
<msg timestamp="20230823 12:21:48.248" level="INFO">${getseltimout} = 3 seconds</msg>
<status status="PASS" starttime="20230823 12:21:48.247" endtime="20230823 12:21:48.248"/>
</kw>
<kw name="Get Selenium Speed" library="SeleniumLibrary">
<var>${getselspeed}</var>
<doc>Gets the delay that is waited after each Selenium command.</doc>
<msg timestamp="20230823 12:21:48.250" level="INFO">${getselspeed} = 0 seconds</msg>
<status status="PASS" starttime="20230823 12:21:48.249" endtime="20230823 12:21:48.250"/>
</kw>
<kw name="Log To Console" library="BuiltIn">
<arg>New Selenium timeout :</arg>
<arg>${getseltimout}</arg>
<doc>Logs the given message to the console.</doc>
<status status="PASS" starttime="20230823 12:21:48.251" endtime="20230823 12:21:48.251"/>
</kw>
<kw name="Log To Console" library="BuiltIn">
<arg>current selenium speed :</arg>
<arg>${getselspeed}</arg>
<doc>Logs the given message to the console.</doc>
<status status="PASS" starttime="20230823 12:21:48.252" endtime="20230823 12:21:48.252"/>
</kw>
<doc>Working on web elements</doc>
<tag>sanity</tag>
<status status="PASS" starttime="20230823 12:21:45.341" endtime="20230823 12:21:48.253"/>
</test>
<test id="s1-s2-t3" name="TC3" line="36">
<kw name="Get Element Count" library="SeleniumLibrary">
<var>${linkscount}</var>
<arg>xpath://a</arg>
<doc>Returns the number of elements matching ``locator``.</doc>
<msg timestamp="20230823 12:21:48.304" level="INFO">${linkscount} = 13</msg>
<status status="PASS" starttime="20230823 12:21:48.254" endtime="20230823 12:21:48.304"/>
</kw>
<kw name="Convert To Integer" library="BuiltIn">
<arg>${linkscount}</arg>
<doc>Converts the given item to an integer number.</doc>
<status status="PASS" starttime="20230823 12:21:48.304" endtime="20230823 12:21:48.305"/>
</kw>
<kw name="Log To Console" library="BuiltIn">
<arg>total links on page :${linkscount}</arg>
<doc>Logs the given message to the console.</doc>
<status status="PASS" starttime="20230823 12:21:48.305" endtime="20230823 12:21:48.305"/>
</kw>
<kw name="Create List" library="BuiltIn">
<var>@{allpagelinks}</var>
<doc>Returns a list containing given items.</doc>
<msg timestamp="20230823 12:21:48.307" level="INFO">@{allpagelinks} = [ ]</msg>
<status status="PASS" starttime="20230823 12:21:48.306" endtime="20230823 12:21:48.307"/>
</kw>
<for flavor="IN RANGE">
<var>${i}</var>
<value>1</value>
<value>${linkscount}+1</value>
<iter>
<var name="${i}">1</var>
<kw name="Get Text" library="SeleniumLibrary">
<var>${linkscount}</var>
<arg>xpath:(//a)[${i}]</arg>
<doc>Returns the text value of the element identified by ``locator``.</doc>
<msg timestamp="20230823 12:21:48.544" level="INFO">${linkscount} = </msg>
<status status="PASS" starttime="20230823 12:21:48.308" endtime="20230823 12:21:48.544"/>
</kw>
<kw name="Log To Console" library="BuiltIn">
<arg>${linkscount}</arg>
<doc>Logs the given message to the console.</doc>
<status status="PASS" starttime="20230823 12:21:48.544" endtime="20230823 12:21:48.545"/>
</kw>
<status status="PASS" starttime="20230823 12:21:48.308" endtime="20230823 12:21:48.545"/>
</iter>
<iter>
<var name="${i}">2</var>
<kw name="Get Text" library="SeleniumLibrary">
<var>${linkscount}</var>
<arg>xpath:(//a)[${i}]</arg>
<doc>Returns the text value of the element identified by ``locator``.</doc>
<msg timestamp="20230823 12:21:48.611" level="INFO">${linkscount} = open cart</msg>
<status status="PASS" starttime="20230823 12:21:48.546" endtime="20230823 12:21:48.611"/>
</kw>
<kw name="Log To Console" library="BuiltIn">
<arg>${linkscount}</arg>
<doc>Logs the given message to the console.</doc>
<status status="PASS" starttime="20230823 12:21:48.611" endtime="20230823 12:21:48.612"/>
</kw>
<status status="PASS" starttime="20230823 12:21:48.546" endtime="20230823 12:21:48.612"/>
</iter>
<iter>
<var name="${i}">3</var>
<kw name="Get Text" library="SeleniumLibrary">
<var>${linkscount}</var>
<arg>xpath:(//a)[${i}]</arg>
<doc>Returns the text value of the element identified by ``locator``.</doc>
<msg timestamp="20230823 12:21:48.682" level="INFO">${linkscount} = orange HRM</msg>
<status status="PASS" starttime="20230823 12:21:48.613" endtime="20230823 12:21:48.682"/>
</kw>
<kw name="Log To Console" library="BuiltIn">
<arg>${linkscount}</arg>
<doc>Logs the given message to the console.</doc>
<status status="PASS" starttime="20230823 12:21:48.682" endtime="20230823 12:21:48.683"/>
</kw>
<status status="PASS" starttime="20230823 12:21:48.612" endtime="20230823 12:21:48.683"/>
</iter>
<iter>
<var name="${i}">4</var>
<kw name="Get Text" library="SeleniumLibrary">
<var>${linkscount}</var>
<arg>xpath:(//a)[${i}]</arg>
<doc>Returns the text value of the element identified by ``locator``.</doc>
<msg timestamp="20230823 12:21:48.748" level="INFO">${linkscount} = Home</msg>
<status status="PASS" starttime="20230823 12:21:48.684" endtime="20230823 12:21:48.748"/>
</kw>
<kw name="Log To Console" library="BuiltIn">
<arg>${linkscount}</arg>
<doc>Logs the given message to the console.</doc>
<status status="PASS" starttime="20230823 12:21:48.748" endtime="20230823 12:21:48.749"/>
</kw>
<status status="PASS" starttime="20230823 12:21:48.684" endtime="20230823 12:21:48.749"/>
</iter>
<iter>
<var name="${i}">5</var>
<kw name="Get Text" library="SeleniumLibrary">
<var>${linkscount}</var>
<arg>xpath:(//a)[${i}]</arg>
<doc>Returns the text value of the element identified by ``locator``.</doc>
<msg timestamp="20230823 12:21:48.825" level="INFO">${linkscount} = Posts (Atom)</msg>
<status status="PASS" starttime="20230823 12:21:48.750" endtime="20230823 12:21:48.825"/>
</kw>
<kw name="Log To Console" library="BuiltIn">
<arg>${linkscount}</arg>
<doc>Logs the given message to the console.</doc>
<status status="PASS" starttime="20230823 12:21:48.825" endtime="20230823 12:21:48.826"/>
</kw>
<status status="PASS" starttime="20230823 12:21:48.750" endtime="20230823 12:21:48.826"/>
</iter>
<iter>
<var name="${i}">6</var>
<kw name="Get Text" library="SeleniumLibrary">
<var>${linkscount}</var>
<arg>xpath:(//a)[${i}]</arg>
<doc>Returns the text value of the element identified by ``locator``.</doc>
<msg timestamp="20230823 12:21:48.876" level="INFO">${linkscount} = 1</msg>
<status status="PASS" starttime="20230823 12:21:48.827" endtime="20230823 12:21:48.876"/>
</kw>
<kw name="Log To Console" library="BuiltIn">
<arg>${linkscount}</arg>
<doc>Logs the given message to the console.</doc>
<status status="PASS" starttime="20230823 12:21:48.877" endtime="20230823 12:21:48.878"/>
</kw>
<status status="PASS" starttime="20230823 12:21:48.827" endtime="20230823 12:21:48.878"/>
</iter>
<iter>
<var name="${i}">7</var>
<kw name="Get Text" library="SeleniumLibrary">
<var>${linkscount}</var>
<arg>xpath:(//a)[${i}]</arg>
<doc>Returns the text value of the element identified by ``locator``.</doc>
<msg timestamp="20230823 12:21:48.926" level="INFO">${linkscount} = 2</msg>
<status status="PASS" starttime="20230823 12:21:48.879" endtime="20230823 12:21:48.926"/>
</kw>
<kw name="Log To Console" library="BuiltIn">
<arg>${linkscount}</arg>
<doc>Logs the given message to the console.</doc>
<status status="PASS" starttime="20230823 12:21:48.927" endtime="20230823 12:21:48.928"/>
</kw>
<status status="PASS" starttime="20230823 12:21:48.878" endtime="20230823 12:21:48.928"/>
</iter>
<iter>
<var name="${i}">8</var>
<kw name="Get Text" library="SeleniumLibrary">
<var>${linkscount}</var>
<arg>xpath:(//a)[${i}]</arg>
<doc>Returns the text value of the element identified by ``locator``.</doc>
<msg timestamp="20230823 12:21:48.981" level="INFO">${linkscount} = 3</msg>
<status status="PASS" starttime="20230823 12:21:48.929" endtime="20230823 12:21:48.981"/>
</kw>
<kw name="Log To Console" library="BuiltIn">
<arg>${linkscount}</arg>
<doc>Logs the given message to the console.</doc>
<status status="PASS" starttime="20230823 12:21:48.981" endtime="20230823 12:21:48.982"/>
</kw>
<status status="PASS" starttime="20230823 12:21:48.928" endtime="20230823 12:21:48.982"/>
</iter>
<iter>
<var name="${i}">9</var>
<kw name="Get Text" library="SeleniumLibrary">
<var>${linkscount}</var>
<arg>xpath:(//a)[${i}]</arg>
<doc>Returns the text value of the element identified by ``locator``.</doc>
<msg timestamp="20230823 12:21:49.018" level="INFO">${linkscount} = 4</msg>
<status status="PASS" starttime="20230823 12:21:48.984" endtime="20230823 12:21:49.018"/>
</kw>
<kw name="Log To Console" library="BuiltIn">
<arg>${linkscount}</arg>
<doc>Logs the given message to the console.</doc>
<status status="PASS" starttime="20230823 12:21:49.018" endtime="20230823 12:21:49.020"/>
</kw>
<status status="PASS" starttime="20230823 12:21:48.983" endtime="20230823 12:21:49.020"/>
</iter>
<iter>
<var name="${i}">10</var>
<kw name="Get Text" library="SeleniumLibrary">
<var>${linkscount}</var>
<arg>xpath:(//a)[${i}]</arg>
<doc>Returns the text value of the element identified by ``locator``.</doc>
<msg timestamp="20230823 12:21:49.056" level="INFO">${linkscount} = </msg>
<status status="PASS" starttime="20230823 12:21:49.021" endtime="20230823 12:21:49.056"/>
</kw>
<kw name="Log To Console" library="BuiltIn">
<arg>${linkscount}</arg>
<doc>Logs the given message to the console.</doc>
<status status="PASS" starttime="20230823 12:21:49.056" endtime="20230823 12:21:49.057"/>
</kw>
<status status="PASS" starttime="20230823 12:21:49.020" endtime="20230823 12:21:49.057"/>
</iter>
<iter>
<var name="${i}">11</var>
<kw name="Get Text" library="SeleniumLibrary">
<var>${linkscount}</var>
<arg>xpath:(//a)[${i}]</arg>
<doc>Returns the text value of the element identified by ``locator``.</doc>
<msg timestamp="20230823 12:21:49.091" level="INFO">${linkscount} = </msg>
<status status="PASS" starttime="20230823 12:21:49.058" endtime="20230823 12:21:49.091"/>
</kw>
<kw name="Log To Console" library="BuiltIn">
<arg>${linkscount}</arg>
<doc>Logs the given message to the console.</doc>
<status status="PASS" starttime="20230823 12:21:49.092" endtime="20230823 12:21:49.092"/>
</kw>
<status status="PASS" starttime="20230823 12:21:49.058" endtime="20230823 12:21:49.092"/>
</iter>
<iter>
<var name="${i}">12</var>
<kw name="Get Text" library="SeleniumLibrary">
<var>${linkscount}</var>
<arg>xpath:(//a)[${i}]</arg>
<doc>Returns the text value of the element identified by ``locator``.</doc>
<msg timestamp="20230823 12:21:49.133" level="INFO">${linkscount} = mariusFM77</msg>
<status status="PASS" starttime="20230823 12:21:49.093" endtime="20230823 12:21:49.133"/>
</kw>
<kw name="Log To Console" library="BuiltIn">
<arg>${linkscount}</arg>
<doc>Logs the given message to the console.</doc>
<status status="PASS" starttime="20230823 12:21:49.134" endtime="20230823 12:21:49.134"/>
</kw>
<status status="PASS" starttime="20230823 12:21:49.093" endtime="20230823 12:21:49.135"/>
</iter>
<iter>
<var name="${i}">13</var>
<kw name="Get Text" library="SeleniumLibrary">
<var>${linkscount}</var>
<arg>xpath:(//a)[${i}]</arg>
<doc>Returns the text value of the element identified by ``locator``.</doc>
<msg timestamp="20230823 12:21:49.180" level="INFO">${linkscount} = Blogger</msg>
<status status="PASS" starttime="20230823 12:21:49.137" endtime="20230823 12:21:49.180"/>
</kw>
<kw name="Log To Console" library="BuiltIn">
<arg>${linkscount}</arg>
<doc>Logs the given message to the console.</doc>
<status status="PASS" starttime="20230823 12:21:49.180" endtime="20230823 12:21:49.182"/>
</kw>
<status status="PASS" starttime="20230823 12:21:49.135" endtime="20230823 12:21:49.182"/>
</iter>
<status status="PASS" starttime="20230823 12:21:48.307" endtime="20230823 12:21:49.182"/>
</for>
<doc>getting list count and names</doc>
<tag>regression</tag>
<status status="PASS" starttime="20230823 12:21:48.253" endtime="20230823 12:21:49.183"/>
</test>
<test id="s1-s2-t4" name="TC4" line="48">
<kw name="Get Element Count" library="SeleniumLibrary">
<var>${textscount}</var>
<arg>xpath://input[@type="text"]</arg>
<doc>Returns the number of elements matching ``locator``.</doc>
<msg timestamp="20230823 12:21:49.245" level="INFO">${textscount} = 7</msg>
<status status="PASS" starttime="20230823 12:21:49.185" endtime="20230823 12:21:49.245"/>
</kw>
<kw name="Log To Console" library="BuiltIn">
<arg>total textboxes on page :${textscount}</arg>
<doc>Logs the given message to the console.</doc>
<status status="PASS" starttime="20230823 12:21:49.245" endtime="20230823 12:21:49.246"/>
</kw>
<for flavor="IN RANGE">
<var>${i}</var>
<value>1</value>
<value>${textscount}</value>
<iter>
<var name="${i}">1</var>
<kw name="Get Text" library="SeleniumLibrary">
<var>${textnames}</var>
<arg>xpath:(//input)[${i}]</arg>
<doc>Returns the text value of the element identified by ``locator``.</doc>
<msg timestamp="20230823 12:21:49.294" level="INFO">${textnames} = </msg>
<status status="PASS" starttime="20230823 12:21:49.248" endtime="20230823 12:21:49.294"/>
</kw>
<kw name="Log To Console" library="BuiltIn">
<arg>${textnames}</arg>
<doc>Logs the given message to the console.</doc>
<status status="PASS" starttime="20230823 12:21:49.295" endtime="20230823 12:21:49.295"/>
</kw>
<status status="PASS" starttime="20230823 12:21:49.247" endtime="20230823 12:21:49.296"/>
</iter>
<iter>
<var name="${i}">2</var>
<kw name="Get Text" library="SeleniumLibrary">
<var>${textnames}</var>
<arg>xpath:(//input)[${i}]</arg>
<doc>Returns the text value of the element identified by ``locator``.</doc>
<msg timestamp="20230823 12:21:49.342" level="INFO">${textnames} = </msg>
<status status="PASS" starttime="20230823 12:21:49.296" endtime="20230823 12:21:49.342"/>
</kw>
<kw name="Log To Console" library="BuiltIn">
<arg>${textnames}</arg>
<doc>Logs the given message to the console.</doc>
<status status="PASS" starttime="20230823 12:21:49.342" endtime="20230823 12:21:49.343"/>
</kw>
<status status="PASS" starttime="20230823 12:21:49.296" endtime="20230823 12:21:49.343"/>
</iter>
<iter>
<var name="${i}">3</var>
<kw name="Get Text" library="SeleniumLibrary">
<var>${textnames}</var>
<arg>xpath:(//input)[${i}]</arg>
<doc>Returns the text value of the element identified by ``locator``.</doc>
<msg timestamp="20230823 12:21:49.383" level="INFO">${textnames} = </msg>
<status status="PASS" starttime="20230823 12:21:49.344" endtime="20230823 12:21:49.383"/>
</kw>
<kw name="Log To Console" library="BuiltIn">
<arg>${textnames}</arg>
<doc>Logs the given message to the console.</doc>
<status status="PASS" starttime="20230823 12:21:49.384" endtime="20230823 12:21:49.384"/>
</kw>
<status status="PASS" starttime="20230823 12:21:49.344" endtime="20230823 12:21:49.385"/>
</iter>
<iter>
<var name="${i}">4</var>
<kw name="Get Text" library="SeleniumLibrary">
<var>${textnames}</var>
<arg>xpath:(//input)[${i}]</arg>
<doc>Returns the text value of the element identified by ``locator``.</doc>
<msg timestamp="20230823 12:21:49.421" level="INFO">${textnames} = </msg>
<status status="PASS" starttime="20230823 12:21:49.386" endtime="20230823 12:21:49.421"/>
</kw>
<kw name="Log To Console" library="BuiltIn">
<arg>${textnames}</arg>
<doc>Logs the given message to the console.</doc>
<status status="PASS" starttime="20230823 12:21:49.421" endtime="20230823 12:21:49.422"/>
</kw>
<status status="PASS" starttime="20230823 12:21:49.385" endtime="20230823 12:21:49.422"/>
</iter>
<iter>
<var name="${i}">5</var>
<kw name="Get Text" library="SeleniumLibrary">
<var>${textnames}</var>
<arg>xpath:(//input)[${i}]</arg>
<doc>Returns the text value of the element identified by ``locator``.</doc>
<msg timestamp="20230823 12:21:49.463" level="INFO">${textnames} = </msg>
<status status="PASS" starttime="20230823 12:21:49.422" endtime="20230823 12:21:49.463"/>
</kw>
<kw name="Log To Console" library="BuiltIn">
<arg>${textnames}</arg>
<doc>Logs the given message to the console.</doc>
<status status="PASS" starttime="20230823 12:21:49.463" endtime="20230823 12:21:49.464"/>
</kw>
<status status="PASS" starttime="20230823 12:21:49.422" endtime="20230823 12:21:49.464"/>
</iter>
<iter>
<var name="${i}">6</var>
<kw name="Get Text" library="SeleniumLibrary">
<var>${textnames}</var>
<arg>xpath:(//input)[${i}]</arg>
<doc>Returns the text value of the element identified by ``locator``.</doc>
<msg timestamp="20230823 12:21:49.517" level="INFO">${textnames} = </msg>
<status status="PASS" starttime="20230823 12:21:49.465" endtime="20230823 12:21:49.517"/>
</kw>
<kw name="Log To Console" library="BuiltIn">
<arg>${textnames}</arg>
<doc>Logs the given message to the console.</doc>
<status status="PASS" starttime="20230823 12:21:49.517" endtime="20230823 12:21:49.518"/>
</kw>
<status status="PASS" starttime="20230823 12:21:49.465" endtime="20230823 12:21:49.518"/>
</iter>
<status status="PASS" starttime="20230823 12:21:49.246" endtime="20230823 12:21:49.518"/>
</for>
<kw name="Capture Page Screenshot" library="SeleniumLibrary">
<arg>C:/Users/Praveen/PycharmProjects/pythonProject6/screenshots/ssht1.png</arg>
<doc>Takes a screenshot of the current page and embeds it into a log file.</doc>
<msg timestamp="20230823 12:21:49.624" level="INFO" html="true">&lt;/td&gt;&lt;/tr&gt;&lt;tr&gt;&lt;td colspan="3"&gt;&lt;a href="../screenshots/ssht1.png"&gt;&lt;img src="../screenshots/ssht1.png" width="800px"&gt;&lt;/a&gt;</msg>
<status status="PASS" starttime="20230823 12:21:49.519" endtime="20230823 12:21:49.624"/>
</kw>
<doc>getting textbox count and names</doc>
<tag>unit</tag>
<status status="PASS" starttime="20230823 12:21:49.184" endtime="20230823 12:21:49.624"/>
</test>
<status status="PASS" starttime="20230823 12:21:34.084" endtime="20230823 12:21:49.626"/>
</suite>
<suite id="s1-s3" name="Sample3" source="C:\Users\Praveen\PycharmProjects\pythonProject6\TestCases\sample3.robot">
<test id="s1-s3-t1" name="TC1" line="6">
<kw name="Open Browser" library="SeleniumLibrary">
<arg>https://testautomationpractice.blogspot.com/</arg>
<arg>firefox</arg>
<doc>Opens a new browser instance to the optional ``url``.</doc>
<msg timestamp="20230823 12:21:34.586" level="INFO">Opening browser 'firefox' to base url 'https://testautomationpractice.blogspot.com/'.</msg>
<status status="PASS" starttime="20230823 12:21:34.585" endtime="20230823 12:21:50.803"/>
</kw>
<kw name="Maximize Browser Window" library="SeleniumLibrary">
<doc>Maximizes current browser window.</doc>
<status status="PASS" starttime="20230823 12:21:50.804" endtime="20230823 12:21:50.808"/>
</kw>
<kw name="Log To Console" library="BuiltIn">
<arg>chromebrowser launched and navigated successfully</arg>
<doc>Logs the given message to the console.</doc>
<status status="PASS" starttime="20230823 12:21:50.809" endtime="20230823 12:21:50.810"/>
</kw>
<doc>launching browser</doc>
<tag>sanity</tag>
<status status="PASS" starttime="20230823 12:21:34.583" endtime="20230823 12:21:50.810"/>
</test>
<test id="s1-s3-t2" name="TC2" line="12">
<kw name="Input Text" library="SeleniumLibrary">
<arg>//input[@id='name']</arg>
<arg>veenu</arg>
<doc>Types the given ``text`` into the text field identified by ``locator``.</doc>
<msg timestamp="20230823 12:21:50.814" level="INFO">Typing text 'veenu' into text field '//input[@id='name']'.</msg>
<status status="PASS" starttime="20230823 12:21:50.812" endtime="20230823 12:21:50.922"/>
</kw>
<kw name="Capture Element Screenshot" library="SeleniumLibrary">
<arg>//input[@id='name']</arg>
<arg>C:/Users/Praveen/PycharmProjects/pythonProject6/screenshots/name.png</arg>
<doc>Captures a screenshot from the element identified by ``locator`` and embeds it into log file.</doc>
<msg timestamp="20230823 12:21:50.967" level="INFO" html="true">&lt;/td&gt;&lt;/tr&gt;&lt;tr&gt;&lt;td colspan="3"&gt;&lt;a href="../screenshots/name.png"&gt;&lt;img src="../screenshots/name.png" width="400px"&gt;&lt;/a&gt;</msg>
<status status="PASS" starttime="20230823 12:21:50.922" endtime="20230823 12:21:50.967"/>
</kw>
<kw name="Clear Element Text" library="SeleniumLibrary">
<arg>//input[@id='name']</arg>
<doc>Clears the value of the text-input-element identified by ``locator``.</doc>
<status status="PASS" starttime="20230823 12:21:50.968" endtime="20230823 12:21:50.994"/>
</kw>
<kw name="Input Text" library="SeleniumLibrary">
<arg>//input[@id='name']</arg>
<arg>veenu</arg>
<doc>Types the given ``text`` into the text field identified by ``locator``.</doc>
<msg timestamp="20230823 12:21:50.996" level="INFO">Typing text 'veenu' into text field '//input[@id='name']'.</msg>
<status status="PASS" starttime="20230823 12:21:50.994" endtime="20230823 12:21:51.035"/>
</kw>
<kw name="Input Text" library="SeleniumLibrary">
<arg>//input[@id='email']</arg>
<arg>veenu@gmail.com</arg>
<doc>Types the given ``text`` into the text field identified by ``locator``.</doc>
<msg timestamp="20230823 12:21:51.037" level="INFO">Typing text 'veenu@gmail.com' into text field '//input[@id='email']'.</msg>
<status status="PASS" starttime="20230823 12:21:51.035" endtime="20230823 12:21:51.103"/>
</kw>
<kw name="Select Radio Button" library="SeleniumLibrary">
<arg>gender</arg>
<arg>male</arg>
<doc>Sets the radio button group ``group_name`` to ``value``.</doc>
<msg timestamp="20230823 12:21:51.104" level="INFO">Selecting 'male' from radio button 'gender'.</msg>
<status status="PASS" starttime="20230823 12:21:51.104" endtime="20230823 12:21:51.345"/>
</kw>
<kw name="Select Checkbox" library="SeleniumLibrary">
<arg>id:sunday</arg>
<doc>Selects the checkbox identified by ``locator``.</doc>
<msg timestamp="20230823 12:21:51.347" level="INFO">Selecting checkbox 'id:sunday'.</msg>
<status status="PASS" starttime="20230823 12:21:51.345" endtime="20230823 12:21:51.602"/>
</kw>
<kw name="Select Checkbox" library="SeleniumLibrary">
<arg>id:wednesday</arg>
<doc>Selects the checkbox identified by ``locator``.</doc>
<msg timestamp="20230823 12:21:51.604" level="INFO">Selecting checkbox 'id:wednesday'.</msg>
<status status="PASS" starttime="20230823 12:21:51.602" endtime="20230823 12:21:51.844"/>
</kw>
<kw name="Scroll Element Into View" library="SeleniumLibrary">
<arg>//label[contains(text(),'Country:')]</arg>
<doc>Scrolls the element identified by ``locator`` into view.</doc>
<msg timestamp="20230823 12:21:51.950" level="INFO" html="true">&lt;/td&gt;&lt;/tr&gt;&lt;tr&gt;&lt;td colspan="3"&gt;&lt;a href="2-selenium-screenshot-1.png"&gt;&lt;img src="2-selenium-screenshot-1.png" width="800px"&gt;&lt;/a&gt;</msg>
<msg timestamp="20230823 12:21:51.950" level="FAIL">MoveTargetOutOfBoundsException: Message: (253, 691) is out of bounds of viewport width (1366) and height (643)
Stacktrace:
RemoteError@chrome://remote/content/shared/RemoteError.sys.mjs:8:8
WebDriverError@chrome://remote/content/shared/webdriver/Errors.sys.mjs:187:5
MoveTargetOutOfBoundsError@chrome://remote/content/shared/webdriver/Errors.sys.mjs:473:5
assertInViewPort@chrome://remote/content/shared/webdriver/Actions.sys.mjs:2119:11
dispatch@chrome://remote/content/shared/webdriver/Actions.sys.mjs:1016:21
dispatch/pendingEvents&lt;@chrome://remote/content/shared/webdriver/Actions.sys.mjs:1833:14
dispatch@chrome://remote/content/shared/webdriver/Actions.sys.mjs:1832:39
dispatch/chainEvents&lt;@chrome://remote/content/shared/webdriver/Actions.sys.mjs:1758:27
dispatch@chrome://remote/content/shared/webdriver/Actions.sys.mjs:1760:7
performActions@chrome://remote/content/marionette/actors/MarionetteCommandsChild.sys.mjs:503:23
receiveMessage@chrome://remote/content/marionette/actors/MarionetteCommandsChild.sys.mjs:145:31
</msg>
<status status="FAIL" starttime="20230823 12:21:51.844" endtime="20230823 12:21:51.996"/>
</kw>
<kw name="Select From List By Label" library="SeleniumLibrary">
<arg>//select[@id='country']</arg>
<arg>India</arg>
<doc>Selects options from selection list ``locator`` by ``labels``.</doc>
<status status="NOT RUN" starttime="20230823 12:21:51.997" endtime="20230823 12:21:51.997"/>
</kw>
<kw name="Set Selenium Implicit Wait" library="SeleniumLibrary">
<arg>1second</arg>
<doc>Sets the implicit wait value used by Selenium.</doc>
<status status="NOT RUN" starttime="20230823 12:21:51.997" endtime="20230823 12:21:51.998"/>
</kw>
<kw name="Get Selenium Implicit Wait" library="SeleniumLibrary">
<var>${getseltimout}</var>
<doc>Gets the implicit wait value used by Selenium.</doc>
<status status="NOT RUN" starttime="20230823 12:21:51.998" endtime="20230823 12:21:51.998"/>
</kw>
<kw name="Log To Console" library="BuiltIn">
<arg>default Selenium timeout :${getseltimout}</arg>
<doc>Logs the given message to the console.</doc>
<status status="NOT RUN" starttime="20230823 12:21:51.999" endtime="20230823 12:21:51.999"/>
</kw>
<kw name="Set Selenium Timeout" library="SeleniumLibrary">
<arg>3seconds</arg>
<doc>Sets the timeout that is used by various keywords.</doc>
<status status="NOT RUN" starttime="20230823 12:21:51.999" endtime="20230823 12:21:52.000"/>
</kw>
<kw name="Get Selenium Timeout" library="SeleniumLibrary">
<var>${getseltimout}</var>
<doc>Gets the timeout that is used by various keywords.</doc>
<status status="NOT RUN" starttime="20230823 12:21:52.000" endtime="20230823 12:21:52.000"/>
</kw>
<kw name="Get Selenium Speed" library="SeleniumLibrary">
<var>${getselspeed}</var>
<doc>Gets the delay that is waited after each Selenium command.</doc>
<status status="NOT RUN" starttime="20230823 12:21:52.001" endtime="20230823 12:21:52.001"/>
</kw>
<kw name="Log To Console" library="BuiltIn">
<arg>New Selenium timeout :</arg>
<arg>${getseltimout}</arg>
<doc>Logs the given message to the console.</doc>
<status status="NOT RUN" starttime="20230823 12:21:52.001" endtime="20230823 12:21:52.001"/>
</kw>
<kw name="Log To Console" library="BuiltIn">
<arg>current selenium speed :</arg>
<arg>${getselspeed}</arg>
<doc>Logs the given message to the console.</doc>
<status status="NOT RUN" starttime="20230823 12:21:52.002" endtime="20230823 12:21:52.002"/>
</kw>
<doc>Working on web elements</doc>
<tag>sanity</tag>
<status status="FAIL" starttime="20230823 12:21:50.811" endtime="20230823 12:21:52.003">MoveTargetOutOfBoundsException: Message: (253, 691) is out of bounds of viewport width (1366) and height (643)
Stacktrace:
RemoteError@chrome://remote/content/shared/RemoteError.sys.mjs:8:8
WebDriverError@chrome://remote/content/shared/webdriver/Errors.sys.mjs:187:5
MoveTargetOutOfBoundsError@chrome://remote/content/shared/webdriver/Errors.sys.mjs:473:5
assertInViewPort@chrome://remote/content/shared/webdriver/Actions.sys.mjs:2119:11
dispatch@chrome://remote/content/shared/webdriver/Actions.sys.mjs:1016:21
dispatch/pendingEvents&lt;@chrome://remote/content/shared/webdriver/Actions.sys.mjs:1833:14
dispatch@chrome://remote/content/shared/webdriver/Actions.sys.mjs:1832:39
dispatch/chainEvents&lt;@chrome://remote/content/shared/webdriver/Actions.sys.mjs:1758:27
dispatch@chrome://remote/content/shared/webdriver/Actions.sys.mjs:1760:7
performActions@chrome://remote/content/marionette/actors/MarionetteCommandsChild.sys.mjs:503:23
receiveMessage@chrome://remote/content/marionette/actors/MarionetteCommandsChild.sys.mjs:145:31
</status>
</test>
<test id="s1-s3-t3" name="TC3" line="36">
<kw name="Get Element Count" library="SeleniumLibrary">
<var>${linkscount}</var>
<arg>xpath://a</arg>
<doc>Returns the number of elements matching ``locator``.</doc>
<msg timestamp="20230823 12:21:52.011" level="INFO">${linkscount} = 13</msg>
<status status="PASS" starttime="20230823 12:21:52.004" endtime="20230823 12:21:52.011"/>
</kw>
<kw name="Convert To Integer" library="BuiltIn">
<arg>${linkscount}</arg>
<doc>Converts the given item to an integer number.</doc>
<status status="PASS" starttime="20230823 12:21:52.012" endtime="20230823 12:21:52.013"/>
</kw>
<kw name="Log To Console" library="BuiltIn">
<arg>total links on page :${linkscount}</arg>
<doc>Logs the given message to the console.</doc>
<status status="PASS" starttime="20230823 12:21:52.013" endtime="20230823 12:21:52.014"/>
</kw>
<kw name="Create List" library="BuiltIn">
<var>@{allpagelinks}</var>
<doc>Returns a list containing given items.</doc>
<msg timestamp="20230823 12:21:52.015" level="INFO">@{allpagelinks} = [ ]</msg>
<status status="PASS" starttime="20230823 12:21:52.014" endtime="20230823 12:21:52.015"/>
</kw>
<for flavor="IN RANGE">
<var>${i}</var>
<value>1</value>
<value>${linkscount}+1</value>
<iter>
<var name="${i}">1</var>
<kw name="Get Text" library="SeleniumLibrary">
<var>${linkscount}</var>
<arg>xpath:(//a)[${i}]</arg>
<doc>Returns the text value of the element identified by ``locator``.</doc>
<msg timestamp="20230823 12:21:52.055" level="INFO">${linkscount} = </msg>
<status status="PASS" starttime="20230823 12:21:52.016" endtime="20230823 12:21:52.055"/>
</kw>
<kw name="Log To Console" library="BuiltIn">
<arg>${linkscount}</arg>
<doc>Logs the given message to the console.</doc>
<status status="PASS" starttime="20230823 12:21:52.056" endtime="20230823 12:21:52.056"/>
</kw>
<status status="PASS" starttime="20230823 12:21:52.016" endtime="20230823 12:21:52.057"/>
</iter>
<iter>
<var name="${i}">2</var>
<kw name="Get Text" library="SeleniumLibrary">
<var>${linkscount}</var>
<arg>xpath:(//a)[${i}]</arg>
<doc>Returns the text value of the element identified by ``locator``.</doc>
<msg timestamp="20230823 12:21:52.073" level="INFO">${linkscount} = open cart</msg>
<status status="PASS" starttime="20230823 12:21:52.057" endtime="20230823 12:21:52.073"/>
</kw>
<kw name="Log To Console" library="BuiltIn">
<arg>${linkscount}</arg>
<doc>Logs the given message to the console.</doc>
<status status="PASS" starttime="20230823 12:21:52.074" endtime="20230823 12:21:52.074"/>
</kw>
<status status="PASS" starttime="20230823 12:21:52.057" endtime="20230823 12:21:52.074"/>
</iter>
<iter>
<var name="${i}">3</var>
<kw name="Get Text" library="SeleniumLibrary">
<var>${linkscount}</var>
<arg>xpath:(//a)[${i}]</arg>
<doc>Returns the text value of the element identified by ``locator``.</doc>
<msg timestamp="20230823 12:21:52.089" level="INFO">${linkscount} = orange HRM</msg>
<status status="PASS" starttime="20230823 12:21:52.075" endtime="20230823 12:21:52.089"/>
</kw>
<kw name="Log To Console" library="BuiltIn">
<arg>${linkscount}</arg>
<doc>Logs the given message to the console.</doc>
<status status="PASS" starttime="20230823 12:21:52.090" endtime="20230823 12:21:52.090"/>
</kw>
<status status="PASS" starttime="20230823 12:21:52.075" endtime="20230823 12:21:52.090"/>
</iter>
<iter>
<var name="${i}">4</var>
<kw name="Get Text" library="SeleniumLibrary">
<var>${linkscount}</var>
<arg>xpath:(//a)[${i}]</arg>
<doc>Returns the text value of the element identified by ``locator``.</doc>
<msg timestamp="20230823 12:21:52.105" level="INFO">${linkscount} = Home</msg>
<status status="PASS" starttime="20230823 12:21:52.091" endtime="20230823 12:21:52.105"/>
</kw>
<kw name="Log To Console" library="BuiltIn">
<arg>${linkscount}</arg>
<doc>Logs the given message to the console.</doc>
<status status="PASS" starttime="20230823 12:21:52.106" endtime="20230823 12:21:52.107"/>
</kw>
<status status="PASS" starttime="20230823 12:21:52.091" endtime="20230823 12:21:52.107"/>
</iter>
<iter>
<var name="${i}">5</var>
<kw name="Get Text" library="SeleniumLibrary">
<var>${linkscount}</var>
<arg>xpath:(//a)[${i}]</arg>
<doc>Returns the text value of the element identified by ``locator``.</doc>
<msg timestamp="20230823 12:21:52.120" level="INFO">${linkscount} = Posts (Atom)</msg>
<status status="PASS" starttime="20230823 12:21:52.108" endtime="20230823 12:21:52.120"/>
</kw>
<kw name="Log To Console" library="BuiltIn">
<arg>${linkscount}</arg>
<doc>Logs the given message to the console.</doc>
<status status="PASS" starttime="20230823 12:21:52.120" endtime="20230823 12:21:52.121"/>
</kw>
<status status="PASS" starttime="20230823 12:21:52.107" endtime="20230823 12:21:52.121"/>
</iter>
<iter>
<var name="${i}">6</var>
<kw name="Get Text" library="SeleniumLibrary">
<var>${linkscount}</var>
<arg>xpath:(//a)[${i}]</arg>
<doc>Returns the text value of the element identified by ``locator``.</doc>
<msg timestamp="20230823 12:21:52.134" level="INFO">${linkscount} = 1</msg>
<status status="PASS" starttime="20230823 12:21:52.122" endtime="20230823 12:21:52.134"/>
</kw>
<kw name="Log To Console" library="BuiltIn">
<arg>${linkscount}</arg>
<doc>Logs the given message to the console.</doc>
<status status="PASS" starttime="20230823 12:21:52.134" endtime="20230823 12:21:52.135"/>
</kw>
<status status="PASS" starttime="20230823 12:21:52.121" endtime="20230823 12:21:52.135"/>
</iter>
<iter>
<var name="${i}">7</var>
<kw name="Get Text" library="SeleniumLibrary">
<var>${linkscount}</var>
<arg>xpath:(//a)[${i}]</arg>
<doc>Returns the text value of the element identified by ``locator``.</doc>
<msg timestamp="20230823 12:21:52.149" level="INFO">${linkscount} = 2</msg>
<status status="PASS" starttime="20230823 12:21:52.136" endtime="20230823 12:21:52.149"/>
</kw>
<kw name="Log To Console" library="BuiltIn">
<arg>${linkscount}</arg>
<doc>Logs the given message to the console.</doc>
<status status="PASS" starttime="20230823 12:21:52.150" endtime="20230823 12:21:52.150"/>
</kw>
<status status="PASS" starttime="20230823 12:21:52.135" endtime="20230823 12:21:52.150"/>
</iter>
<iter>
<var name="${i}">8</var>
<kw name="Get Text" library="SeleniumLibrary">
<var>${linkscount}</var>
<arg>xpath:(//a)[${i}]</arg>
<doc>Returns the text value of the element identified by ``locator``.</doc>
<msg timestamp="20230823 12:21:52.164" level="INFO">${linkscount} = 3</msg>
<status status="PASS" starttime="20230823 12:21:52.151" endtime="20230823 12:21:52.164"/>
</kw>
<kw name="Log To Console" library="BuiltIn">
<arg>${linkscount}</arg>
<doc>Logs the given message to the console.</doc>
<status status="PASS" starttime="20230823 12:21:52.164" endtime="20230823 12:21:52.165"/>
</kw>
<status status="PASS" starttime="20230823 12:21:52.151" endtime="20230823 12:21:52.165"/>
</iter>
<iter>
<var name="${i}">9</var>
<kw name="Get Text" library="SeleniumLibrary">
<var>${linkscount}</var>
<arg>xpath:(//a)[${i}]</arg>
<doc>Returns the text value of the element identified by ``locator``.</doc>
<msg timestamp="20230823 12:21:52.178" level="INFO">${linkscount} = 4</msg>
<status status="PASS" starttime="20230823 12:21:52.166" endtime="20230823 12:21:52.178"/>
</kw>
<kw name="Log To Console" library="BuiltIn">
<arg>${linkscount}</arg>
<doc>Logs the given message to the console.</doc>
<status status="PASS" starttime="20230823 12:21:52.179" endtime="20230823 12:21:52.179"/>
</kw>
<status status="PASS" starttime="20230823 12:21:52.166" endtime="20230823 12:21:52.180"/>
</iter>
<iter>
<var name="${i}">10</var>
<kw name="Get Text" library="SeleniumLibrary">
<var>${linkscount}</var>
<arg>xpath:(//a)[${i}]</arg>
<doc>Returns the text value of the element identified by ``locator``.</doc>
<msg timestamp="20230823 12:21:52.195" level="INFO">${linkscount} = </msg>
<status status="PASS" starttime="20230823 12:21:52.180" endtime="20230823 12:21:52.195"/>
</kw>
<kw name="Log To Console" library="BuiltIn">
<arg>${linkscount}</arg>
<doc>Logs the given message to the console.</doc>
<status status="PASS" starttime="20230823 12:21:52.195" endtime="20230823 12:21:52.196"/>
</kw>
<status status="PASS" starttime="20230823 12:21:52.180" endtime="20230823 12:21:52.196"/>
</iter>
<iter>
<var name="${i}">11</var>
<kw name="Get Text" library="SeleniumLibrary">
<var>${linkscount}</var>
<arg>xpath:(//a)[${i}]</arg>
<doc>Returns the text value of the element identified by ``locator``.</doc>
<msg timestamp="20230823 12:21:52.207" level="INFO">${linkscount} = </msg>
<status status="PASS" starttime="20230823 12:21:52.197" endtime="20230823 12:21:52.207"/>
</kw>
<kw name="Log To Console" library="BuiltIn">
<arg>${linkscount}</arg>
<doc>Logs the given message to the console.</doc>
<status status="PASS" starttime="20230823 12:21:52.208" endtime="20230823 12:21:52.208"/>
</kw>
<status status="PASS" starttime="20230823 12:21:52.196" endtime="20230823 12:21:52.208"/>
</iter>
<iter>
<var name="${i}">12</var>
<kw name="Get Text" library="SeleniumLibrary">
<var>${linkscount}</var>
<arg>xpath:(//a)[${i}]</arg>
<doc>Returns the text value of the element identified by ``locator``.</doc>
<msg timestamp="20230823 12:21:52.220" level="INFO">${linkscount} = mariusFM77</msg>
<status status="PASS" starttime="20230823 12:21:52.209" endtime="20230823 12:21:52.220"/>
</kw>
<kw name="Log To Console" library="BuiltIn">
<arg>${linkscount}</arg>
<doc>Logs the given message to the console.</doc>
<status status="PASS" starttime="20230823 12:21:52.221" endtime="20230823 12:21:52.221"/>
</kw>
<status status="PASS" starttime="20230823 12:21:52.209" endtime="20230823 12:21:52.222"/>
</iter>
<iter>
<var name="${i}">13</var>
<kw name="Get Text" library="SeleniumLibrary">
<var>${linkscount}</var>
<arg>xpath:(//a)[${i}]</arg>
<doc>Returns the text value of the element identified by ``locator``.</doc>
<msg timestamp="20230823 12:21:52.233" level="INFO">${linkscount} = Blogger</msg>
<status status="PASS" starttime="20230823 12:21:52.222" endtime="20230823 12:21:52.233"/>
</kw>
<kw name="Log To Console" library="BuiltIn">
<arg>${linkscount}</arg>
<doc>Logs the given message to the console.</doc>
<status status="PASS" starttime="20230823 12:21:52.233" endtime="20230823 12:21:52.234"/>
</kw>
<status status="PASS" starttime="20230823 12:21:52.222" endtime="20230823 12:21:52.234"/>
</iter>
<status status="PASS" starttime="20230823 12:21:52.015" endtime="20230823 12:21:52.235"/>
</for>
<doc>getting list count and names</doc>
<tag>regression</tag>
<status status="PASS" starttime="20230823 12:21:52.003" endtime="20230823 12:21:52.235"/>
</test>
<test id="s1-s3-t4" name="TC4" line="48">
<kw name="Get Element Count" library="SeleniumLibrary">
<var>${textscount}</var>
<arg>xpath://input[@type="text"]</arg>
<doc>Returns the number of elements matching ``locator``.</doc>
<msg timestamp="20230823 12:21:52.242" level="INFO">${textscount} = 7</msg>
<status status="PASS" starttime="20230823 12:21:52.236" endtime="20230823 12:21:52.242"/>
</kw>
<kw name="Log To Console" library="BuiltIn">
<arg>total textboxes on page :${textscount}</arg>
<doc>Logs the given message to the console.</doc>
<status status="PASS" starttime="20230823 12:21:52.242" endtime="20230823 12:21:52.243"/>
</kw>
<for flavor="IN RANGE">
<var>${i}</var>
<value>1</value>
<value>${textscount}</value>
<iter>
<var name="${i}">1</var>
<kw name="Get Text" library="SeleniumLibrary">
<var>${textnames}</var>
<arg>xpath:(//input)[${i}]</arg>
<doc>Returns the text value of the element identified by ``locator``.</doc>
<msg timestamp="20230823 12:21:52.253" level="INFO">${textnames} = </msg>
<status status="PASS" starttime="20230823 12:21:52.243" endtime="20230823 12:21:52.253"/>
</kw>
<kw name="Log To Console" library="BuiltIn">
<arg>${textnames}</arg>
<doc>Logs the given message to the console.</doc>
<status status="PASS" starttime="20230823 12:21:52.253" endtime="20230823 12:21:52.253"/>
</kw>
<status status="PASS" starttime="20230823 12:21:52.243" endtime="20230823 12:21:52.253"/>
</iter>
<iter>
<var name="${i}">2</var>
<kw name="Get Text" library="SeleniumLibrary">
<var>${textnames}</var>
<arg>xpath:(//input)[${i}]</arg>
<doc>Returns the text value of the element identified by ``locator``.</doc>
<msg timestamp="20230823 12:21:52.262" level="INFO">${textnames} = </msg>
<status status="PASS" starttime="20230823 12:21:52.254" endtime="20230823 12:21:52.262"/>
</kw>
<kw name="Log To Console" library="BuiltIn">
<arg>${textnames}</arg>
<doc>Logs the given message to the console.</doc>
<status status="PASS" starttime="20230823 12:21:52.263" endtime="20230823 12:21:52.263"/>
</kw>
<status status="PASS" starttime="20230823 12:21:52.254" endtime="20230823 12:21:52.263"/>
</iter>
<iter>
<var name="${i}">3</var>
<kw name="Get Text" library="SeleniumLibrary">
<var>${textnames}</var>
<arg>xpath:(//input)[${i}]</arg>
<doc>Returns the text value of the element identified by ``locator``.</doc>
<msg timestamp="20230823 12:21:52.272" level="INFO">${textnames} = </msg>
<status status="PASS" starttime="20230823 12:21:52.263" endtime="20230823 12:21:52.272"/>
</kw>
<kw name="Log To Console" library="BuiltIn">
<arg>${textnames}</arg>
<doc>Logs the given message to the console.</doc>
<status status="PASS" starttime="20230823 12:21:52.272" endtime="20230823 12:21:52.272"/>
</kw>
<status status="PASS" starttime="20230823 12:21:52.263" endtime="20230823 12:21:52.273"/>
</iter>
<iter>
<var name="${i}">4</var>
<kw name="Get Text" library="SeleniumLibrary">
<var>${textnames}</var>
<arg>xpath:(//input)[${i}]</arg>
<doc>Returns the text value of the element identified by ``locator``.</doc>
<msg timestamp="20230823 12:21:52.282" level="INFO">${textnames} = </msg>
<status status="PASS" starttime="20230823 12:21:52.273" endtime="20230823 12:21:52.282"/>
</kw>
<kw name="Log To Console" library="BuiltIn">
<arg>${textnames}</arg>
<doc>Logs the given message to the console.</doc>
<status status="PASS" starttime="20230823 12:21:52.282" endtime="20230823 12:21:52.283"/>
</kw>
<status status="PASS" starttime="20230823 12:21:52.273" endtime="20230823 12:21:52.283"/>
</iter>
<iter>
<var name="${i}">5</var>
<kw name="Get Text" library="SeleniumLibrary">
<var>${textnames}</var>
<arg>xpath:(//input)[${i}]</arg>
<doc>Returns the text value of the element identified by ``locator``.</doc>
<msg timestamp="20230823 12:21:52.292" level="INFO">${textnames} = </msg>
<status status="PASS" starttime="20230823 12:21:52.283" endtime="20230823 12:21:52.292"/>
</kw>
<kw name="Log To Console" library="BuiltIn">
<arg>${textnames}</arg>
<doc>Logs the given message to the console.</doc>
<status status="PASS" starttime="20230823 12:21:52.292" endtime="20230823 12:21:52.293"/>
</kw>
<status status="PASS" starttime="20230823 12:21:52.283" endtime="20230823 12:21:52.293"/>
</iter>
<iter>
<var name="${i}">6</var>
<kw name="Get Text" library="SeleniumLibrary">
<var>${textnames}</var>
<arg>xpath:(//input)[${i}]</arg>
<doc>Returns the text value of the element identified by ``locator``.</doc>
<msg timestamp="20230823 12:21:52.303" level="INFO">${textnames} = </msg>
<status status="PASS" starttime="20230823 12:21:52.293" endtime="20230823 12:21:52.303"/>
</kw>
<kw name="Log To Console" library="BuiltIn">
<arg>${textnames}</arg>
<doc>Logs the given message to the console.</doc>
<status status="PASS" starttime="20230823 12:21:52.304" endtime="20230823 12:21:52.304"/>
</kw>
<status status="PASS" starttime="20230823 12:21:52.293" endtime="20230823 12:21:52.304"/>
</iter>
<status status="PASS" starttime="20230823 12:21:52.243" endtime="20230823 12:21:52.304"/>
</for>
<kw name="Capture Page Screenshot" library="SeleniumLibrary">
<arg>C:/Users/Praveen/PycharmProjects/pythonProject6/screenshots/ssht1.png</arg>
<doc>Takes a screenshot of the current page and embeds it into a log file.</doc>
<msg timestamp="20230823 12:21:52.352" level="INFO" html="true">&lt;/td&gt;&lt;/tr&gt;&lt;tr&gt;&lt;td colspan="3"&gt;&lt;a href="../screenshots/ssht1.png"&gt;&lt;img src="../screenshots/ssht1.png" width="800px"&gt;&lt;/a&gt;</msg>
<status status="PASS" starttime="20230823 12:21:52.304" endtime="20230823 12:21:52.352"/>
</kw>
<doc>getting textbox count and names</doc>
<tag>unit</tag>
<status status="PASS" starttime="20230823 12:21:52.236" endtime="20230823 12:21:52.353"/>
</test>
<status status="FAIL" starttime="20230823 12:21:34.084" endtime="20230823 12:21:52.353"/>
</suite>
<suite id="s1-s4" name="Sample4" source="C:\Users\Praveen\PycharmProjects\pythonProject6\TestCases\sample4.robot">
<test id="s1-s4-t1" name="TC1" line="6">
<kw name="Open Browser" library="SeleniumLibrary">
<arg>https://testautomationpractice.blogspot.com/</arg>
<arg>chrome</arg>
<doc>Opens a new browser instance to the optional ``url``.</doc>
<msg timestamp="20230823 12:21:34.536" level="INFO">Opening browser 'chrome' to base url 'https://testautomationpractice.blogspot.com/'.</msg>
<status status="PASS" starttime="20230823 12:21:34.535" endtime="20230823 12:21:46.901"/>
</kw>
<kw name="Maximize Browser Window" library="SeleniumLibrary">
<doc>Maximizes current browser window.</doc>
<status status="PASS" starttime="20230823 12:21:46.902" endtime="20230823 12:21:47.207"/>
</kw>
<kw name="Log To Console" library="BuiltIn">
<arg>chromebrowser launched and navigated successfully</arg>
<doc>Logs the given message to the console.</doc>
<status status="PASS" starttime="20230823 12:21:47.207" endtime="20230823 12:21:47.208"/>
</kw>
<doc>launching browser</doc>
<tag>sanity</tag>
<status status="PASS" starttime="20230823 12:21:34.534" endtime="20230823 12:21:47.208"/>
</test>
<test id="s1-s4-t2" name="TC2" line="12">
<kw name="Input Text" library="SeleniumLibrary">
<arg>//input[@id='name']</arg>
<arg>veenu</arg>
<doc>Types the given ``text`` into the text field identified by ``locator``.</doc>
<msg timestamp="20230823 12:21:47.213" level="INFO">Typing text 'veenu' into text field '//input[@id='name']'.</msg>
<status status="PASS" starttime="20230823 12:21:47.210" endtime="20230823 12:21:47.754"/>
</kw>
<kw name="Capture Element Screenshot" library="SeleniumLibrary">
<arg>//input[@id='name']</arg>
<arg>C:/Users/Praveen/PycharmProjects/pythonProject6/screenshots/name.png</arg>
<doc>Captures a screenshot from the element identified by ``locator`` and embeds it into log file.</doc>
<msg timestamp="20230823 12:21:47.939" level="INFO" html="true">&lt;/td&gt;&lt;/tr&gt;&lt;tr&gt;&lt;td colspan="3"&gt;&lt;a href="../screenshots/name.png"&gt;&lt;img src="../screenshots/name.png" width="400px"&gt;&lt;/a&gt;</msg>
<status status="PASS" starttime="20230823 12:21:47.754" endtime="20230823 12:21:47.940"/>
</kw>
<kw name="Clear Element Text" library="SeleniumLibrary">
<arg>//input[@id='name']</arg>
<doc>Clears the value of the text-input-element identified by ``locator``.</doc>
<status status="PASS" starttime="20230823 12:21:47.940" endtime="20230823 12:21:48.194"/>
</kw>
<kw name="Input Text" library="SeleniumLibrary">
<arg>//input[@id='name']</arg>
<arg>veenu</arg>
<doc>Types the given ``text`` into the text field identified by ``locator``.</doc>
<msg timestamp="20230823 12:21:48.196" level="INFO">Typing text 'veenu' into text field '//input[@id='name']'.</msg>
<status status="PASS" starttime="20230823 12:21:48.194" endtime="20230823 12:21:48.578"/>
</kw>
<kw name="Input Text" library="SeleniumLibrary">
<arg>//input[@id='email']</arg>
<arg>veenu@gmail.com</arg>
<doc>Types the given ``text`` into the text field identified by ``locator``.</doc>
<msg timestamp="20230823 12:21:48.579" level="INFO">Typing text 'veenu@gmail.com' into text field '//input[@id='email']'.</msg>
<status status="PASS" starttime="20230823 12:21:48.578" endtime="20230823 12:21:48.888"/>
</kw>
<kw name="Select Radio Button" library="SeleniumLibrary">
<arg>gender</arg>
<arg>male</arg>
<doc>Sets the radio button group ``group_name`` to ``value``.</doc>
<msg timestamp="20230823 12:21:48.889" level="INFO">Selecting 'male' from radio button 'gender'.</msg>
<status status="PASS" starttime="20230823 12:21:48.889" endtime="20230823 12:21:49.125"/>
</kw>
<kw name="Select Checkbox" library="SeleniumLibrary">
<arg>id:sunday</arg>
<doc>Selects the checkbox identified by ``locator``.</doc>
<msg timestamp="20230823 12:21:49.127" level="INFO">Selecting checkbox 'id:sunday'.</msg>
<status status="PASS" starttime="20230823 12:21:49.126" endtime="20230823 12:21:49.294"/>
</kw>
<kw name="Select Checkbox" library="SeleniumLibrary">
<arg>id:wednesday</arg>
<doc>Selects the checkbox identified by ``locator``.</doc>
<msg timestamp="20230823 12:21:49.295" level="INFO">Selecting checkbox 'id:wednesday'.</msg>
<status status="PASS" starttime="20230823 12:21:49.294" endtime="20230823 12:21:49.434"/>
</kw>
<kw name="Scroll Element Into View" library="SeleniumLibrary">
<arg>//label[contains(text(),'Country:')]</arg>
<doc>Scrolls the element identified by ``locator`` into view.</doc>
<status status="PASS" starttime="20230823 12:21:49.435" endtime="20230823 12:21:49.792"/>
</kw>
<kw name="Select From List By Label" library="SeleniumLibrary">
<arg>//select[@id='country']</arg>
<arg>India</arg>
<doc>Selects options from selection list ``locator`` by ``labels``.</doc>
<msg timestamp="20230823 12:21:49.794" level="INFO">Selecting options from selection list '//select[@id='country']' by label India.</msg>
<status status="PASS" starttime="20230823 12:21:49.793" endtime="20230823 12:21:50.027"/>
</kw>
<kw name="Set Selenium Implicit Wait" library="SeleniumLibrary">
<arg>1second</arg>
<doc>Sets the implicit wait value used by Selenium.</doc>
<status status="PASS" starttime="20230823 12:21:50.027" endtime="20230823 12:21:50.031"/>
</kw>
<kw name="Get Selenium Implicit Wait" library="SeleniumLibrary">
<var>${getseltimout}</var>
<doc>Gets the implicit wait value used by Selenium.</doc>
<msg timestamp="20230823 12:21:50.032" level="INFO">${getseltimout} = 1 second</msg>
<status status="PASS" starttime="20230823 12:21:50.032" endtime="20230823 12:21:50.032"/>
</kw>
<kw name="Log To Console" library="BuiltIn">
<arg>default Selenium timeout :${getseltimout}</arg>
<doc>Logs the given message to the console.</doc>
<status status="PASS" starttime="20230823 12:21:50.033" endtime="20230823 12:21:50.033"/>
</kw>
<kw name="Set Selenium Timeout" library="SeleniumLibrary">
<arg>3seconds</arg>
<doc>Sets the timeout that is used by various keywords.</doc>
<status status="PASS" starttime="20230823 12:21:50.034" endtime="20230823 12:21:50.036"/>
</kw>
<kw name="Get Selenium Timeout" library="SeleniumLibrary">
<var>${getseltimout}</var>
<doc>Gets the timeout that is used by various keywords.</doc>
<msg timestamp="20230823 12:21:50.037" level="INFO">${getseltimout} = 3 seconds</msg>
<status status="PASS" starttime="20230823 12:21:50.036" endtime="20230823 12:21:50.037"/>
</kw>
<kw name="Get Selenium Speed" library="SeleniumLibrary">
<var>${getselspeed}</var>
[...]
<msg timestamp="20230823 12:21:50.161" level="INFO">Selecting options from selection list '//select[@id='country']' by label India.</msg>
<status status="PASS" starttime="20230823 12:21:50.157" endtime="20230823 12:21:50.345"/>
</kw>
<kw name="Set Selenium Implicit Wait" library="SeleniumLibrary">
<arg>1second</arg>
<doc>Sets the implicit wait value used by Selenium.</doc>
<status status="PASS" starttime="20230823 12:21:50.345" endtime="20230823 12:21:50.348"/>
</kw>
<kw name="Get Selenium Implicit Wait" library="SeleniumLibrary">
<var>${getseltimout}</var>
<doc>Gets the implicit wait value used by Selenium.</doc>
<msg timestamp="20230823 12:21:50.349" level="INFO">${getseltimout} = 1 second</msg>
<status status="PASS" starttime="20230823 12:21:50.348" endtime="20230823 12:21:50.349"/>
</kw>
<kw name="Log To Console" library="BuiltIn">
<arg>default Selenium timeout :${getseltimout}</arg>
<doc>Logs the given message to the console.</doc>
<status status="PASS" starttime="20230823 12:21:50.350" endtime="20230823 12:21:50.351"/>
</kw>
<kw name="Set Selenium Timeout" library="SeleniumLibrary">
<arg>3seconds</arg>
<doc>Sets the timeout that is used by various keywords.</doc>
<status status="PASS" starttime="20230823 12:21:50.351" endtime="20230823 12:21:50.354"/>
</kw>
<kw name="Get Selenium Timeout" library="SeleniumLibrary">
<var>${getseltimout}</var>
<doc>Gets the timeout that is used by various keywords.</doc>
<msg timestamp="20230823 12:21:50.355" level="INFO">${getseltimout} = 3 seconds</msg>
<status status="PASS" starttime="20230823 12:21:50.354" endtime="20230823 12:21:50.355"/>
</kw>
<kw name="Get Selenium Speed" library="SeleniumLibrary">
<var>${getselspeed}</var>
<doc>Gets the delay that is waited after each Selenium command.</doc>
<msg timestamp="20230823 12:21:50.355" level="INFO">${getselspeed} = 0 seconds</msg>
<status status="PASS" starttime="20230823 12:21:50.355" endtime="20230823 12:21:50.355"/>
</kw>
<kw name="Log To Console" library="BuiltIn">
<arg>New Selenium timeout :</arg>
<arg>${getseltimout}</arg>
<doc>Logs the given message to the console.</doc>
<status status="PASS" starttime="20230823 12:21:50.356" endtime="20230823 12:21:50.356"/>
</kw>
<kw name="Log To Console" library="BuiltIn">
<arg>current selenium speed :</arg>
<arg>${getselspeed}</arg>
<doc>Logs the given message to the console.</doc>
<status status="PASS" starttime="20230823 12:21:50.357" endtime="20230823 12:21:50.358"/>
</kw>
<doc>Working on web elements</doc>
<tag>sanity</tag>
<status status="PASS" starttime="20230823 12:21:47.676" endtime="20230823 12:21:50.358"/>
</test>
<test id="s1-s5-t3" name="TC3" line="36">
<kw name="Get Element Count" library="SeleniumLibrary">
<var>${linkscount}</var>
<arg>xpath://a</arg>
<doc>Returns the number of elements matching ``locator``.</doc>
<msg timestamp="20230823 12:21:50.416" level="INFO">${linkscount} = 13</msg>
<status status="PASS" starttime="20230823 12:21:50.360" endtime="20230823 12:21:50.416"/>
</kw>
<kw name="Convert To Integer" library="BuiltIn">
<arg>${linkscount}</arg>
<doc>Converts the given item to an integer number.</doc>
<status status="PASS" starttime="20230823 12:21:50.416" endtime="20230823 12:21:50.417"/>
</kw>
<kw name="Log To Console" library="BuiltIn">
<arg>total links on page :${linkscount}</arg>
<doc>Logs the given message to the console.</doc>
<status status="PASS" starttime="20230823 12:21:50.417" endtime="20230823 12:21:50.418"/>
</kw>
<kw name="Create List" library="BuiltIn">
<var>@{allpagelinks}</var>
<doc>Returns a list containing given items.</doc>
<msg timestamp="20230823 12:21:50.419" level="INFO">@{allpagelinks} = [ ]</msg>
<status status="PASS" starttime="20230823 12:21:50.418" endtime="20230823 12:21:50.419"/>
</kw>
<for flavor="IN RANGE">
<var>${i}</var>
<value>1</value>
<value>${linkscount}+1</value>
<iter>
<var name="${i}">1</var>
<kw name="Get Text" library="SeleniumLibrary">
<var>${linkscount}</var>
<arg>xpath:(//a)[${i}]</arg>
<doc>Returns the text value of the element identified by ``locator``.</doc>
<msg timestamp="20230823 12:21:50.567" level="INFO">${linkscount} = </msg>
<status status="PASS" starttime="20230823 12:21:50.421" endtime="20230823 12:21:50.568"/>
</kw>
<kw name="Log To Console" library="BuiltIn">
<arg>${linkscount}</arg>
<doc>Logs the given message to the console.</doc>
<status status="PASS" starttime="20230823 12:21:50.568" endtime="20230823 12:21:50.569"/>
</kw>
<status status="PASS" starttime="20230823 12:21:50.420" endtime="20230823 12:21:50.569"/>
</iter>
<iter>
<var name="${i}">2</var>
<kw name="Get Text" library="SeleniumLibrary">
<var>${linkscount}</var>
<arg>xpath:(//a)[${i}]</arg>
<doc>Returns the text value of the element identified by ``locator``.</doc>
<msg timestamp="20230823 12:21:50.654" level="INFO">${linkscount} = open cart</msg>
<status status="PASS" starttime="20230823 12:21:50.570" endtime="20230823 12:21:50.654"/>
</kw>
<kw name="Log To Console" library="BuiltIn">
<arg>${linkscount}</arg>
<doc>Logs the given message to the console.</doc>
<status status="PASS" starttime="20230823 12:21:50.654" endtime="20230823 12:21:50.655"/>
</kw>
<status status="PASS" starttime="20230823 12:21:50.569" endtime="20230823 12:21:50.655"/>
</iter>
<iter>
<var name="${i}">3</var>
<kw name="Get Text" library="SeleniumLibrary">
<var>${linkscount}</var>
<arg>xpath:(//a)[${i}]</arg>
<doc>Returns the text value of the element identified by ``locator``.</doc>
<msg timestamp="20230823 12:21:50.699" level="INFO">${linkscount} = orange HRM</msg>
<status status="PASS" starttime="20230823 12:21:50.656" endtime="20230823 12:21:50.699"/>
</kw>
<kw name="Log To Console" library="BuiltIn">
<arg>${linkscount}</arg>
<doc>Logs the given message to the console.</doc>
<status status="PASS" starttime="20230823 12:21:50.700" endtime="20230823 12:21:50.700"/>
</kw>
<status status="PASS" starttime="20230823 12:21:50.656" endtime="20230823 12:21:50.701"/>
</iter>
<iter>
<var name="${i}">4</var>
<kw name="Get Text" library="SeleniumLibrary">
<var>${linkscount}</var>
<arg>xpath:(//a)[${i}]</arg>
<doc>Returns the text value of the element identified by ``locator``.</doc>
<msg timestamp="20230823 12:21:50.733" level="INFO">${linkscount} = Home</msg>
<status status="PASS" starttime="20230823 12:21:50.701" endtime="20230823 12:21:50.733"/>
</kw>
<kw name="Log To Console" library="BuiltIn">
<arg>${linkscount}</arg>
<doc>Logs the given message to the console.</doc>
<status status="PASS" starttime="20230823 12:21:50.733" endtime="20230823 12:21:50.734"/>
</kw>
<status status="PASS" starttime="20230823 12:21:50.701" endtime="20230823 12:21:50.734"/>
</iter>
<iter>
<var name="${i}">5</var>
<kw name="Get Text" library="SeleniumLibrary">
<var>${linkscount}</var>
<arg>xpath:(//a)[${i}]</arg>
<doc>Returns the text value of the element identified by ``locator``.</doc>
<msg timestamp="20230823 12:21:50.769" level="INFO">${linkscount} = Posts (Atom)</msg>
<status status="PASS" starttime="20230823 12:21:50.735" endtime="20230823 12:21:50.769"/>
</kw>
<kw name="Log To Console" library="BuiltIn">
<arg>${linkscount}</arg>
<doc>Logs the given message to the console.</doc>
<status status="PASS" starttime="20230823 12:21:50.770" endtime="20230823 12:21:50.770"/>
</kw>
<status status="PASS" starttime="20230823 12:21:50.734" endtime="20230823 12:21:50.771"/>
</iter>
<iter>
<var name="${i}">6</var>
<kw name="Get Text" library="SeleniumLibrary">
<var>${linkscount}</var>
<arg>xpath:(//a)[${i}]</arg>
<doc>Returns the text value of the element identified by ``locator``.</doc>
<msg timestamp="20230823 12:21:50.817" level="INFO">${linkscount} = 1</msg>
<status status="PASS" starttime="20230823 12:21:50.771" endtime="20230823 12:21:50.817"/>
</kw>
<kw name="Log To Console" library="BuiltIn">
<arg>${linkscount}</arg>
<doc>Logs the given message to the console.</doc>
<status status="PASS" starttime="20230823 12:21:50.817" endtime="20230823 12:21:50.818"/>
</kw>
<status status="PASS" starttime="20230823 12:21:50.771" endtime="20230823 12:21:50.818"/>
</iter>
<iter>
<var name="${i}">7</var>
<kw name="Get Text" library="SeleniumLibrary">
<var>${linkscount}</var>
<arg>xpath:(//a)[${i}]</arg>
<doc>Returns the text value of the element identified by ``locator``.</doc>
<msg timestamp="20230823 12:21:50.887" level="INFO">${linkscount} = 2</msg>
<status status="PASS" starttime="20230823 12:21:50.819" endtime="20230823 12:21:50.887"/>
</kw>
<kw name="Log To Console" library="BuiltIn">
<arg>${linkscount}</arg>
<doc>Logs the given message to the console.</doc>
<status status="PASS" starttime="20230823 12:21:50.887" endtime="20230823 12:21:50.888"/>
</kw>
<status status="PASS" starttime="20230823 12:21:50.819" endtime="20230823 12:21:50.888"/>
</iter>
<iter>
<var name="${i}">8</var>
<kw name="Get Text" library="SeleniumLibrary">
<var>${linkscount}</var>
<arg>xpath:(//a)[${i}]</arg>
<doc>Returns the text value of the element identified by ``locator``.</doc>
<msg timestamp="20230823 12:21:50.923" level="INFO">${linkscount} = 3</msg>
<status status="PASS" starttime="20230823 12:21:50.889" endtime="20230823 12:21:50.923"/>
</kw>
<kw name="Log To Console" library="BuiltIn">
<arg>${linkscount}</arg>
<doc>Logs the given message to the console.</doc>
<status status="PASS" starttime="20230823 12:21:50.924" endtime="20230823 12:21:50.924"/>
</kw>
<status status="PASS" starttime="20230823 12:21:50.889" endtime="20230823 12:21:50.925"/>
</iter>
<iter>
<var name="${i}">9</var>
<kw name="Get Text" library="SeleniumLibrary">
<var>${linkscount}</var>
<arg>xpath:(//a)[${i}]</arg>
<doc>Returns the text value of the element identified by ``locator``.</doc>
<msg timestamp="20230823 12:21:51.083" level="INFO">${linkscount} = 4</msg>
<status status="PASS" starttime="20230823 12:21:50.925" endtime="20230823 12:21:51.083"/>
</kw>
<kw name="Log To Console" library="BuiltIn">
<arg>${linkscount}</arg>
<doc>Logs the given message to the console.</doc>
<status status="PASS" starttime="20230823 12:21:51.083" endtime="20230823 12:21:51.084"/>
</kw>
<status status="PASS" starttime="20230823 12:21:50.925" endtime="20230823 12:21:51.084"/>
</iter>
<iter>
<var name="${i}">10</var>
<kw name="Get Text" library="SeleniumLibrary">
<var>${linkscount}</var>
<arg>xpath:(//a)[${i}]</arg>
<doc>Returns the text value of the element identified by ``locator``.</doc>
<msg timestamp="20230823 12:21:51.168" level="INFO">${linkscount} = </msg>
<status status="PASS" starttime="20230823 12:21:51.085" endtime="20230823 12:21:51.168"/>
</kw>
<kw name="Log To Console" library="BuiltIn">
<arg>${linkscount}</arg>
<doc>Logs the given message to the console.</doc>
<status status="PASS" starttime="20230823 12:21:51.169" endtime="20230823 12:21:51.170"/>
</kw>
<status status="PASS" starttime="20230823 12:21:51.084" endtime="20230823 12:21:51.170"/>
</iter>
<iter>
<var name="${i}">11</var>
<kw name="Get Text" library="SeleniumLibrary">
<var>${linkscount}</var>
<arg>xpath:(//a)[${i}]</arg>
<doc>Returns the text value of the element identified by ``locator``.</doc>
<msg timestamp="20230823 12:21:51.205" level="INFO">${linkscount} = </msg>
<status status="PASS" starttime="20230823 12:21:51.171" endtime="20230823 12:21:51.205"/>
</kw>
<kw name="Log To Console" library="BuiltIn">
<arg>${linkscount}</arg>
<doc>Logs the given message to the console.</doc>
<status status="PASS" starttime="20230823 12:21:51.205" endtime="20230823 12:21:51.206"/>
</kw>
<status status="PASS" starttime="20230823 12:21:51.171" endtime="20230823 12:21:51.206"/>
</iter>
<iter>
<var name="${i}">12</var>
<kw name="Get Text" library="SeleniumLibrary">
<var>${linkscount}</var>
<arg>xpath:(//a)[${i}]</arg>
<doc>Returns the text value of the element identified by ``locator``.</doc>
<msg timestamp="20230823 12:21:51.240" level="INFO">${linkscount} = mariusFM77</msg>
<status status="PASS" starttime="20230823 12:21:51.207" endtime="20230823 12:21:51.240"/>
</kw>
<kw name="Log To Console" library="BuiltIn">
<arg>${linkscount}</arg>
<doc>Logs the given message to the console.</doc>
<status status="PASS" starttime="20230823 12:21:51.240" endtime="20230823 12:21:51.241"/>
</kw>
<status status="PASS" starttime="20230823 12:21:51.206" endtime="20230823 12:21:51.241"/>
</iter>
<iter>
<var name="${i}">13</var>
<kw name="Get Text" library="SeleniumLibrary">
<var>${linkscount}</var>
<arg>xpath:(//a)[${i}]</arg>
<doc>Returns the text value of the element identified by ``locator``.</doc>
<msg timestamp="20230823 12:21:51.272" level="INFO">${linkscount} = Blogger</msg>
<status status="PASS" starttime="20230823 12:21:51.242" endtime="20230823 12:21:51.272"/>
</kw>
<kw name="Log To Console" library="BuiltIn">
<arg>${linkscount}</arg>
<doc>Logs the given message to the console.</doc>
<status status="PASS" starttime="20230823 12:21:51.273" endtime="20230823 12:21:51.274"/>
</kw>
<status status="PASS" starttime="20230823 12:21:51.241" endtime="20230823 12:21:51.274"/>
</iter>
<status status="PASS" starttime="20230823 12:21:50.419" endtime="20230823 12:21:51.274"/>
</for>
<doc>getting list count and names</doc>
<tag>regression</tag>
<status status="PASS" starttime="20230823 12:21:50.359" endtime="20230823 12:21:51.274"/>
</test>
<test id="s1-s5-t4" name="TC4" line="48">
<kw name="Get Element Count" library="SeleniumLibrary">
<var>${textscount}</var>
<arg>xpath://input[@type="text"]</arg>
<doc>Returns the number of elements matching ``locator``.</doc>
<msg timestamp="20230823 12:21:51.296" level="INFO">${textscount} = 7</msg>
<status status="PASS" starttime="20230823 12:21:51.276" endtime="20230823 12:21:51.296"/>
</kw>
<kw name="Log To Console" library="BuiltIn">
<arg>total textboxes on page :${textscount}</arg>
<doc>Logs the given message to the console.</doc>
<status status="PASS" starttime="20230823 12:21:51.296" endtime="20230823 12:21:51.297"/>
</kw>
<for flavor="IN RANGE">
<var>${i}</var>
<value>1</value>
<value>${textscount}</value>
<iter>
<var name="${i}">1</var>
<kw name="Get Text" library="SeleniumLibrary">
<var>${textnames}</var>
<arg>xpath:(//input)[${i}]</arg>
<doc>Returns the text value of the element identified by ``locator``.</doc>
<msg timestamp="20230823 12:21:51.330" level="INFO">${textnames} = </msg>
<status status="PASS" starttime="20230823 12:21:51.299" endtime="20230823 12:21:51.330"/>
</kw>
<kw name="Log To Console" library="BuiltIn">
<arg>${textnames}</arg>
<doc>Logs the given message to the console.</doc>
<status status="PASS" starttime="20230823 12:21:51.330" endtime="20230823 12:21:51.331"/>
</kw>
<status status="PASS" starttime="20230823 12:21:51.298" endtime="20230823 12:21:51.331"/>
</iter>
<iter>
<var name="${i}">2</var>
<kw name="Get Text" library="SeleniumLibrary">
<var>${textnames}</var>
<arg>xpath:(//input)[${i}]</arg>
<doc>Returns the text value of the element identified by ``locator``.</doc>
<msg timestamp="20230823 12:21:51.375" level="INFO">${textnames} = </msg>
<status status="PASS" starttime="20230823 12:21:51.332" endtime="20230823 12:21:51.375"/>
</kw>
<kw name="Log To Console" library="BuiltIn">
<arg>${textnames}</arg>
<doc>Logs the given message to the console.</doc>
<status status="PASS" starttime="20230823 12:21:51.375" endtime="20230823 12:21:51.376"/>
</kw>
<status status="PASS" starttime="20230823 12:21:51.332" endtime="20230823 12:21:51.376"/>
</iter>
<iter>
<var name="${i}">3</var>
<kw name="Get Text" library="SeleniumLibrary">
<var>${textnames}</var>
<arg>xpath:(//input)[${i}]</arg>
<doc>Returns the text value of the element identified by ``locator``.</doc>
<msg timestamp="20230823 12:21:51.417" level="INFO">${textnames} = </msg>
<status status="PASS" starttime="20230823 12:21:51.377" endtime="20230823 12:21:51.418"/>
</kw>
<kw name="Log To Console" library="BuiltIn">
<arg>${textnames}</arg>
<doc>Logs the given message to the console.</doc>
<status status="PASS" starttime="20230823 12:21:51.418" endtime="20230823 12:21:51.418"/>
</kw>
<status status="PASS" starttime="20230823 12:21:51.377" endtime="20230823 12:21:51.419"/>
</iter>
<iter>
<var name="${i}">4</var>
<kw name="Get Text" library="SeleniumLibrary">
<var>${textnames}</var>
<arg>xpath:(//input)[${i}]</arg>
<doc>Returns the text value of the element identified by ``locator``.</doc>
<msg timestamp="20230823 12:21:51.452" level="INFO">${textnames} = </msg>
<status status="PASS" starttime="20230823 12:21:51.419" endtime="20230823 12:21:51.452"/>
</kw>
<kw name="Log To Console" library="BuiltIn">
<arg>${textnames}</arg>
<doc>Logs the given message to the console.</doc>
<status status="PASS" starttime="20230823 12:21:51.453" endtime="20230823 12:21:51.453"/>
</kw>
<status status="PASS" starttime="20230823 12:21:51.419" endtime="20230823 12:21:51.453"/>
</iter>
<iter>
<var name="${i}">5</var>
<kw name="Get Text" library="SeleniumLibrary">
<var>${textnames}</var>
<arg>xpath:(//input)[${i}]</arg>
<doc>Returns the text value of the element identified by ``locator``.</doc>
<msg timestamp="20230823 12:21:51.484" level="INFO">${textnames} = </msg>
<status status="PASS" starttime="20230823 12:21:51.454" endtime="20230823 12:21:51.484"/>
</kw>
<kw name="Log To Console" library="BuiltIn">
<arg>${textnames}</arg>
<doc>Logs the given message to the console.</doc>
<status status="PASS" starttime="20230823 12:21:51.485" endtime="20230823 12:21:51.485"/>
</kw>
<status status="PASS" starttime="20230823 12:21:51.454" endtime="20230823 12:21:51.485"/>
</iter>
<iter>
<var name="${i}">6</var>
<kw name="Get Text" library="SeleniumLibrary">
<var>${textnames}</var>
<arg>xpath:(//input)[${i}]</arg>
<doc>Returns the text value of the element identified by ``locator``.</doc>
<msg timestamp="20230823 12:21:51.517" level="INFO">${textnames} = </msg>
<status status="PASS" starttime="20230823 12:21:51.486" endtime="20230823 12:21:51.517"/>
</kw>
<kw name="Log To Console" library="BuiltIn">
<arg>${textnames}</arg>
<doc>Logs the given message to the console.</doc>
<status status="PASS" starttime="20230823 12:21:51.518" endtime="20230823 12:21:51.518"/>
</kw>
<status status="PASS" starttime="20230823 12:21:51.486" endtime="20230823 12:21:51.519"/>
</iter>
<status status="PASS" starttime="20230823 12:21:51.297" endtime="20230823 12:21:51.519"/>
</for>
<kw name="Capture Page Screenshot" library="SeleniumLibrary">
<arg>C:/Users/Praveen/PycharmProjects/pythonProject6/screenshots/ssht1.png</arg>
<doc>Takes a screenshot of the current page and embeds it into a log file.</doc>
<msg timestamp="20230823 12:21:51.660" level="INFO" html="true">&lt;/td&gt;&lt;/tr&gt;&lt;tr&gt;&lt;td colspan="3"&gt;&lt;a href="../screenshots/ssht1.png"&gt;&lt;img src="../screenshots/ssht1.png" width="800px"&gt;&lt;/a&gt;</msg>
<status status="PASS" starttime="20230823 12:21:51.519" endtime="20230823 12:21:51.660"/>
</kw>
<doc>getting textbox count and names</doc>
<tag>unit</tag>
<status status="PASS" starttime="20230823 12:21:51.275" endtime="20230823 12:21:51.660"/>
</test>
<status status="PASS" starttime="20230823 12:21:34.149" endtime="20230823 12:21:51.662"/>
</suite>
<doc>[https://pabot.org/?ref=log|Pabot] result from 5 executions.</doc>
<status status="FAIL" starttime="20230823 12:21:34.030" endtime="20230823 12:21:52.355"/>
</suite>
<statistics>
<total>
<stat pass="19" fail="1" skip="0">All Tests</stat>
</total>
<tag>
<stat pass="5" fail="0" skip="0">regression</stat>
<stat pass="9" fail="1" skip="0">sanity</stat>
<stat pass="5" fail="0" skip="0">unit</stat>
</tag>
<suite>
<stat pass="19" fail="1" skip="0" id="s1" name="TestCases">TestCases</stat>
<stat pass="4" fail="0" skip="0" id="s1-s1" name="Sample1">TestCases.Sample1</stat>
<stat pass="4" fail="0" skip="0" id="s1-s2" name="Sample2">TestCases.Sample2</stat>
<stat pass="3" fail="1" skip="0" id="s1-s3" name="Sample3">TestCases.Sample3</stat>
<stat pass="4" fail="0" skip="0" id="s1-s4" name="Sample4">TestCases.Sample4</stat>
<stat pass="4" fail="0" skip="0" id="s1-s5" name="Sample5">TestCases.Sample5</stat>
</suite>
</statistics>
<errors>
</errors>
</robot>
